-------------------------------------------------------------------------------------------   (26/01/2023 15:34:11)
   (26/01/2023 15:34:39)
   (26/01/2023 15:34:39)
-------------------------   (26/01/2023 15:34:39)
nombre de classes : 19   (26/01/2023 15:34:40)
   (26/01/2023 15:34:41)
-------------------------------------------------------------------------------------------   (26/01/2023 15:34:41)
-------------------------------------------------------------------------------------------   (26/01/2023 15:34:41)
-------------------------------------------------------------------------------------------   (26/01/2023 15:34:41)
Phase 1 : Prédictions pour le traitement des images dans jeutest1   (26/01/2023 15:34:41)
debut   (26/01/2023 15:34:41)
classifier = 18   (26/01/2023 15:34:41)
base : 6   (26/01/2023 15:34:43)
nbepochs : 160   (26/01/2023 15:34:43)
recuperation du fichier weights   (26/01/2023 15:34:43)
Cow pas dans labels   (26/01/2023 15:34:43)
Cow pas dans labels   (26/01/2023 15:34:43)
Cow pas dans labels   (26/01/2023 15:34:43)
Cow pas dans labels   (26/01/2023 15:34:43)
Cow pas dans labels   (26/01/2023 15:34:43)
Cow pas dans labels   (26/01/2023 15:34:43)
Cow pas dans labels   (26/01/2023 15:34:43)
Cow pas dans labels   (26/01/2023 15:34:43)
Cow pas dans labels   (26/01/2023 15:34:43)
Cow pas dans labels   (26/01/2023 15:34:43)
Cow pas dans labels   (26/01/2023 15:34:43)
Cow pas dans labels   (26/01/2023 15:34:43)
Cow pas dans labels   (26/01/2023 15:34:43)
Cow pas dans labels   (26/01/2023 15:34:43)
Cow pas dans labels   (26/01/2023 15:34:43)
Cow pas dans labels   (26/01/2023 15:34:43)
Cow pas dans labels   (26/01/2023 15:34:43)
Cow pas dans labels   (26/01/2023 15:34:43)
Cow pas dans labels   (26/01/2023 15:34:43)
Cow pas dans labels   (26/01/2023 15:34:43)
Cow pas dans labels   (26/01/2023 15:34:43)
Cow pas dans labels   (26/01/2023 15:34:43)
Cow pas dans labels   (26/01/2023 15:34:43)
Cow pas dans labels   (26/01/2023 15:34:43)
Duck pas dans labels   (26/01/2023 15:34:43)
Duck pas dans labels   (26/01/2023 15:34:43)
Duck pas dans labels   (26/01/2023 15:34:43)
Duck pas dans labels   (26/01/2023 15:34:43)
Duck pas dans labels   (26/01/2023 15:34:43)
Duck pas dans labels   (26/01/2023 15:34:43)
Duck pas dans labels   (26/01/2023 15:34:43)
Duck pas dans labels   (26/01/2023 15:34:43)
Duck pas dans labels   (26/01/2023 15:34:43)
Duck pas dans labels   (26/01/2023 15:34:43)
Duck pas dans labels   (26/01/2023 15:34:44)
Duck pas dans labels   (26/01/2023 15:34:44)
Duck pas dans labels   (26/01/2023 15:34:44)
Duck pas dans labels   (26/01/2023 15:34:44)
Duck pas dans labels   (26/01/2023 15:34:44)
Duck pas dans labels   (26/01/2023 15:34:44)
Duck pas dans labels   (26/01/2023 15:34:44)
Duck pas dans labels   (26/01/2023 15:34:44)
Duck pas dans labels   (26/01/2023 15:34:44)
Duck pas dans labels   (26/01/2023 15:34:44)
Duck pas dans labels   (26/01/2023 15:34:44)
Duck pas dans labels   (26/01/2023 15:34:44)
Duck pas dans labels   (26/01/2023 15:34:44)
Duck pas dans labels   (26/01/2023 15:34:44)
Duck pas dans labels   (26/01/2023 15:34:44)
Duck pas dans labels   (26/01/2023 15:34:44)
Duck pas dans labels   (26/01/2023 15:34:44)
Duck pas dans labels   (26/01/2023 15:34:44)
Duck pas dans labels   (26/01/2023 15:34:44)
Duck pas dans labels   (26/01/2023 15:34:44)
Duck pas dans labels   (26/01/2023 15:34:44)
Duck pas dans labels   (26/01/2023 15:34:44)
Duck pas dans labels   (26/01/2023 15:34:44)
Duck pas dans labels   (26/01/2023 15:34:44)
Duck pas dans labels   (26/01/2023 15:34:44)
Duck pas dans labels   (26/01/2023 15:34:44)
Duck pas dans labels   (26/01/2023 15:34:44)
Duck pas dans labels   (26/01/2023 15:34:44)
Duck pas dans labels   (26/01/2023 15:34:44)
Duck pas dans labels   (26/01/2023 15:34:44)
Duck pas dans labels   (26/01/2023 15:34:44)
Duck pas dans labels   (26/01/2023 15:34:44)
Duck pas dans labels   (26/01/2023 15:34:44)
Duck pas dans labels   (26/01/2023 15:34:44)
Duck pas dans labels   (26/01/2023 15:34:44)
Duck pas dans labels   (26/01/2023 15:34:44)
Duck pas dans labels   (26/01/2023 15:34:44)
Duck pas dans labels   (26/01/2023 15:34:44)
Duck pas dans labels   (26/01/2023 15:34:44)
Duck pas dans labels   (26/01/2023 15:34:44)
Duck pas dans labels   (26/01/2023 15:34:44)
Duck pas dans labels   (26/01/2023 15:34:44)
Duck pas dans labels   (26/01/2023 15:34:44)
Duck pas dans labels   (26/01/2023 15:34:44)
Duck pas dans labels   (26/01/2023 15:34:44)
Duck pas dans labels   (26/01/2023 15:34:44)
Duck pas dans labels   (26/01/2023 15:34:44)
Duck pas dans labels   (26/01/2023 15:34:44)
Duck pas dans labels   (26/01/2023 15:34:44)
Duck pas dans labels   (26/01/2023 15:34:44)
Duck pas dans labels   (26/01/2023 15:34:44)
Duck pas dans labels   (26/01/2023 15:34:44)
Duck pas dans labels   (26/01/2023 15:34:44)
Duck pas dans labels   (26/01/2023 15:34:44)
Duck pas dans labels   (26/01/2023 15:34:44)
Duck pas dans labels   (26/01/2023 15:34:44)
Duck pas dans labels   (26/01/2023 15:34:44)
Duck pas dans labels   (26/01/2023 15:34:44)
Duck pas dans labels   (26/01/2023 15:34:44)
Duck pas dans labels   (26/01/2023 15:34:44)
Duck pas dans labels   (26/01/2023 15:34:44)
Duck pas dans labels   (26/01/2023 15:34:44)
Duck pas dans labels   (26/01/2023 15:34:44)
Duck pas dans labels   (26/01/2023 15:34:44)
Duck pas dans labels   (26/01/2023 15:34:44)
Duck pas dans labels   (26/01/2023 15:34:45)
Duck pas dans labels   (26/01/2023 15:34:45)
Duck pas dans labels   (26/01/2023 15:34:45)
Duck pas dans labels   (26/01/2023 15:34:45)
Duck pas dans labels   (26/01/2023 15:34:45)
Duck pas dans labels   (26/01/2023 15:34:45)
Duck pas dans labels   (26/01/2023 15:34:45)
Duck pas dans labels   (26/01/2023 15:34:45)
Duck pas dans labels   (26/01/2023 15:34:45)
Duck pas dans labels   (26/01/2023 15:34:45)
Duck pas dans labels   (26/01/2023 15:34:45)
Duck pas dans labels   (26/01/2023 15:34:45)
Duck pas dans labels   (26/01/2023 15:34:45)
Monkey pas dans labels   (26/01/2023 15:34:45)
Monkey pas dans labels   (26/01/2023 15:34:45)
Monkey pas dans labels   (26/01/2023 15:34:45)
Monkey pas dans labels   (26/01/2023 15:34:45)
Monkey pas dans labels   (26/01/2023 15:34:45)
Monkey pas dans labels   (26/01/2023 15:34:45)
Monkey pas dans labels   (26/01/2023 15:34:45)
Monkey pas dans labels   (26/01/2023 15:34:45)
Monkey pas dans labels   (26/01/2023 15:34:45)
Monkey pas dans labels   (26/01/2023 15:34:45)
Monkey pas dans labels   (26/01/2023 15:34:45)
Monkey pas dans labels   (26/01/2023 15:34:45)
Monkey pas dans labels   (26/01/2023 15:34:45)
Monkey pas dans labels   (26/01/2023 15:34:45)
Monkey pas dans labels   (26/01/2023 15:34:45)
Monkey pas dans labels   (26/01/2023 15:34:45)
Monkey pas dans labels   (26/01/2023 15:34:45)
Monkey pas dans labels   (26/01/2023 15:34:45)
Monkey pas dans labels   (26/01/2023 15:34:45)
Monkey pas dans labels   (26/01/2023 15:34:45)
Monkey pas dans labels   (26/01/2023 15:34:45)
Monkey pas dans labels   (26/01/2023 15:34:45)
Monkey pas dans labels   (26/01/2023 15:34:45)
Monkey pas dans labels   (26/01/2023 15:34:45)
Monkey pas dans labels   (26/01/2023 15:34:45)
Monkey pas dans labels   (26/01/2023 15:34:45)
Monkey pas dans labels   (26/01/2023 15:34:45)
Monkey pas dans labels   (26/01/2023 15:34:45)
Monkey pas dans labels   (26/01/2023 15:34:45)
Monkey pas dans labels   (26/01/2023 15:34:45)
Monkey pas dans labels   (26/01/2023 15:34:45)
Monkey pas dans labels   (26/01/2023 15:34:45)
Monkey pas dans labels   (26/01/2023 15:34:45)
Monkey pas dans labels   (26/01/2023 15:34:45)
Monkey pas dans labels   (26/01/2023 15:34:45)
Monkey pas dans labels   (26/01/2023 15:34:45)
Monkey pas dans labels   (26/01/2023 15:34:45)
Monkey pas dans labels   (26/01/2023 15:34:45)
Monkey pas dans labels   (26/01/2023 15:34:45)
Monkey pas dans labels   (26/01/2023 15:34:45)
Monkey pas dans labels   (26/01/2023 15:34:45)
Monkey pas dans labels   (26/01/2023 15:34:45)
Monkey pas dans labels   (26/01/2023 15:34:45)
Monkey pas dans labels   (26/01/2023 15:34:45)
Monkey pas dans labels   (26/01/2023 15:34:45)
Monkey pas dans labels   (26/01/2023 15:34:45)
Monkey pas dans labels   (26/01/2023 15:34:45)
Monkey pas dans labels   (26/01/2023 15:34:45)
Monkey pas dans labels   (26/01/2023 15:34:45)
Monkey pas dans labels   (26/01/2023 15:34:45)
Monkey pas dans labels   (26/01/2023 15:34:46)
Monkey pas dans labels   (26/01/2023 15:34:46)
Monkey pas dans labels   (26/01/2023 15:34:46)
Monkey pas dans labels   (26/01/2023 15:34:46)
Monkey pas dans labels   (26/01/2023 15:34:46)
Monkey pas dans labels   (26/01/2023 15:34:46)
Monkey pas dans labels   (26/01/2023 15:34:46)
Monkey pas dans labels   (26/01/2023 15:34:46)
Monkey pas dans labels   (26/01/2023 15:34:46)
Monkey pas dans labels   (26/01/2023 15:34:46)
Monkey pas dans labels   (26/01/2023 15:34:46)
Monkey pas dans labels   (26/01/2023 15:34:46)
Pig pas dans labels   (26/01/2023 15:34:46)
Pig pas dans labels   (26/01/2023 15:34:46)
Pig pas dans labels   (26/01/2023 15:34:46)
Pig pas dans labels   (26/01/2023 15:34:46)
Pig pas dans labels   (26/01/2023 15:34:46)
Pig pas dans labels   (26/01/2023 15:34:46)
Pig pas dans labels   (26/01/2023 15:34:46)
Pig pas dans labels   (26/01/2023 15:34:46)
Pig pas dans labels   (26/01/2023 15:34:46)
Pig pas dans labels   (26/01/2023 15:34:46)
Pig pas dans labels   (26/01/2023 15:34:46)
Pig pas dans labels   (26/01/2023 15:34:46)
Pig pas dans labels   (26/01/2023 15:34:46)
Pig pas dans labels   (26/01/2023 15:34:46)
Pig pas dans labels   (26/01/2023 15:34:46)
Pig pas dans labels   (26/01/2023 15:34:46)
Pig pas dans labels   (26/01/2023 15:34:46)
Pig pas dans labels   (26/01/2023 15:34:46)
Pig pas dans labels   (26/01/2023 15:34:46)
Pig pas dans labels   (26/01/2023 15:34:46)
Pig pas dans labels   (26/01/2023 15:34:46)
Pig pas dans labels   (26/01/2023 15:34:46)
Pig pas dans labels   (26/01/2023 15:34:46)
Pig pas dans labels   (26/01/2023 15:34:46)
Pig pas dans labels   (26/01/2023 15:34:46)
Pig pas dans labels   (26/01/2023 15:34:46)
Pig pas dans labels   (26/01/2023 15:34:46)
Pig pas dans labels   (26/01/2023 15:34:46)
NOK  jeutest1/other--other--Enregistrement26--1--3733--35--8096--558.jpg   :   Class : Homsap -> 99.8   (26/01/2023 15:34:47)
NOK  jeutest1/other--other--Enregistrement26--100--4406--105--1033--10411.jpg   :   Class : noise -> 82.9   (26/01/2023 15:34:47)
NOK  jeutest1/other--other--Enregistrement26--101--750--9--9130--10473.jpg   :   Class : noise -> 93.7   (26/01/2023 15:34:48)
NOK  jeutest1/other--other--Enregistrement26--107--1626--10--3445--10681.jpg   :   Class : Homsap -> 100.0   (26/01/2023 15:34:48)
NOK  jeutest1/other--other--Enregistrement26--109--1285--15--4995--10854.jpg   :   Class : Homsap -> 99.9   (26/01/2023 15:34:48)
NOK  jeutest1/other--other--Enregistrement26--110--900--9--2583--10858.jpg   :   Class : Homsap -> 100.0   (26/01/2023 15:34:48)
NOK  jeutest1/other--other--Enregistrement26--111--1216--22--1378--10940.jpg   :   Class : Homsap -> 99.7   (26/01/2023 15:34:48)
NOK  jeutest1/other--other--Enregistrement26--112--3976--47--9130--11059.jpg   :   Class : Homsap -> 98.1   (26/01/2023 15:34:49)
NOK  jeutest1/other--other--Enregistrement26--116--4939--55--9130--11566.jpg   :   Class : Homsap -> 60.0   (26/01/2023 15:34:49)
NOK  jeutest1/other--other--Enregistrement26--120--680--11--6201--11778.jpg   :   Class : Homsap -> 98.4   (26/01/2023 15:34:49)
NOK  jeutest1/other--other--Enregistrement26--121--4944--41--9646--11805.jpg   :   Class : Homsap -> 68.0   (26/01/2023 15:34:49)
NOK  jeutest1/other--other--Enregistrement26--126--621--10--6201--12202.jpg   :   Class : plane -> 59.9   (26/01/2023 15:34:49)
NOK  jeutest1/other--other--Enregistrement26--127--704--18--5684--12218.jpg   :   Class : Homsap -> 42.0   (26/01/2023 15:34:49)
OK   jeutest1/other--other--Enregistrement26--128--730--10--6201--12239.jpg   :   Class : other -> 55.9   (26/01/2023 15:34:50)
NOK  jeutest1/other--other--Enregistrement26--134--836--18--2239--12732.jpg   :   Class : Homsap -> 85.2   (26/01/2023 15:34:50)
NOK  jeutest1/other--other--Enregistrement26--136--6103--62--7924--12933.jpg   :   Class : Homsap -> 87.8   (26/01/2023 15:34:50)
NOK  jeutest1/other--other--Enregistrement26--139--6096--211--8096--13245.jpg   :   Class : Homsap -> 97.5   (26/01/2023 15:34:50)
NOK  jeutest1/other--other--Enregistrement26--140--1898--11--9130--13446.jpg   :   Class : Homsap -> 98.5   (26/01/2023 15:34:50)
NOK  jeutest1/other--other--Enregistrement26--141--3336--27--6201--13459.jpg   :   Class : Homsap -> 52.7   (26/01/2023 15:34:50)
NOK  jeutest1/other--other--Enregistrement26--143--601--12--861--13541.jpg   :   Class : noise -> 58.5   (26/01/2023 15:34:51)
NOK  jeutest1/other--other--Enregistrement26--147--5102--70--7924--13605.jpg   :   Class : Homsap -> 74.8   (26/01/2023 15:34:51)
NOK  jeutest1/other--other--Enregistrement26--148--623--10--6546--13679.jpg   :   Class : noise -> 83.7   (26/01/2023 15:34:51)
NOK  jeutest1/other--other--Enregistrement26--152--1135--15--6546--13765.jpg   :   Class : noise -> 50.2   (26/01/2023 15:34:51)
NOK  jeutest1/other--other--Enregistrement26--153--647--14--2928--13765.jpg   :   Class : noise -> 89.3   (26/01/2023 15:34:51)
NOK  jeutest1/other--other--Enregistrement26--154--736--13--5684--13795.jpg   :   Class : noise -> 95.9   (26/01/2023 15:34:52)
NOK  jeutest1/other--other--Enregistrement26--155--4869--85--4478--13816.jpg   :   Class : noise -> 79.1   (26/01/2023 15:34:52)
NOK  jeutest1/other--other--Enregistrement26--157--1456--50--5684--13937.jpg   :   Class : Homsap -> 97.3   (26/01/2023 15:34:52)
NOK  jeutest1/other--other--Enregistrement26--158--1342--39--9819--13937.jpg   :   Class : Homsap -> 78.1   (26/01/2023 15:34:52)
NOK  jeutest1/other--other--Enregistrement26--160--1011--9--8268--14214.jpg   :   Class : Homsap -> 35.2   (26/01/2023 15:34:52)
NOK  jeutest1/other--other--Enregistrement26--163--1085--99--9991--14439.jpg   :   Class : noise -> 85.6   (26/01/2023 15:34:53)
NOK  jeutest1/other--other--Enregistrement26--166--4058--75--3962--14634.jpg   :   Class : Homsap -> 39.0   (26/01/2023 15:34:53)
NOK  jeutest1/other--other--Enregistrement26--168--2323--79--9819--14743.jpg   :   Class : Homsap -> 81.6   (26/01/2023 15:34:53)
NOK  jeutest1/other--other--Enregistrement26--169--999--18--861--15092.jpg   :   Class : Homsap -> 98.9   (26/01/2023 15:34:53)
NOK  jeutest1/other--other--Enregistrement26--170--1841--34--6718--15126.jpg   :   Class : Homsap -> 99.7   (26/01/2023 15:34:53)
NOK  jeutest1/other--other--Enregistrement26--19--4225--20--8785--2501.jpg   :   Class : noise -> 99.8   (26/01/2023 15:34:54)
NOK  jeutest1/other--other--Enregistrement26--22--4442--23--8957--2678.jpg   :   Class : noise -> 99.6   (26/01/2023 15:34:54)
NOK  jeutest1/other--other--Enregistrement26--23--4029--21--6718--2811.jpg   :   Class : noise -> 98.0   (26/01/2023 15:34:54)
NOK  jeutest1/other--other--Enregistrement26--24--3336--21--6718--2955.jpg   :   Class : noise -> 91.6   (26/01/2023 15:34:54)
NOK  jeutest1/other--other--Enregistrement26--25--3574--20--4995--3118.jpg   :   Class : noise -> 87.6   (26/01/2023 15:34:54)
NOK  jeutest1/other--other--Enregistrement26--28--3883--26--4995--3473.jpg   :   Class : noise -> 99.6   (26/01/2023 15:34:54)
NOK  jeutest1/other--other--Enregistrement26--32--3234--13--4134--3817.jpg   :   Class : noise -> 90.3   (26/01/2023 15:34:55)
NOK  jeutest1/other--other--Enregistrement26--33--1573--15--1205--4018.jpg   :   Class : noise -> 64.5   (26/01/2023 15:34:55)
NOK  jeutest1/other--other--Enregistrement26--35--2289--17--8785--4210.jpg   :   Class : noise -> 99.8   (26/01/2023 15:34:55)
NOK  jeutest1/other--other--Enregistrement26--38--1928--15--9819--4464.jpg   :   Class : noise -> 97.3   (26/01/2023 15:34:55)
NOK  jeutest1/other--other--Enregistrement26--39--608--17--9991--4482.jpg   :   Class : noise -> 99.4   (26/01/2023 15:34:55)
NOK  jeutest1/other--other--Enregistrement26--40--3000--34--4134--4580.jpg   :   Class : noise -> 99.8   (26/01/2023 15:34:56)
NOK  jeutest1/other--other--Enregistrement26--43--4293--30--3617--4835.jpg   :   Class : noise -> 99.9   (26/01/2023 15:34:56)
NOK  jeutest1/other--other--Enregistrement26--44--3992--52--3445--5015.jpg   :   Class : Homsap -> 90.6   (26/01/2023 15:34:56)
NOK  jeutest1/other--other--Enregistrement26--50--2390--95--1033--5874.jpg   :   Class : wind -> 99.3   (26/01/2023 15:34:56)
NOK  jeutest1/other--other--Enregistrement26--53--1016--10--7924--5923.jpg   :   Class : sirene -> 45.2   (26/01/2023 15:34:56)
OK   jeutest1/other--other--Enregistrement26--55--973--26--9646--6064.jpg   :   Class : other -> 40.9   (26/01/2023 15:34:57)
NOK  jeutest1/other--other--Enregistrement26--76--3196--237--9819--7454.jpg   :   Class : noise -> 70.5   (26/01/2023 15:34:57)
NOK  jeutest1/other--other--Enregistrement26--77--2730--542--9991--7710.jpg   :   Class : noise -> 61.6   (26/01/2023 15:34:57)
NOK  jeutest1/other--other--Enregistrement26--79--3253--130--9646--8275.jpg   :   Class : noise -> 52.9   (26/01/2023 15:34:57)
NOK  jeutest1/other--other--Enregistrement26--84--3207--139--9646--8647.jpg   :   Class : Homsap -> 91.5   (26/01/2023 15:34:57)
NOK  jeutest1/other--other--Enregistrement26--87--2779--171--9646--8817.jpg   :   Class : Homsap -> 55.0   (26/01/2023 15:34:58)
NOK  jeutest1/other--other--Enregistrement26--92--4060--91--1378--9401.jpg   :   Class : Homsap -> 99.3   (26/01/2023 15:34:58)
NOK  jeutest1/other--other--Enregistrement26--94--4288--77--3962--9681.jpg   :   Class : noise -> 100.0   (26/01/2023 15:34:58)
NOK  jeutest1/other--other--Enregistrement26--95--4470--96--861--9817.jpg   :   Class : noise -> 100.0   (26/01/2023 15:34:58)
NOK  jeutest1/other--other--Enregistrement26--98--4808--89--2239--10116.jpg   :   Class : noise -> 97.8   (26/01/2023 15:34:58)
NOK  jeutest1/other--other--Enregistrement26--99--4615--93--1033--10263.jpg   :   Class : noise -> 98.2   (26/01/2023 15:34:58)
-------------------------   (26/01/2023 15:34:59)
      other  :  2 / 61   --> 3.3 %   (26/01/2023 15:34:59)
numtest=18  : pourcentage de bonnes predictions : 3.3   (26/01/2023 15:34:59)
-------------------------   (26/01/2023 15:34:59)
Phase 2 : creation du fichier de prediction par ligne avec les 3 meilleures predictions pour chaque ligne   (26/01/2023 15:35:04)
phase2) ecriture ligne finale : other;other--other--Enregistrement26--1--3733--35--8096--558.jpg;Enregistrement26;1;Homsap;99.8;0;   (26/01/2023 15:35:04)
phase2) ecriture ligne finale : other;other--other--Enregistrement26--100--4406--105--1033--10411.jpg;Enregistrement26;100;noise;82.9;0;Homsap;17.0;0;   (26/01/2023 15:35:04)
phase2) ecriture ligne finale : other;other--other--Enregistrement26--101--750--9--9130--10473.jpg;Enregistrement26;101;noise;93.7;0;Homsap;6.3;0;   (26/01/2023 15:35:04)
phase2) ecriture ligne finale : other;other--other--Enregistrement26--107--1626--10--3445--10681.jpg;Enregistrement26;107;Homsap;100.0;0;   (26/01/2023 15:35:04)
phase2) ecriture ligne finale : other;other--other--Enregistrement26--109--1285--15--4995--10854.jpg;Enregistrement26;109;Homsap;99.9;0;   (26/01/2023 15:35:04)
phase2) ecriture ligne finale : other;other--other--Enregistrement26--110--900--9--2583--10858.jpg;Enregistrement26;110;Homsap;100.0;0;   (26/01/2023 15:35:04)
phase2) ecriture ligne finale : other;other--other--Enregistrement26--111--1216--22--1378--10940.jpg;Enregistrement26;111;Homsap;99.7;0;   (26/01/2023 15:35:04)
phase2) ecriture ligne finale : other;other--other--Enregistrement26--112--3976--47--9130--11059.jpg;Enregistrement26;112;Homsap;98.1;0;   (26/01/2023 15:35:04)
phase2) ecriture ligne finale : other;other--other--Enregistrement26--116--4939--55--9130--11566.jpg;Enregistrement26;116;Homsap;60.0;0;wind;32.4;0;noise;6.5;0;   (26/01/2023 15:35:04)
phase2) ecriture ligne finale : other;other--other--Enregistrement26--120--680--11--6201--11778.jpg;Enregistrement26;120;Homsap;98.4;0;   (26/01/2023 15:35:04)
phase2) ecriture ligne finale : other;other--other--Enregistrement26--121--4944--41--9646--11805.jpg;Enregistrement26;121;Homsap;68.0;0;noise;32.0;0;   (26/01/2023 15:35:04)
phase2) ecriture ligne finale : other;other--other--Enregistrement26--126--621--10--6201--12202.jpg;Enregistrement26;126;plane;59.9;0;insect;29.3;0;other;5.0;1;   (26/01/2023 15:35:04)
phase2) ecriture ligne finale : other;other--other--Enregistrement26--127--704--18--5684--12218.jpg;Enregistrement26;127;Homsap;42.0;0;plane;26.6;0;other;24.8;1;   (26/01/2023 15:35:04)
phase2) ecriture ligne finale : other;other--other--Enregistrement26--128--730--10--6201--12239.jpg;Enregistrement26;128;other;55.9;1;plane;28.7;0;insect;8.5;0;   (26/01/2023 15:35:04)
phase2) ecriture ligne finale : other;other--other--Enregistrement26--134--836--18--2239--12732.jpg;Enregistrement26;134;Homsap;85.2;0;plane;12.8;0;   (26/01/2023 15:35:04)
phase2) ecriture ligne finale : other;other--other--Enregistrement26--136--6103--62--7924--12933.jpg;Enregistrement26;136;Homsap;87.8;0;noise;11.8;0;   (26/01/2023 15:35:04)
phase2) ecriture ligne finale : other;other--other--Enregistrement26--139--6096--211--8096--13245.jpg;Enregistrement26;139;Homsap;97.5;0;   (26/01/2023 15:35:04)
phase2) ecriture ligne finale : other;other--other--Enregistrement26--140--1898--11--9130--13446.jpg;Enregistrement26;140;Homsap;98.5;0;   (26/01/2023 15:35:04)
phase2) ecriture ligne finale : other;other--other--Enregistrement26--141--3336--27--6201--13459.jpg;Enregistrement26;141;Homsap;52.7;0;noise;42.0;0;wind;4.8;0;   (26/01/2023 15:35:04)
phase2) ecriture ligne finale : other;other--other--Enregistrement26--143--601--12--861--13541.jpg;Enregistrement26;143;noise;58.5;0;Homsap;41.4;0;   (26/01/2023 15:35:04)
phase2) ecriture ligne finale : other;other--other--Enregistrement26--147--5102--70--7924--13605.jpg;Enregistrement26;147;Homsap;74.8;0;noise;16.4;0;wind;8.7;0;   (26/01/2023 15:35:04)
phase2) ecriture ligne finale : other;other--other--Enregistrement26--148--623--10--6546--13679.jpg;Enregistrement26;148;noise;83.7;0;Homsap;14.3;0;   (26/01/2023 15:35:04)
phase2) ecriture ligne finale : other;other--other--Enregistrement26--152--1135--15--6546--13765.jpg;Enregistrement26;152;noise;50.2;0;Homsap;49.8;0;   (26/01/2023 15:35:04)
phase2) ecriture ligne finale : other;other--other--Enregistrement26--153--647--14--2928--13765.jpg;Enregistrement26;153;noise;89.3;0;Homsap;8.6;0;   (26/01/2023 15:35:04)
phase2) ecriture ligne finale : other;other--other--Enregistrement26--154--736--13--5684--13795.jpg;Enregistrement26;154;noise;95.9;0;   (26/01/2023 15:35:04)
phase2) ecriture ligne finale : other;other--other--Enregistrement26--155--4869--85--4478--13816.jpg;Enregistrement26;155;noise;79.1;0;Homsap;13.2;0;corvide;4.6;0;   (26/01/2023 15:35:04)
phase2) ecriture ligne finale : other;other--other--Enregistrement26--157--1456--50--5684--13937.jpg;Enregistrement26;157;Homsap;97.3;0;   (26/01/2023 15:35:04)
phase2) ecriture ligne finale : other;other--other--Enregistrement26--158--1342--39--9819--13937.jpg;Enregistrement26;158;Homsap;78.1;0;noise;16.5;0;plane;3.6;0;   (26/01/2023 15:35:04)
phase2) ecriture ligne finale : other;other--other--Enregistrement26--160--1011--9--8268--14214.jpg;Enregistrement26;160;Homsap;35.2;0;noise;33.9;0;plane;29.8;0;   (26/01/2023 15:35:04)
phase2) ecriture ligne finale : other;other--other--Enregistrement26--163--1085--99--9991--14439.jpg;Enregistrement26;163;noise;85.6;0;Homsap;14.0;0;   (26/01/2023 15:35:05)
phase2) ecriture ligne finale : other;other--other--Enregistrement26--166--4058--75--3962--14634.jpg;Enregistrement26;166;Homsap;39.0;0;plane;19.0;0;camion;11.9;0;   (26/01/2023 15:35:05)
phase2) ecriture ligne finale : other;other--other--Enregistrement26--168--2323--79--9819--14743.jpg;Enregistrement26;168;Homsap;81.6;0;noise;18.2;0;   (26/01/2023 15:35:05)
phase2) ecriture ligne finale : other;other--other--Enregistrement26--169--999--18--861--15092.jpg;Enregistrement26;169;Homsap;98.9;0;   (26/01/2023 15:35:05)
phase2) ecriture ligne finale : other;other--other--Enregistrement26--170--1841--34--6718--15126.jpg;Enregistrement26;170;Homsap;99.7;0;   (26/01/2023 15:35:05)
phase2) ecriture ligne finale : other;other--other--Enregistrement26--19--4225--20--8785--2501.jpg;Enregistrement26;19;noise;99.8;0;   (26/01/2023 15:35:05)
phase2) ecriture ligne finale : other;other--other--Enregistrement26--22--4442--23--8957--2678.jpg;Enregistrement26;22;noise;99.6;0;   (26/01/2023 15:35:05)
phase2) ecriture ligne finale : other;other--other--Enregistrement26--23--4029--21--6718--2811.jpg;Enregistrement26;23;noise;98.0;0;   (26/01/2023 15:35:05)
phase2) ecriture ligne finale : other;other--other--Enregistrement26--24--3336--21--6718--2955.jpg;Enregistrement26;24;noise;91.6;0;Homsap;8.3;0;   (26/01/2023 15:35:05)
phase2) ecriture ligne finale : other;other--other--Enregistrement26--25--3574--20--4995--3118.jpg;Enregistrement26;25;noise;87.6;0;Homsap;12.4;0;   (26/01/2023 15:35:05)
phase2) ecriture ligne finale : other;other--other--Enregistrement26--28--3883--26--4995--3473.jpg;Enregistrement26;28;noise;99.6;0;   (26/01/2023 15:35:05)
phase2) ecriture ligne finale : other;other--other--Enregistrement26--32--3234--13--4134--3817.jpg;Enregistrement26;32;noise;90.3;0;Homsap;9.7;0;   (26/01/2023 15:35:05)
phase2) ecriture ligne finale : other;other--other--Enregistrement26--33--1573--15--1205--4018.jpg;Enregistrement26;33;noise;64.5;0;Homsap;35.3;0;   (26/01/2023 15:35:05)
phase2) ecriture ligne finale : other;other--other--Enregistrement26--35--2289--17--8785--4210.jpg;Enregistrement26;35;noise;99.8;0;   (26/01/2023 15:35:05)
phase2) ecriture ligne finale : other;other--other--Enregistrement26--38--1928--15--9819--4464.jpg;Enregistrement26;38;noise;97.3;0;   (26/01/2023 15:35:05)
phase2) ecriture ligne finale : other;other--other--Enregistrement26--39--608--17--9991--4482.jpg;Enregistrement26;39;noise;99.4;0;   (26/01/2023 15:35:05)
phase2) ecriture ligne finale : other;other--other--Enregistrement26--40--3000--34--4134--4580.jpg;Enregistrement26;40;noise;99.8;0;   (26/01/2023 15:35:05)
phase2) ecriture ligne finale : other;other--other--Enregistrement26--43--4293--30--3617--4835.jpg;Enregistrement26;43;noise;99.9;0;   (26/01/2023 15:35:05)
phase2) ecriture ligne finale : other;other--other--Enregistrement26--44--3992--52--3445--5015.jpg;Enregistrement26;44;Homsap;90.6;0;plane;6.1;0;   (26/01/2023 15:35:05)
phase2) ecriture ligne finale : other;other--other--Enregistrement26--50--2390--95--1033--5874.jpg;Enregistrement26;50;wind;99.3;0;   (26/01/2023 15:35:05)
phase2) ecriture ligne finale : other;other--other--Enregistrement26--53--1016--10--7924--5923.jpg;Enregistrement26;53;sirene;45.2;0;Homsap;30.4;0;camion;7.9;0;   (26/01/2023 15:35:05)
phase2) ecriture ligne finale : other;other--other--Enregistrement26--55--973--26--9646--6064.jpg;Enregistrement26;55;other;40.9;1;plane;23.8;0;sirene;16.7;0;   (26/01/2023 15:35:05)
phase2) ecriture ligne finale : other;other--other--Enregistrement26--76--3196--237--9819--7454.jpg;Enregistrement26;76;noise;70.5;0;wind;19.2;0;Homsap;4.8;0;   (26/01/2023 15:35:05)
phase2) ecriture ligne finale : other;other--other--Enregistrement26--77--2730--542--9991--7710.jpg;Enregistrement26;77;noise;61.6;0;Homsap;34.0;0;   (26/01/2023 15:35:05)
phase2) ecriture ligne finale : other;other--other--Enregistrement26--79--3253--130--9646--8275.jpg;Enregistrement26;79;noise;52.9;0;Homsap;27.9;0;wind;12.0;0;   (26/01/2023 15:35:05)
phase2) ecriture ligne finale : other;other--other--Enregistrement26--84--3207--139--9646--8647.jpg;Enregistrement26;84;Homsap;91.5;0;plane;3.7;0;noise;3.6;0;   (26/01/2023 15:35:05)
phase2) ecriture ligne finale : other;other--other--Enregistrement26--87--2779--171--9646--8817.jpg;Enregistrement26;87;Homsap;55.0;0;noise;22.1;0;wind;9.5;0;   (26/01/2023 15:35:05)
phase2) ecriture ligne finale : other;other--other--Enregistrement26--92--4060--91--1378--9401.jpg;Enregistrement26;92;Homsap;99.3;0;   (26/01/2023 15:35:05)
phase2) ecriture ligne finale : other;other--other--Enregistrement26--94--4288--77--3962--9681.jpg;Enregistrement26;94;noise;100.0;0;   (26/01/2023 15:35:05)
phase2) ecriture ligne finale : other;other--other--Enregistrement26--95--4470--96--861--9817.jpg;Enregistrement26;95;noise;100.0;0;   (26/01/2023 15:35:05)
phase2) ecriture ligne finale : other;other--other--Enregistrement26--98--4808--89--2239--10116.jpg;Enregistrement26;98;noise;97.8;0;   (26/01/2023 15:35:05)
phase2) ecriture ligne finale : other;other--other--Enregistrement26--99--4615--93--1033--10263.jpg;Enregistrement26;99;noise;98.2;0;   (26/01/2023 15:35:05)
phase2) esp : nlig=61   (26/01/2023 15:35:05)
phase 2 ecriture ligne bilan : other;3.3;0.0;3.3;6.6 pour esp : other   (26/01/2023 15:35:05)
phase 2 : ecriture ligne bilan : other;3.3;0.0;3.3;6.6   (26/01/2023 15:35:06)
Phase 3 : creation du bilan 3 avec les classes regroupees comme par exemple otherbirds   (26/01/2023 15:35:06)
aucune espece regroupee : pas de bilan cris par especes regroupees   (26/01/2023 15:35:06)
Phase 4 : creation du fichier de prediction par fichier wav avec les 3 meilleures predictions pour chaque fichier wav   (26/01/2023 15:35:06)
fin de tri du tableau tabpred4 : nbre de redondances wav : 59   (26/01/2023 15:35:06)
phase4) ecriture ligne bilan 4: other;0.0;0.0;0.0;0.0 pour esp : other   (26/01/2023 15:35:06)
phase4) ecriture ligne bilan 5 : other;0.0;0.0;0.0;0.0 pour esp : other   (26/01/2023 15:35:06)
Phase 6 : creation du bilan 6 avec les classes regroupees de la 3eme colonne de classes[...].csv   (26/01/2023 15:35:06)
aucun deuxieme regroupement de classe trouve dans les classes attendues : donc pas de bilan deuxieme regroupement   (26/01/2023 15:35:06)
