dtt modefreq=2


tOF : 14:17:23:596
wavfile=Car200200-2021-Pass2-Z1-MU201092-S4U04838_20211006_071732_000.wav
c:
type du fichier wav C:/Users/yvesb/Documents/TadariDeep/TadariDeep/io_examples/Car200200-2021-Pass2-Z1-MU201092-S4U04838_20211006_071732_000.wav : 1
format du fichier wav : 2
g=1
sfte=48069
(computefft) samplerate = 44100
(computefft) TimeExpansion = 1.09
(computefft) coefspe = 1.09
(computefft) MsPerX = 0.725624
(computefft) KhzPerY = 0.172266
LimY dans computefft = 128
cF
LimY = 128
KhzPerY = 0.172266
_minY = 0
_maxY = 127
_freqMin = 0
FREQ_MAX = 250
cN
sD: 
dp2 msPerX = 0.725624
dp2 kHzPerY = 0.172266
dP
debut saveparameters
saveparameters 2
saveparameters 3
sP
lyi=128
savedatfile : 
   FftHeightHalf=128
   lyi=128
   _xHalf=0
   MsPerX=0.725624
   KhzPerY=0.172266
dcdi debut - callnumber=0
duree trop courte - image ima2 non enregistree !
end of file treatment


tOF : 14:17:23:647
wavfile=Car200200-2021-Pass2-Z1-MU201092-S4U04838_20211006_071804_000.wav
c:
type du fichier wav C:/Users/yvesb/Documents/TadariDeep/TadariDeep/io_examples/Car200200-2021-Pass2-Z1-MU201092-S4U04838_20211006_071804_000.wav : 1
format du fichier wav : 2
g=1
sfte=48069
(computefft) samplerate = 44100
(computefft) TimeExpansion = 1.09
(computefft) coefspe = 1.09
(computefft) MsPerX = 0.725624
(computefft) KhzPerY = 0.172266
LimY dans computefft = 128
cF
LimY = 128
KhzPerY = 0.172266
_minY = 0
_maxY = 127
_freqMin = 0
FREQ_MAX = 250
cN
sD: 
dp2 msPerX = 0.725624
dp2 kHzPerY = 0.172266
dP
debut saveparameters
saveparameters 2
saveparameters 3
sP
lyi=128
savedatfile : 
   FftHeightHalf=128
   lyi=128
   _xHalf=0
   MsPerX=0.725624
   KhzPerY=0.172266
dcdi debut - callnumber=0
duree trop courte - image ima2 non enregistree !
dcdi debut - callnumber=1
duree trop courte - image ima2 non enregistree !
dcdi debut - callnumber=2
duree trop courte - image ima2 non enregistree !
dcdi debut - callnumber=3
duree trop courte - image ima2 non enregistree !
dcdi debut - callnumber=4
duree trop courte - image ima2 non enregistree !
end of file treatment


tOF : 14:17:23:692
wavfile=Car200200-2021-Pass2-Z1-MU201092-S4U04838_20211006_071822_000.wav
c:
type du fichier wav C:/Users/yvesb/Documents/TadariDeep/TadariDeep/io_examples/Car200200-2021-Pass2-Z1-MU201092-S4U04838_20211006_071822_000.wav : 1
format du fichier wav : 2
g=1
sfte=48069
(computefft) samplerate = 44100
(computefft) TimeExpansion = 1.09
(computefft) coefspe = 1.09
(computefft) MsPerX = 0.725624
(computefft) KhzPerY = 0.172266
LimY dans computefft = 128
cF
LimY = 128
KhzPerY = 0.172266
_minY = 0
_maxY = 127
_freqMin = 0
FREQ_MAX = 250
cN
sD: 
dp2 msPerX = 0.725624
dp2 kHzPerY = 0.172266
dP
debut saveparameters
saveparameters 2
saveparameters 3
sP
lyi=128
savedatfile : 
   FftHeightHalf=128
   lyi=128
   _xHalf=0
   MsPerX=0.725624
   KhzPerY=0.172266
dcdi debut - callnumber=0
duree trop courte - image ima2 non enregistree !
dcdi debut - callnumber=1
dcdi milieu1
dcdi proche fin1
callIma2Name=C:/Users/yvesb/Documents/TadariDeep/TadariDeep/io_examples/ima2/Car200200-2021-Pass2-Z1-MU201092-S4U04838_20211006_071822_000--1--635--47--3962--1562--3617--4651--783.jpg
dcdi debut - callnumber=2
duree trop courte - image ima2 non enregistree !
end of file treatment


tOF : 14:17:23:762
wavfile=Car200200-2021-Pass2-Z1-MU201092-S4U04838_20211006_071836_000.wav
c:
type du fichier wav C:/Users/yvesb/Documents/TadariDeep/TadariDeep/io_examples/Car200200-2021-Pass2-Z1-MU201092-S4U04838_20211006_071836_000.wav : 1
format du fichier wav : 2
g=1
sfte=48069
(computefft) samplerate = 44100
(computefft) TimeExpansion = 1.09
(computefft) coefspe = 1.09
(computefft) MsPerX = 0.725624
(computefft) KhzPerY = 0.172266
LimY dans computefft = 128
cF
LimY = 128
KhzPerY = 0.172266
_minY = 0
_maxY = 127
_freqMin = 0
FREQ_MAX = 250
cN
sD: 
dp2 msPerX = 0.725624
dp2 kHzPerY = 0.172266
dP
debut saveparameters
saveparameters 2
saveparameters 3
sP
lyi=128
savedatfile : 
   FftHeightHalf=128
   lyi=128
   _xHalf=0
   MsPerX=0.725624
   KhzPerY=0.172266
dcdi debut - callnumber=0
duree trop courte - image ima2 non enregistree !
dcdi debut - callnumber=1
duree trop courte - image ima2 non enregistree !
dcdi debut - callnumber=2
duree trop courte - image ima2 non enregistree !
dcdi debut - callnumber=3
duree trop courte - image ima2 non enregistree !
end of file treatment


tOF : 14:17:23:813
wavfile=Car200200-2021-Pass2-Z1-MU201092-S4U04838_20211006_071905_000.wav
c:
type du fichier wav C:/Users/yvesb/Documents/TadariDeep/TadariDeep/io_examples/Car200200-2021-Pass2-Z1-MU201092-S4U04838_20211006_071905_000.wav : 1
format du fichier wav : 2
g=1
sfte=48069
(computefft) samplerate = 44100
(computefft) TimeExpansion = 1.09
(computefft) coefspe = 1.09
(computefft) MsPerX = 0.725624
(computefft) KhzPerY = 0.172266
LimY dans computefft = 128
cF
LimY = 128
KhzPerY = 0.172266
_minY = 0
_maxY = 127
_freqMin = 0
FREQ_MAX = 250
cN
sD: 
dp2 msPerX = 0.725624
dp2 kHzPerY = 0.172266
dP
debut saveparameters
saveparameters 2
saveparameters 3
sP
lyi=128
savedatfile : 
   FftHeightHalf=128
   lyi=128
   _xHalf=0
   MsPerX=0.725624
   KhzPerY=0.172266
dcdi debut - callnumber=0
frequence du point maitre hors limites ! MpHz=13436
dcdi debut - callnumber=1
duree trop courte - image ima2 non enregistree !
dcdi debut - callnumber=2
duree trop courte - image ima2 non enregistree !
dcdi debut - callnumber=3
duree trop courte - image ima2 non enregistree !
dcdi debut - callnumber=4
duree trop courte - image ima2 non enregistree !
dcdi debut - callnumber=5
duree trop courte - image ima2 non enregistree !
dcdi debut - callnumber=6
duree trop courte - image ima2 non enregistree !
dcdi debut - callnumber=7
duree trop courte - image ima2 non enregistree !
dcdi debut - callnumber=8
duree trop courte - image ima2 non enregistree !
dcdi debut - callnumber=9
duree trop courte - image ima2 non enregistree !
dcdi debut - callnumber=10
duree trop courte - image ima2 non enregistree !
dcdi debut - callnumber=11
duree trop courte - image ima2 non enregistree !
dcdi debut - callnumber=12
duree trop courte - image ima2 non enregistree !
dcdi debut - callnumber=13
duree trop courte - image ima2 non enregistree !
dcdi debut - callnumber=14
duree trop courte - image ima2 non enregistree !
dcdi debut - callnumber=15
duree trop courte - image ima2 non enregistree !
dcdi debut - callnumber=16
dcdi milieu16
dcdi proche fin16
callIma2Name=C:/Users/yvesb/Documents/TadariDeep/TadariDeep/io_examples/ima2/Car200200-2021-Pass2-Z1-MU201092-S4U04838_20211006_071905_000--16--805--18--6029--1111--5340--6373--326.jpg
dcdi debut - callnumber=17
dcdi milieu17
dcdi proche fin17
callIma2Name=C:/Users/yvesb/Documents/TadariDeep/TadariDeep/io_examples/ima2/Car200200-2021-Pass2-Z1-MU201092-S4U04838_20211006_071905_000--17--752--26--5512--1135--4823--6029--878.jpg
dcdi debut - callnumber=18
dcdi milieu18
dcdi proche fin18
callIma2Name=C:/Users/yvesb/Documents/TadariDeep/TadariDeep/io_examples/ima2/Car200200-2021-Pass2-Z1-MU201092-S4U04838_20211006_071905_000--18--807--31--3962--1272--3445--4478--233.jpg
dcdi debut - callnumber=19
dcdi milieu19
dcdi proche fin19
callIma2Name=C:/Users/yvesb/Documents/TadariDeep/TadariDeep/io_examples/ima2/Car200200-2021-Pass2-Z1-MU201092-S4U04838_20211006_071905_000--19--1125--58--5512--1453--4995--6029--635.jpg
dcdi debut - callnumber=20
dcdi milieu20
dcdi proche fin20
callIma2Name=C:/Users/yvesb/Documents/TadariDeep/TadariDeep/io_examples/ima2/Car200200-2021-Pass2-Z1-MU201092-S4U04838_20211006_071905_000--20--749--23--3962--1618--3445--4306--469.jpg
dcdi debut - callnumber=21
duree trop courte - image ima2 non enregistree !
dcdi debut - callnumber=22
duree trop courte - image ima2 non enregistree !
end of file treatment


tOF : 14:17:23:938
wavfile=Car200200-2021-Pass2-Z1-MU201092-S4U04838_20211006_072001_000.wav
c:
type du fichier wav C:/Users/yvesb/Documents/TadariDeep/TadariDeep/io_examples/Car200200-2021-Pass2-Z1-MU201092-S4U04838_20211006_072001_000.wav : 1
format du fichier wav : 2
g=1
sfte=48069
(computefft) samplerate = 44100
(computefft) TimeExpansion = 1.09
(computefft) coefspe = 1.09
(computefft) MsPerX = 0.725624
(computefft) KhzPerY = 0.172266
LimY dans computefft = 128
cF
LimY = 128
KhzPerY = 0.172266
_minY = 0
_maxY = 127
_freqMin = 0
FREQ_MAX = 250
cN
sD: 
dp2 msPerX = 0.725624
dp2 kHzPerY = 0.172266
dP
debut saveparameters
saveparameters 2
saveparameters 3
sP
lyi=128
savedatfile : 
   FftHeightHalf=128
   lyi=128
   _xHalf=0
   MsPerX=0.725624
   KhzPerY=0.172266
dcdi debut - callnumber=0
duree trop courte - image ima2 non enregistree !
dcdi debut - callnumber=1
dcdi milieu1
dcdi proche fin1
callIma2Name=C:/Users/yvesb/Documents/TadariDeep/TadariDeep/io_examples/ima2/Car200200-2021-Pass2-Z1-MU201092-S4U04838_20211006_072001_000--1--892--40--5340--601--4651--6890--850.jpg
dcdi debut - callnumber=2
dcdi milieu2
dcdi proche fin2
callIma2Name=C:/Users/yvesb/Documents/TadariDeep/TadariDeep/io_examples/ima2/Car200200-2021-Pass2-Z1-MU201092-S4U04838_20211006_072001_000--2--842--23--6546--667--4306--7751--602.jpg
dcdi debut - callnumber=3
duree trop courte - image ima2 non enregistree !
dcdi debut - callnumber=4
dcdi milieu4
dcdi proche fin4
callIma2Name=C:/Users/yvesb/Documents/TadariDeep/TadariDeep/io_examples/ima2/Car200200-2021-Pass2-Z1-MU201092-S4U04838_20211006_072001_000--4--969--59--6201--864--1378--6890--957.jpg
dcdi debut - callnumber=5
duree trop courte - image ima2 non enregistree !
dcdi debut - callnumber=6
dcdi milieu6
dcdi proche fin6
callIma2Name=C:/Users/yvesb/Documents/TadariDeep/TadariDeep/io_examples/ima2/Car200200-2021-Pass2-Z1-MU201092-S4U04838_20211006_072001_000--6--1061--202--3617--919--516--14642--330.jpg
dcdi debut - callnumber=7
dcdi milieu7
dcdi proche fin7
callIma2Name=C:/Users/yvesb/Documents/TadariDeep/TadariDeep/io_examples/ima2/Car200200-2021-Pass2-Z1-MU201092-S4U04838_20211006_072001_000--7--617--9--8613--920--7924--10852--107.jpg
dcdi debut - callnumber=8
duree trop courte - image ima2 non enregistree !
dcdi debut - callnumber=9
dcdi milieu9
dcdi proche fin9
callIma2Name=C:/Users/yvesb/Documents/TadariDeep/TadariDeep/io_examples/ima2/Car200200-2021-Pass2-Z1-MU201092-S4U04838_20211006_072001_000--9--650--9--2067--1414--1033--2411--892.jpg
dcdi debut - callnumber=10
dcdi milieu10
dcdi proche fin10
callIma2Name=C:/Users/yvesb/Documents/TadariDeep/TadariDeep/io_examples/ima2/Car200200-2021-Pass2-Z1-MU201092-S4U04838_20211006_072001_000--10--1066--45--8613--1578--4306--13436--570.jpg
dcdi debut - callnumber=11
dcdi milieu11
dcdi proche fin11
callIma2Name=C:/Users/yvesb/Documents/TadariDeep/TadariDeep/io_examples/ima2/Car200200-2021-Pass2-Z1-MU201092-S4U04838_20211006_072001_000--11--675--18--1722--1581--861--2411--500.jpg
dcdi debut - callnumber=12
dcdi milieu12
dcdi proche fin12
callIma2Name=C:/Users/yvesb/Documents/TadariDeep/TadariDeep/io_examples/ima2/Car200200-2021-Pass2-Z1-MU201092-S4U04838_20211006_072001_000--12--618--17--2067--1604--1205--2583--259.jpg
dcdi debut - callnumber=13
dcdi milieu13
dcdi proche fin13
callIma2Name=C:/Users/yvesb/Documents/TadariDeep/TadariDeep/io_examples/ima2/Car200200-2021-Pass2-Z1-MU201092-S4U04838_20211006_072001_000--13--780--45--9130--1629--6546--12575--507.jpg
dcdi debut - callnumber=14
dcdi milieu14
dcdi proche fin14
callIma2Name=C:/Users/yvesb/Documents/TadariDeep/TadariDeep/io_examples/ima2/Car200200-2021-Pass2-Z1-MU201092-S4U04838_20211006_072001_000--14--802--27--2067--1634--861--7062--653.jpg
dcdi debut - callnumber=15
dcdi milieu15
dcdi proche fin15
callIma2Name=C:/Users/yvesb/Documents/TadariDeep/TadariDeep/io_examples/ima2/Car200200-2021-Pass2-Z1-MU201092-S4U04838_20211006_072001_000--15--738--9--9646--2162--8957--10163--678.jpg
dcdi debut - callnumber=16
dcdi milieu16
dcdi proche fin16
callIma2Name=C:/Users/yvesb/Documents/TadariDeep/TadariDeep/io_examples/ima2/Car200200-2021-Pass2-Z1-MU201092-S4U04838_20211006_072001_000--16--638--19--7579--2163--6201--8268--53.jpg
dcdi debut - callnumber=17
dcdi milieu17
dcdi proche fin17
callIma2Name=C:/Users/yvesb/Documents/TadariDeep/TadariDeep/io_examples/ima2/Car200200-2021-Pass2-Z1-MU201092-S4U04838_20211006_072001_000--17--1086--329--4995--2184--689--13608--510.jpg
dcdi debut - callnumber=18
dcdi milieu18
dcdi proche fin18
callIma2Name=C:/Users/yvesb/Documents/TadariDeep/TadariDeep/io_examples/ima2/Car200200-2021-Pass2-Z1-MU201092-S4U04838_20211006_072001_000--18--934--92--3445--2517--689--7235--628.jpg
dcdi debut - callnumber=19
dcdi milieu19
dcdi proche fin19
callIma2Name=C:/Users/yvesb/Documents/TadariDeep/TadariDeep/io_examples/ima2/Car200200-2021-Pass2-Z1-MU201092-S4U04838_20211006_072001_000--19--605--20--3445--2610--689--4306--258.jpg
end of file treatment


tOF : 14:17:24:265
wavfile=Car200200-2021-Pass2-Z1-MU201092-S4U04838_20211006_072051_000.wav
c:
type du fichier wav C:/Users/yvesb/Documents/TadariDeep/TadariDeep/io_examples/Car200200-2021-Pass2-Z1-MU201092-S4U04838_20211006_072051_000.wav : 1
format du fichier wav : 2
g=1
sfte=48069
(computefft) samplerate = 44100
(computefft) TimeExpansion = 1.09
(computefft) coefspe = 1.09
(computefft) MsPerX = 0.725624
(computefft) KhzPerY = 0.172266
LimY dans computefft = 128
cF
LimY = 128
KhzPerY = 0.172266
_minY = 0
_maxY = 127
_freqMin = 0
FREQ_MAX = 250
cN
sD: 
dp2 msPerX = 0.725624
dp2 kHzPerY = 0.172266
dP
debut saveparameters
saveparameters 2
saveparameters 3
sP
lyi=128
savedatfile : 
   FftHeightHalf=128
   lyi=128
   _xHalf=0
   MsPerX=0.725624
   KhzPerY=0.172266
dcdi debut - callnumber=0
dcdi milieu0
dcdi proche fin0
callIma2Name=C:/Users/yvesb/Documents/TadariDeep/TadariDeep/io_examples/ima2/Car200200-2021-Pass2-Z1-MU201092-S4U04838_20211006_072051_000--0--1145--304--3445--0--1205--6373--551.jpg
dcdi debut - callnumber=1
dcdi milieu1
dcdi proche fin1
callIma2Name=C:/Users/yvesb/Documents/TadariDeep/TadariDeep/io_examples/ima2/Car200200-2021-Pass2-Z1-MU201092-S4U04838_20211006_072051_000--1--1089--37--4478--306--516--6029--386.jpg
dcdi debut - callnumber=2
dcdi milieu2
dcdi proche fin2
callIma2Name=C:/Users/yvesb/Documents/TadariDeep/TadariDeep/io_examples/ima2/Car200200-2021-Pass2-Z1-MU201092-S4U04838_20211006_072051_000--2--655--16--2583--368--1550--3789--104.jpg
dcdi debut - callnumber=3
duree trop courte - image ima2 non enregistree !
dcdi debut - callnumber=4
dcdi milieu4
dcdi proche fin4
callIma2Name=C:/Users/yvesb/Documents/TadariDeep/TadariDeep/io_examples/ima2/Car200200-2021-Pass2-Z1-MU201092-S4U04838_20211006_072051_000--4--693--44--2928--478--1894--5512--515.jpg
dcdi debut - callnumber=5
dcdi milieu5
dcdi proche fin5
callIma2Name=C:/Users/yvesb/Documents/TadariDeep/TadariDeep/io_examples/ima2/Car200200-2021-Pass2-Z1-MU201092-S4U04838_20211006_072051_000--5--876--10--3273--530--2411--4134--93.jpg
dcdi debut - callnumber=6
dcdi milieu6
dcdi proche fin6
callIma2Name=C:/Users/yvesb/Documents/TadariDeep/TadariDeep/io_examples/ima2/Car200200-2021-Pass2-Z1-MU201092-S4U04838_20211006_072051_000--6--813--34--2928--547--2411--4306--112.jpg
dcdi debut - callnumber=7
duree trop courte - image ima2 non enregistree !
dcdi debut - callnumber=8
dcdi milieu8
dcdi proche fin8
callIma2Name=C:/Users/yvesb/Documents/TadariDeep/TadariDeep/io_examples/ima2/Car200200-2021-Pass2-Z1-MU201092-S4U04838_20211006_072051_000--8--664--28--2928--605--1894--4651--387.jpg
dcdi debut - callnumber=9
dcdi milieu9
dcdi proche fin9
callIma2Name=C:/Users/yvesb/Documents/TadariDeep/TadariDeep/io_examples/ima2/Car200200-2021-Pass2-Z1-MU201092-S4U04838_20211006_072051_000--9--684--98--3100--666--1550--4823--616.jpg
dcdi debut - callnumber=10
dcdi milieu10
dcdi proche fin10
callIma2Name=C:/Users/yvesb/Documents/TadariDeep/TadariDeep/io_examples/ima2/Car200200-2021-Pass2-Z1-MU201092-S4U04838_20211006_072051_000--10--663--43--3617--872--1722--4306--909.jpg
dcdi debut - callnumber=11
dcdi milieu11
dcdi proche fin11
callIma2Name=C:/Users/yvesb/Documents/TadariDeep/TadariDeep/io_examples/ima2/Car200200-2021-Pass2-Z1-MU201092-S4U04838_20211006_072051_000--11--609--27--3617--917--1550--4134--474.jpg
dcdi debut - callnumber=12
dcdi milieu12
dcdi proche fin12
callIma2Name=C:/Users/yvesb/Documents/TadariDeep/TadariDeep/io_examples/ima2/Car200200-2021-Pass2-Z1-MU201092-S4U04838_20211006_072051_000--12--639--9--3273--949--2239--4651--892.jpg
dcdi debut - callnumber=13
duree trop courte - image ima2 non enregistree !
dcdi debut - callnumber=14
duree trop courte - image ima2 non enregistree !
dcdi debut - callnumber=15
duree trop courte - image ima2 non enregistree !
dcdi debut - callnumber=16
duree trop courte - image ima2 non enregistree !
dcdi debut - callnumber=17
duree trop courte - image ima2 non enregistree !
dcdi debut - callnumber=18
dcdi milieu18
dcdi proche fin18
callIma2Name=C:/Users/yvesb/Documents/TadariDeep/TadariDeep/io_examples/ima2/Car200200-2021-Pass2-Z1-MU201092-S4U04838_20211006_072051_000--18--886--15--3273--1753--1894--4651--630.jpg
dcdi debut - callnumber=19
duree trop courte - image ima2 non enregistree !
dcdi debut - callnumber=20
dcdi milieu20
dcdi proche fin20
callIma2Name=C:/Users/yvesb/Documents/TadariDeep/TadariDeep/io_examples/ima2/Car200200-2021-Pass2-Z1-MU201092-S4U04838_20211006_072051_000--20--749--13--3617--1945--1722--4478--75.jpg
dcdi debut - callnumber=21
dcdi milieu21
dcdi proche fin21
callIma2Name=C:/Users/yvesb/Documents/TadariDeep/TadariDeep/io_examples/ima2/Car200200-2021-Pass2-Z1-MU201092-S4U04838_20211006_072051_000--21--811--23--2411--2074--1550--4651--409.jpg
dcdi debut - callnumber=22
dcdi milieu22
dcdi proche fin22
callIma2Name=C:/Users/yvesb/Documents/TadariDeep/TadariDeep/io_examples/ima2/Car200200-2021-Pass2-Z1-MU201092-S4U04838_20211006_072051_000--22--1260--55--2411--2127--1378--5340--227.jpg
dcdi debut - callnumber=23
dcdi milieu23
dcdi proche fin23
callIma2Name=C:/Users/yvesb/Documents/TadariDeep/TadariDeep/io_examples/ima2/Car200200-2021-Pass2-Z1-MU201092-S4U04838_20211006_072051_000--23--737--23--4134--2187--1894--5340--426.jpg
dcdi debut - callnumber=24
duree trop courte - image ima2 non enregistree !
dcdi debut - callnumber=25
dcdi milieu25
dcdi proche fin25
callIma2Name=C:/Users/yvesb/Documents/TadariDeep/TadariDeep/io_examples/ima2/Car200200-2021-Pass2-Z1-MU201092-S4U04838_20211006_072051_000--25--910--33--3962--2215--1722--5340--308.jpg
dcdi debut - callnumber=26
duree trop courte - image ima2 non enregistree !
dcdi debut - callnumber=27
dcdi milieu27
dcdi proche fin27
callIma2Name=C:/Users/yvesb/Documents/TadariDeep/TadariDeep/io_examples/ima2/Car200200-2021-Pass2-Z1-MU201092-S4U04838_20211006_072051_000--27--1242--301--4134--2250--1550--5512--429.jpg
dcdi debut - callnumber=28
dcdi milieu28
dcdi proche fin28
callIma2Name=C:/Users/yvesb/Documents/TadariDeep/TadariDeep/io_examples/ima2/Car200200-2021-Pass2-Z1-MU201092-S4U04838_20211006_072051_000--28--859--44--3617--2555--1894--4995--944.jpg
dcdi debut - callnumber=29
dcdi milieu29
dcdi proche fin29
callIma2Name=C:/Users/yvesb/Documents/TadariDeep/TadariDeep/io_examples/ima2/Car200200-2021-Pass2-Z1-MU201092-S4U04838_20211006_072051_000--29--646--29--3617--2622--2239--5167--158.jpg
dcdi debut - callnumber=30
dcdi milieu30
dcdi proche fin30
callIma2Name=C:/Users/yvesb/Documents/TadariDeep/TadariDeep/io_examples/ima2/Car200200-2021-Pass2-Z1-MU201092-S4U04838_20211006_072051_000--30--610--14--3617--2655--2239--5684--642.jpg
dcdi debut - callnumber=31
dcdi milieu31
dcdi proche fin31
callIma2Name=C:/Users/yvesb/Documents/TadariDeep/TadariDeep/io_examples/ima2/Car200200-2021-Pass2-Z1-MU201092-S4U04838_20211006_072051_000--31--694--34--2928--2767--2239--4823--302.jpg
dcdi debut - callnumber=32
duree trop courte - image ima2 non enregistree !
dcdi debut - callnumber=33
duree trop courte - image ima2 non enregistree !
dcdi debut - callnumber=34
duree trop courte - image ima2 non enregistree !
dcdi debut - callnumber=35
dcdi milieu35
dcdi proche fin35
callIma2Name=C:/Users/yvesb/Documents/TadariDeep/TadariDeep/io_examples/ima2/Car200200-2021-Pass2-Z1-MU201092-S4U04838_20211006_072051_000--35--776--18--3962--4138--3100--4995--240.jpg
dcdi debut - callnumber=36
duree trop courte - image ima2 non enregistree !
end of file treatment


tOF : 14:17:24:783
wavfile=Car200200-2021-Pass2-Z1-MU201092-S4U04838_20211006_072225_000.wav
c:
type du fichier wav C:/Users/yvesb/Documents/TadariDeep/TadariDeep/io_examples/Car200200-2021-Pass2-Z1-MU201092-S4U04838_20211006_072225_000.wav : 1
format du fichier wav : 2
g=1
sfte=48069
(computefft) samplerate = 44100
(computefft) TimeExpansion = 1.09
(computefft) coefspe = 1.09
(computefft) MsPerX = 0.725624
(computefft) KhzPerY = 0.172266
LimY dans computefft = 128
cF
LimY = 128
KhzPerY = 0.172266
_minY = 0
_maxY = 127
_freqMin = 0
FREQ_MAX = 250
cN
sD: 
dp2 msPerX = 0.725624
dp2 kHzPerY = 0.172266
dP
debut saveparameters
saveparameters 2
saveparameters 3
sP
lyi=128
savedatfile : 
   FftHeightHalf=128
   lyi=128
   _xHalf=0
   MsPerX=0.725624
   KhzPerY=0.172266
dcdi debut - callnumber=0
duree trop courte - image ima2 non enregistree !
dcdi debut - callnumber=1
duree trop courte - image ima2 non enregistree !
dcdi debut - callnumber=2
duree trop courte - image ima2 non enregistree !
dcdi debut - callnumber=3
dcdi milieu3
dcdi proche fin3
callIma2Name=C:/Users/yvesb/Documents/TadariDeep/TadariDeep/io_examples/ima2/Car200200-2021-Pass2-Z1-MU201092-S4U04838_20211006_072225_000--3--774--78--4823--957--2928--5857--848.jpg
dcdi debut - callnumber=4
dcdi milieu4
dcdi proche fin4
callIma2Name=C:/Users/yvesb/Documents/TadariDeep/TadariDeep/io_examples/ima2/Car200200-2021-Pass2-Z1-MU201092-S4U04838_20211006_072225_000--4--735--37--4478--1042--3789--5512--67.jpg
dcdi debut - callnumber=5
duree trop courte - image ima2 non enregistree !
end of file treatment


tOF : 14:17:24:871
wavfile=Car200200-2021-Pass2-Z1-MU201092-S4U04838_20211006_072242_000.wav
c:
type du fichier wav C:/Users/yvesb/Documents/TadariDeep/TadariDeep/io_examples/Car200200-2021-Pass2-Z1-MU201092-S4U04838_20211006_072242_000.wav : 1
format du fichier wav : 2
g=1
sfte=48069
(computefft) samplerate = 44100
(computefft) TimeExpansion = 1.09
(computefft) coefspe = 1.09
(computefft) MsPerX = 0.725624
(computefft) KhzPerY = 0.172266
LimY dans computefft = 128
cF
LimY = 128
KhzPerY = 0.172266
_minY = 0
_maxY = 127
_freqMin = 0
FREQ_MAX = 250
cN
sD: 
dp2 msPerX = 0.725624
dp2 kHzPerY = 0.172266
dP
debut saveparameters
saveparameters 2
saveparameters 3
sP
lyi=128
savedatfile : 
   FftHeightHalf=128
   lyi=128
   _xHalf=0
   MsPerX=0.725624
   KhzPerY=0.172266
dcdi debut - callnumber=0
duree trop courte - image ima2 non enregistree !
dcdi debut - callnumber=1
duree trop courte - image ima2 non enregistree !
dcdi debut - callnumber=2
duree trop courte - image ima2 non enregistree !
dcdi debut - callnumber=3
duree trop courte - image ima2 non enregistree !
dcdi debut - callnumber=4
duree trop courte - image ima2 non enregistree !
dcdi debut - callnumber=5
dcdi milieu5
dcdi proche fin5
callIma2Name=C:/Users/yvesb/Documents/TadariDeep/TadariDeep/io_examples/ima2/Car200200-2021-Pass2-Z1-MU201092-S4U04838_20211006_072242_000--5--727--47--4478--1076--3962--5340--186.jpg
dcdi debut - callnumber=6
duree trop courte - image ima2 non enregistree !
end of file treatment


tOF : 14:17:24:944
wavfile=Car200200-2021-Pass2-Z1-MU201092-S4U04838_20211006_072257_000.wav
c:
type du fichier wav C:/Users/yvesb/Documents/TadariDeep/TadariDeep/io_examples/Car200200-2021-Pass2-Z1-MU201092-S4U04838_20211006_072257_000.wav : 1
format du fichier wav : 2
g=1
sfte=48069
(computefft) samplerate = 44100
(computefft) TimeExpansion = 1.09
(computefft) coefspe = 1.09
(computefft) MsPerX = 0.725624
(computefft) KhzPerY = 0.172266
LimY dans computefft = 128
cF
LimY = 128
KhzPerY = 0.172266
_minY = 0
_maxY = 127
_freqMin = 0
FREQ_MAX = 250
cN
sD: 
dp2 msPerX = 0.725624
dp2 kHzPerY = 0.172266
dP
debut saveparameters
saveparameters 2
saveparameters 3
sP
lyi=128
savedatfile : 
   FftHeightHalf=128
   lyi=128
   _xHalf=0
   MsPerX=0.725624
   KhzPerY=0.172266
dcdi debut - callnumber=0
duree trop courte - image ima2 non enregistree !
dcdi debut - callnumber=1
duree trop courte - image ima2 non enregistree !
dcdi debut - callnumber=2
duree trop courte - image ima2 non enregistree !
dcdi debut - callnumber=3
dcdi milieu3
dcdi proche fin3
callIma2Name=C:/Users/yvesb/Documents/TadariDeep/TadariDeep/io_examples/ima2/Car200200-2021-Pass2-Z1-MU201092-S4U04838_20211006_072257_000--3--1836--34--4995--1169--2756--6890--489.jpg
dcdi debut - callnumber=4
dcdi milieu4
dcdi proche fin4
callIma2Name=C:/Users/yvesb/Documents/TadariDeep/TadariDeep/io_examples/ima2/Car200200-2021-Pass2-Z1-MU201092-S4U04838_20211006_072257_000--4--2489--60--5167--1239--2411--6201--429.jpg
dcdi debut - callnumber=5
dcdi milieu5
dcdi proche fin5
callIma2Name=C:/Users/yvesb/Documents/TadariDeep/TadariDeep/io_examples/ima2/Car200200-2021-Pass2-Z1-MU201092-S4U04838_20211006_072257_000--5--2455--73--5167--1306--2411--6201--338.jpg
dcdi debut - callnumber=6
duree trop courte - image ima2 non enregistree !
end of file treatment


tOF : 14:17:25:052
wavfile=Car200200-2021-Pass2-Z1-MU201092-S4U04838_20211006_072315_000.wav
c:
type du fichier wav C:/Users/yvesb/Documents/TadariDeep/TadariDeep/io_examples/Car200200-2021-Pass2-Z1-MU201092-S4U04838_20211006_072315_000.wav : 1
format du fichier wav : 2
g=1
sfte=48069
(computefft) samplerate = 44100
(computefft) TimeExpansion = 1.09
(computefft) coefspe = 1.09
(computefft) MsPerX = 0.725624
(computefft) KhzPerY = 0.172266
LimY dans computefft = 128
cF
LimY = 128
KhzPerY = 0.172266
_minY = 0
_maxY = 127
_freqMin = 0
FREQ_MAX = 250
cN
sD: 
dp2 msPerX = 0.725624
dp2 kHzPerY = 0.172266
dP
debut saveparameters
saveparameters 2
saveparameters 3
sP
lyi=128
savedatfile : 
   FftHeightHalf=128
   lyi=128
   _xHalf=0
   MsPerX=0.725624
   KhzPerY=0.172266
dcdi debut - callnumber=0
duree trop courte - image ima2 non enregistree !
dcdi debut - callnumber=1
duree trop courte - image ima2 non enregistree !
dcdi debut - callnumber=2
dcdi milieu2
dcdi proche fin2
callIma2Name=C:/Users/yvesb/Documents/TadariDeep/TadariDeep/io_examples/ima2/Car200200-2021-Pass2-Z1-MU201092-S4U04838_20211006_072315_000--2--658--10--6890--305--6373--7235--718.jpg
dcdi debut - callnumber=3
dcdi milieu3
dcdi proche fin3
callIma2Name=C:/Users/yvesb/Documents/TadariDeep/TadariDeep/io_examples/ima2/Car200200-2021-Pass2-Z1-MU201092-S4U04838_20211006_072315_000--3--774--15--4306--784--2067--5340--543.jpg
dcdi debut - callnumber=4
dcdi milieu4
dcdi proche fin4
callIma2Name=C:/Users/yvesb/Documents/TadariDeep/TadariDeep/io_examples/ima2/Car200200-2021-Pass2-Z1-MU201092-S4U04838_20211006_072315_000--4--638--19--3617--822--3273--5857--589.jpg
dcdi debut - callnumber=5
duree trop courte - image ima2 non enregistree !
end of file treatment


tOF : 14:17:25:165
wavfile=Car200200-2021-Pass2-Z1-MU201092-S4U04838_20211006_072342_000.wav
c:
type du fichier wav C:/Users/yvesb/Documents/TadariDeep/TadariDeep/io_examples/Car200200-2021-Pass2-Z1-MU201092-S4U04838_20211006_072342_000.wav : 1
format du fichier wav : 2
g=1
sfte=48069
(computefft) samplerate = 44100
(computefft) TimeExpansion = 1.09
(computefft) coefspe = 1.09
(computefft) MsPerX = 0.725624
(computefft) KhzPerY = 0.172266
LimY dans computefft = 128
cF
LimY = 128
KhzPerY = 0.172266
_minY = 0
_maxY = 127
_freqMin = 0
FREQ_MAX = 250
cN
sD: 
dp2 msPerX = 0.725624
dp2 kHzPerY = 0.172266
dP
debut saveparameters
saveparameters 2
saveparameters 3
sP
lyi=128
savedatfile : 
   FftHeightHalf=128
   lyi=128
   _xHalf=0
   MsPerX=0.725624
   KhzPerY=0.172266
dcdi debut - callnumber=0
dcdi milieu0
C:/Users/yvesb/Documents/TadariDeep/TadariDeep/io_examples/ima2/Car200200-2021-Pass2-Z1-MU201092-S4U04838_20211006_072342_000--0--790--9--6890--0--6029--7235--321.jpg : point maitre trop pres des bords
dcdi debut - callnumber=1
dcdi milieu1
dcdi proche fin1
callIma2Name=C:/Users/yvesb/Documents/TadariDeep/TadariDeep/io_examples/ima2/Car200200-2021-Pass2-Z1-MU201092-S4U04838_20211006_072342_000--1--673--15--7751--311--5167--8613--413.jpg
dcdi debut - callnumber=2
dcdi milieu2
dcdi proche fin2
callIma2Name=C:/Users/yvesb/Documents/TadariDeep/TadariDeep/io_examples/ima2/Car200200-2021-Pass2-Z1-MU201092-S4U04838_20211006_072342_000--2--965--17--8096--388--7407--8441--180.jpg
dcdi debut - callnumber=3
dcdi milieu3
dcdi proche fin3
callIma2Name=C:/Users/yvesb/Documents/TadariDeep/TadariDeep/io_examples/ima2/Car200200-2021-Pass2-Z1-MU201092-S4U04838_20211006_072342_000--3--644--9--8096--410--7579--8268--821.jpg
dcdi debut - callnumber=4
dcdi milieu4
dcdi proche fin4
callIma2Name=C:/Users/yvesb/Documents/TadariDeep/TadariDeep/io_examples/ima2/Car200200-2021-Pass2-Z1-MU201092-S4U04838_20211006_072342_000--4--1355--41--7062--474--6201--7751--370.jpg
dcdi debut - callnumber=5
duree trop courte - image ima2 non enregistree !
dcdi debut - callnumber=6
dcdi milieu6
dcdi proche fin6
callIma2Name=C:/Users/yvesb/Documents/TadariDeep/TadariDeep/io_examples/ima2/Car200200-2021-Pass2-Z1-MU201092-S4U04838_20211006_072342_000--6--936--28--6373--534--6029--7407--512.jpg
dcdi debut - callnumber=7
dcdi milieu7
dcdi proche fin7
callIma2Name=C:/Users/yvesb/Documents/TadariDeep/TadariDeep/io_examples/ima2/Car200200-2021-Pass2-Z1-MU201092-S4U04838_20211006_072342_000--7--1470--39--7062--567--6201--7751--419.jpg
dcdi debut - callnumber=8
dcdi milieu8
dcdi proche fin8
callIma2Name=C:/Users/yvesb/Documents/TadariDeep/TadariDeep/io_examples/ima2/Car200200-2021-Pass2-Z1-MU201092-S4U04838_20211006_072342_000--8--1195--52--6718--710--5512--7579--308.jpg
dcdi debut - callnumber=9
dcdi milieu9
dcdi proche fin9
callIma2Name=C:/Users/yvesb/Documents/TadariDeep/TadariDeep/io_examples/ima2/Car200200-2021-Pass2-Z1-MU201092-S4U04838_20211006_072342_000--9--1191--42--5167--804--3273--5857--584.jpg
dcdi debut - callnumber=10
dcdi milieu10
dcdi proche fin10
callIma2Name=C:/Users/yvesb/Documents/TadariDeep/TadariDeep/io_examples/ima2/Car200200-2021-Pass2-Z1-MU201092-S4U04838_20211006_072342_000--10--1304--39--7062--854--3445--8957--508.jpg
dcdi debut - callnumber=11
dcdi milieu11
dcdi proche fin11
callIma2Name=C:/Users/yvesb/Documents/TadariDeep/TadariDeep/io_examples/ima2/Car200200-2021-Pass2-Z1-MU201092-S4U04838_20211006_072342_000--11--1295--31--5167--938--3789--5684--366.jpg
dcdi debut - callnumber=12
dcdi milieu12
dcdi proche fin12
callIma2Name=C:/Users/yvesb/Documents/TadariDeep/TadariDeep/io_examples/ima2/Car200200-2021-Pass2-Z1-MU201092-S4U04838_20211006_072342_000--12--1555--45--7062--975--5857--7751--273.jpg
dcdi debut - callnumber=13
dcdi milieu13
dcdi proche fin13
callIma2Name=C:/Users/yvesb/Documents/TadariDeep/TadariDeep/io_examples/ima2/Car200200-2021-Pass2-Z1-MU201092-S4U04838_20211006_072342_000--13--727--44--4478--1036--2928--4823--685.jpg
dcdi debut - callnumber=14
dcdi milieu14
dcdi proche fin14
callIma2Name=C:/Users/yvesb/Documents/TadariDeep/TadariDeep/io_examples/ima2/Car200200-2021-Pass2-Z1-MU201092-S4U04838_20211006_072342_000--14--662--18--6029--1068--5684--6890--759.jpg
dcdi debut - callnumber=15
dcdi milieu15
dcdi proche fin15
callIma2Name=C:/Users/yvesb/Documents/TadariDeep/TadariDeep/io_examples/ima2/Car200200-2021-Pass2-Z1-MU201092-S4U04838_20211006_072342_000--15--607--10--5167--1089--4134--5512--500.jpg
dcdi debut - callnumber=16
dcdi milieu16
dcdi proche fin16
callIma2Name=C:/Users/yvesb/Documents/TadariDeep/TadariDeep/io_examples/ima2/Car200200-2021-Pass2-Z1-MU201092-S4U04838_20211006_072342_000--16--1017--29--6201--1156--3962--7062--280.jpg
dcdi debut - callnumber=17
duree trop courte - image ima2 non enregistree !
dcdi debut - callnumber=18
duree trop courte - image ima2 non enregistree !
dcdi debut - callnumber=19
dcdi milieu19
dcdi proche fin19
callIma2Name=C:/Users/yvesb/Documents/TadariDeep/TadariDeep/io_examples/ima2/Car200200-2021-Pass2-Z1-MU201092-S4U04838_20211006_072342_000--19--861--18--7062--1321--6373--7579--519.jpg
dcdi debut - callnumber=20
dcdi milieu20
dcdi proche fin20
callIma2Name=C:/Users/yvesb/Documents/TadariDeep/TadariDeep/io_examples/ima2/Car200200-2021-Pass2-Z1-MU201092-S4U04838_20211006_072342_000--20--813--13--5167--1473--3445--5684--78.jpg
dcdi debut - callnumber=21
dcdi milieu21
dcdi proche fin21
callIma2Name=C:/Users/yvesb/Documents/TadariDeep/TadariDeep/io_examples/ima2/Car200200-2021-Pass2-Z1-MU201092-S4U04838_20211006_072342_000--21--699--31--6029--1546--4651--7751--511.jpg
dcdi debut - callnumber=22
duree trop courte - image ima2 non enregistree !
dcdi debut - callnumber=23
dcdi milieu23
dcdi proche fin23
callIma2Name=C:/Users/yvesb/Documents/TadariDeep/TadariDeep/io_examples/ima2/Car200200-2021-Pass2-Z1-MU201092-S4U04838_20211006_072342_000--23--951--18--7235--1650--6546--7751--462.jpg
dcdi debut - callnumber=24
dcdi milieu24
dcdi proche fin24
callIma2Name=C:/Users/yvesb/Documents/TadariDeep/TadariDeep/io_examples/ima2/Car200200-2021-Pass2-Z1-MU201092-S4U04838_20211006_072342_000--24--1228--42--5167--1676--4478--7579--258.jpg
dcdi debut - callnumber=25
dcdi milieu25
dcdi proche fin25
callIma2Name=C:/Users/yvesb/Documents/TadariDeep/TadariDeep/io_examples/ima2/Car200200-2021-Pass2-Z1-MU201092-S4U04838_20211006_072342_000--25--813--12--8096--1707--7235--8268--472.jpg
dcdi debut - callnumber=26
duree trop courte - image ima2 non enregistree !
dcdi debut - callnumber=27
dcdi milieu27
dcdi proche fin27
callIma2Name=C:/Users/yvesb/Documents/TadariDeep/TadariDeep/io_examples/ima2/Car200200-2021-Pass2-Z1-MU201092-S4U04838_20211006_072342_000--27--833--14--6890--1806--5684--7235--119.jpg
dcdi debut - callnumber=28
dcdi milieu28
dcdi proche fin28
callIma2Name=C:/Users/yvesb/Documents/TadariDeep/TadariDeep/io_examples/ima2/Car200200-2021-Pass2-Z1-MU201092-S4U04838_20211006_072342_000--28--1031--43--5167--1854--3962--6890--795.jpg
dcdi debut - callnumber=29
dcdi milieu29
dcdi proche fin29
callIma2Name=C:/Users/yvesb/Documents/TadariDeep/TadariDeep/io_examples/ima2/Car200200-2021-Pass2-Z1-MU201092-S4U04838_20211006_072342_000--29--861--25--5167--1899--4306--7235--375.jpg
dcdi debut - callnumber=30
duree trop courte - image ima2 non enregistree !
end of file treatment


tOF : 14:17:25:545
wavfile=Car200200-2021-Pass2-Z1-MU201092-S4U04838_20211006_072357_000.wav
c:
type du fichier wav C:/Users/yvesb/Documents/TadariDeep/TadariDeep/io_examples/Car200200-2021-Pass2-Z1-MU201092-S4U04838_20211006_072357_000.wav : 1
format du fichier wav : 2
g=1
sfte=48069
(computefft) samplerate = 44100
(computefft) TimeExpansion = 1.09
(computefft) coefspe = 1.09
(computefft) MsPerX = 0.725624
(computefft) KhzPerY = 0.172266
LimY dans computefft = 128
cF
LimY = 128
KhzPerY = 0.172266
_minY = 0
_maxY = 127
_freqMin = 0
FREQ_MAX = 250
cN
sD: 
dp2 msPerX = 0.725624
dp2 kHzPerY = 0.172266
dP
debut saveparameters
saveparameters 2
saveparameters 3
sP
lyi=128
savedatfile : 
   FftHeightHalf=128
   lyi=128
   _xHalf=0
   MsPerX=0.725624
   KhzPerY=0.172266
dcdi debut - callnumber=0
frequence du point maitre hors limites ! MpHz=19121
dcdi debut - callnumber=1
duree trop courte - image ima2 non enregistree !
end of file treatment


tOF : 14:17:25:610
wavfile=Car200200-2021-Pass2-Z1-MU201092-S4U04838_20211006_072432_000.wav
c:
type du fichier wav C:/Users/yvesb/Documents/TadariDeep/TadariDeep/io_examples/Car200200-2021-Pass2-Z1-MU201092-S4U04838_20211006_072432_000.wav : 1
format du fichier wav : 2
g=1
sfte=48069
(computefft) samplerate = 44100
(computefft) TimeExpansion = 1.09
(computefft) coefspe = 1.09
(computefft) MsPerX = 0.725624
(computefft) KhzPerY = 0.172266
LimY dans computefft = 128
cF
LimY = 128
KhzPerY = 0.172266
_minY = 0
_maxY = 127
_freqMin = 0
FREQ_MAX = 250
cN
sD: 
dp2 msPerX = 0.725624
dp2 kHzPerY = 0.172266
dP
debut saveparameters
saveparameters 2
saveparameters 3
sP
lyi=128
savedatfile : 
   FftHeightHalf=128
   lyi=128
   _xHalf=0
   MsPerX=0.725624
   KhzPerY=0.172266
dcdi debut - callnumber=0
frequence du point maitre hors limites ! MpHz=13092
dcdi debut - callnumber=1
duree trop courte - image ima2 non enregistree !
dcdi debut - callnumber=2
duree trop courte - image ima2 non enregistree !
dcdi debut - callnumber=3
duree trop courte - image ima2 non enregistree !
end of file treatment


tOF : 14:17:25:660
wavfile=Car200200-2021-Pass2-Z1-MU201092-S4U04838_20211006_072506_000.wav
c:
type du fichier wav C:/Users/yvesb/Documents/TadariDeep/TadariDeep/io_examples/Car200200-2021-Pass2-Z1-MU201092-S4U04838_20211006_072506_000.wav : 1
format du fichier wav : 2
g=1
sfte=48069
(computefft) samplerate = 44100
(computefft) TimeExpansion = 1.09
(computefft) coefspe = 1.09
(computefft) MsPerX = 0.725624
(computefft) KhzPerY = 0.172266
LimY dans computefft = 128
cF
LimY = 128
KhzPerY = 0.172266
_minY = 0
_maxY = 127
_freqMin = 0
FREQ_MAX = 250
cN
sD: 
dp2 msPerX = 0.725624
dp2 kHzPerY = 0.172266
dP
debut saveparameters
saveparameters 2
saveparameters 3
sP
lyi=128
savedatfile : 
   FftHeightHalf=128
   lyi=128
   _xHalf=0
   MsPerX=0.725624
   KhzPerY=0.172266
dcdi debut - callnumber=0
frequence du point maitre hors limites ! MpHz=21360
dcdi debut - callnumber=1
dcdi milieu1
dcdi proche fin1
callIma2Name=C:/Users/yvesb/Documents/TadariDeep/TadariDeep/io_examples/ima2/Car200200-2021-Pass2-Z1-MU201092-S4U04838_20211006_072506_000--1--934--15--6890--0--4134--10852--456.jpg
dcdi debut - callnumber=2
duree trop courte - image ima2 non enregistree !
end of file treatment


tOF : 14:17:25:733
wavfile=Car200200-2021-Pass2-Z1-MU201092-S4U04838_20211006_072550_000.wav
c:
type du fichier wav C:/Users/yvesb/Documents/TadariDeep/TadariDeep/io_examples/Car200200-2021-Pass2-Z1-MU201092-S4U04838_20211006_072550_000.wav : 1
format du fichier wav : 2
g=1
sfte=48069
(computefft) samplerate = 44100
(computefft) TimeExpansion = 1.09
(computefft) coefspe = 1.09
(computefft) MsPerX = 0.725624
(computefft) KhzPerY = 0.172266
LimY dans computefft = 128
cF
LimY = 128
KhzPerY = 0.172266
_minY = 0
_maxY = 127
_freqMin = 0
FREQ_MAX = 250
cN
sD: 
dp2 msPerX = 0.725624
dp2 kHzPerY = 0.172266
dP
debut saveparameters
saveparameters 2
saveparameters 3
sP
lyi=128
savedatfile : 
   FftHeightHalf=128
   lyi=128
   _xHalf=0
   MsPerX=0.725624
   KhzPerY=0.172266
dcdi debut - callnumber=0
dcdi milieu0
dcdi proche fin0
callIma2Name=C:/Users/yvesb/Documents/TadariDeep/TadariDeep/io_examples/ima2/Car200200-2021-Pass2-Z1-MU201092-S4U04838_20211006_072550_000--0--1025--40--4995--358--3273--6890--710.jpg
dcdi debut - callnumber=1
dcdi milieu1
dcdi proche fin1
callIma2Name=C:/Users/yvesb/Documents/TadariDeep/TadariDeep/io_examples/ima2/Car200200-2021-Pass2-Z1-MU201092-S4U04838_20211006_072550_000--1--1028--22--4651--415--3273--6546--296.jpg
dcdi debut - callnumber=2
dcdi milieu2
dcdi proche fin2
callIma2Name=C:/Users/yvesb/Documents/TadariDeep/TadariDeep/io_examples/ima2/Car200200-2021-Pass2-Z1-MU201092-S4U04838_20211006_072550_000--2--1111--21--4995--507--3100--6373--316.jpg
dcdi debut - callnumber=3
dcdi milieu3
dcdi proche fin3
callIma2Name=C:/Users/yvesb/Documents/TadariDeep/TadariDeep/io_examples/ima2/Car200200-2021-Pass2-Z1-MU201092-S4U04838_20211006_072550_000--3--926--21--4134--554--3617--6201--83.jpg
dcdi debut - callnumber=4
dcdi milieu4
dcdi proche fin4
callIma2Name=C:/Users/yvesb/Documents/TadariDeep/TadariDeep/io_examples/ima2/Car200200-2021-Pass2-Z1-MU201092-S4U04838_20211006_072550_000--4--1032--22--4995--644--3273--6718--265.jpg
dcdi debut - callnumber=5
dcdi milieu5
dcdi proche fin5
callIma2Name=C:/Users/yvesb/Documents/TadariDeep/TadariDeep/io_examples/ima2/Car200200-2021-Pass2-Z1-MU201092-S4U04838_20211006_072550_000--5--1103--18--4995--684--2067--6373--314.jpg
dcdi debut - callnumber=6
dcdi milieu6
dcdi proche fin6
callIma2Name=C:/Users/yvesb/Documents/TadariDeep/TadariDeep/io_examples/ima2/Car200200-2021-Pass2-Z1-MU201092-S4U04838_20211006_072550_000--6--1189--22--4651--772--2928--6718--296.jpg
dcdi debut - callnumber=7
dcdi milieu7
dcdi proche fin7
callIma2Name=C:/Users/yvesb/Documents/TadariDeep/TadariDeep/io_examples/ima2/Car200200-2021-Pass2-Z1-MU201092-S4U04838_20211006_072550_000--7--1244--18--4651--825--3445--6546--351.jpg
dcdi debut - callnumber=8
dcdi milieu8
dcdi proche fin8
callIma2Name=C:/Users/yvesb/Documents/TadariDeep/TadariDeep/io_examples/ima2/Car200200-2021-Pass2-Z1-MU201092-S4U04838_20211006_072550_000--8--1121--21--4651--917--3273--6373--306.jpg
dcdi debut - callnumber=9
dcdi milieu9
dcdi proche fin9
callIma2Name=C:/Users/yvesb/Documents/TadariDeep/TadariDeep/io_examples/ima2/Car200200-2021-Pass2-Z1-MU201092-S4U04838_20211006_072550_000--9--958--18--4651--966--3445--6718--557.jpg
dcdi debut - callnumber=10
dcdi milieu10
dcdi proche fin10
callIma2Name=C:/Users/yvesb/Documents/TadariDeep/TadariDeep/io_examples/ima2/Car200200-2021-Pass2-Z1-MU201092-S4U04838_20211006_072550_000--10--1173--26--4651--1052--3273--6546--283.jpg
dcdi debut - callnumber=11
dcdi milieu11
dcdi proche fin11
callIma2Name=C:/Users/yvesb/Documents/TadariDeep/TadariDeep/io_examples/ima2/Car200200-2021-Pass2-Z1-MU201092-S4U04838_20211006_072550_000--11--902--19--4995--1102--3445--6373--303.jpg
dcdi debut - callnumber=12
dcdi milieu12
dcdi proche fin12
callIma2Name=C:/Users/yvesb/Documents/TadariDeep/TadariDeep/io_examples/ima2/Car200200-2021-Pass2-Z1-MU201092-S4U04838_20211006_072550_000--12--1048--22--4995--1198--3273--6029--359.jpg
dcdi debut - callnumber=13
dcdi milieu13
dcdi proche fin13
callIma2Name=C:/Users/yvesb/Documents/TadariDeep/TadariDeep/io_examples/ima2/Car200200-2021-Pass2-Z1-MU201092-S4U04838_20211006_072550_000--13--951--22--4651--1272--2928--6546--296.jpg
dcdi debut - callnumber=14
dcdi milieu14
dcdi proche fin14
callIma2Name=C:/Users/yvesb/Documents/TadariDeep/TadariDeep/io_examples/ima2/Car200200-2021-Pass2-Z1-MU201092-S4U04838_20211006_072550_000--14--949--18--4306--1366--3789--6718--92.jpg
dcdi debut - callnumber=15
duree trop courte - image ima2 non enregistree !
dcdi debut - callnumber=16
duree trop courte - image ima2 non enregistree !
dcdi debut - callnumber=17
duree trop courte - image ima2 non enregistree !
end of file treatment


tOF : 14:17:25:979
wavfile=Car200200-2021-Pass2-Z1-MU201092-S4U04838_20211006_072604_000.wav
c:
type du fichier wav C:/Users/yvesb/Documents/TadariDeep/TadariDeep/io_examples/Car200200-2021-Pass2-Z1-MU201092-S4U04838_20211006_072604_000.wav : 1
format du fichier wav : 2
g=1
sfte=48069
(computefft) samplerate = 44100
(computefft) TimeExpansion = 1.09
(computefft) coefspe = 1.09
(computefft) MsPerX = 0.725624
(computefft) KhzPerY = 0.172266
LimY dans computefft = 128
cF
LimY = 128
KhzPerY = 0.172266
_minY = 0
_maxY = 127
_freqMin = 0
FREQ_MAX = 250
cN
sD: 
dp2 msPerX = 0.725624
dp2 kHzPerY = 0.172266
dP
debut saveparameters
saveparameters 2
saveparameters 3
sP
lyi=128
savedatfile : 
   FftHeightHalf=128
   lyi=128
   _xHalf=0
   MsPerX=0.725624
   KhzPerY=0.172266
dcdi debut - callnumber=0
frequence du point maitre hors limites ! MpHz=20155
dcdi debut - callnumber=1
dcdi milieu1
dcdi proche fin1
callIma2Name=C:/Users/yvesb/Documents/TadariDeep/TadariDeep/io_examples/ima2/Car200200-2021-Pass2-Z1-MU201092-S4U04838_20211006_072604_000--1--850--18--6718--711--6373--7235--462.jpg
dcdi debut - callnumber=2
duree trop courte - image ima2 non enregistree !
end of file treatment


tOF : 14:17:26:043
wavfile=Car200200-2021-Pass2-Z1-MU201092-S4U04838_20211006_072623_000.wav
c:
type du fichier wav C:/Users/yvesb/Documents/TadariDeep/TadariDeep/io_examples/Car200200-2021-Pass2-Z1-MU201092-S4U04838_20211006_072623_000.wav : 1
format du fichier wav : 2
g=1
sfte=48069
(computefft) samplerate = 44100
(computefft) TimeExpansion = 1.09
(computefft) coefspe = 1.09
(computefft) MsPerX = 0.725624
(computefft) KhzPerY = 0.172266
LimY dans computefft = 128
cF
LimY = 128
KhzPerY = 0.172266
_minY = 0
_maxY = 127
_freqMin = 0
FREQ_MAX = 250
cN
sD: 
dp2 msPerX = 0.725624
dp2 kHzPerY = 0.172266
dP
debut saveparameters
saveparameters 2
saveparameters 3
sP
lyi=128
savedatfile : 
   FftHeightHalf=128
   lyi=128
   _xHalf=0
   MsPerX=0.725624
   KhzPerY=0.172266
dcdi debut - callnumber=0
duree trop courte - image ima2 non enregistree !
dcdi debut - callnumber=1
dcdi milieu1
dcdi proche fin1
callIma2Name=C:/Users/yvesb/Documents/TadariDeep/TadariDeep/io_examples/ima2/Car200200-2021-Pass2-Z1-MU201092-S4U04838_20211006_072623_000--1--953--61--2411--224--1722--6373--703.jpg
dcdi debut - callnumber=2
dcdi milieu2
dcdi proche fin2
callIma2Name=C:/Users/yvesb/Documents/TadariDeep/TadariDeep/io_examples/ima2/Car200200-2021-Pass2-Z1-MU201092-S4U04838_20211006_072623_000--2--1468--35--2239--293--1205--6718--689.jpg
dcdi debut - callnumber=3
dcdi milieu3
dcdi proche fin3
callIma2Name=C:/Users/yvesb/Documents/TadariDeep/TadariDeep/io_examples/ima2/Car200200-2021-Pass2-Z1-MU201092-S4U04838_20211006_072623_000--3--1484--38--2411--337--1205--7579--824.jpg
dcdi debut - callnumber=4
dcdi milieu4
dcdi proche fin4
callIma2Name=C:/Users/yvesb/Documents/TadariDeep/TadariDeep/io_examples/ima2/Car200200-2021-Pass2-Z1-MU201092-S4U04838_20211006_072623_000--4--1739--46--2411--380--1378--6718--746.jpg
dcdi debut - callnumber=5
dcdi milieu5
dcdi proche fin5
callIma2Name=C:/Users/yvesb/Documents/TadariDeep/TadariDeep/io_examples/ima2/Car200200-2021-Pass2-Z1-MU201092-S4U04838_20211006_072623_000--5--1474--41--3789--432--1550--7062--284.jpg
dcdi debut - callnumber=6
dcdi milieu6
dcdi proche fin6
callIma2Name=C:/Users/yvesb/Documents/TadariDeep/TadariDeep/io_examples/ima2/Car200200-2021-Pass2-Z1-MU201092-S4U04838_20211006_072623_000--6--1590--97--2411--479--1550--6718--292.jpg
dcdi debut - callnumber=7
dcdi milieu7
dcdi proche fin7
callIma2Name=C:/Users/yvesb/Documents/TadariDeep/TadariDeep/io_examples/ima2/Car200200-2021-Pass2-Z1-MU201092-S4U04838_20211006_072623_000--7--1807--256--3789--584--1378--7407--223.jpg
dcdi debut - callnumber=8
dcdi milieu8
dcdi proche fin8
callIma2Name=C:/Users/yvesb/Documents/TadariDeep/TadariDeep/io_examples/ima2/Car200200-2021-Pass2-Z1-MU201092-S4U04838_20211006_072623_000--8--1614--68--3789--843--1378--7579--142.jpg
dcdi debut - callnumber=9
dcdi milieu9
dcdi proche fin9
callIma2Name=C:/Users/yvesb/Documents/TadariDeep/TadariDeep/io_examples/ima2/Car200200-2021-Pass2-Z1-MU201092-S4U04838_20211006_072623_000--9--1433--25--3273--915--1378--7579--291.jpg
dcdi debut - callnumber=10
dcdi milieu10
dcdi proche fin10
callIma2Name=C:/Users/yvesb/Documents/TadariDeep/TadariDeep/io_examples/ima2/Car200200-2021-Pass2-Z1-MU201092-S4U04838_20211006_072623_000--10--990--28--3789--944--1550--4478--312.jpg
dcdi debut - callnumber=11
frequence du point maitre hors limites ! MpHz=19293
dcdi debut - callnumber=12
duree trop courte - image ima2 non enregistree !
dcdi debut - callnumber=13
duree trop courte - image ima2 non enregistree !
end of file treatment


tOF : 14:17:26:294
wavfile=Car200200-2021-Pass2-Z1-MU201092-S4U04838_20211006_072640_000.wav
c:
type du fichier wav C:/Users/yvesb/Documents/TadariDeep/TadariDeep/io_examples/Car200200-2021-Pass2-Z1-MU201092-S4U04838_20211006_072640_000.wav : 1
format du fichier wav : 2
g=1
sfte=48069
(computefft) samplerate = 44100
(computefft) TimeExpansion = 1.09
(computefft) coefspe = 1.09
(computefft) MsPerX = 0.725624
(computefft) KhzPerY = 0.172266
LimY dans computefft = 128
cF
LimY = 128
KhzPerY = 0.172266
_minY = 0
_maxY = 127
_freqMin = 0
FREQ_MAX = 250
cN
sD: 
dp2 msPerX = 0.725624
dp2 kHzPerY = 0.172266
dP
debut saveparameters
saveparameters 2
saveparameters 3
sP
lyi=128
savedatfile : 
   FftHeightHalf=128
   lyi=128
   _xHalf=0
   MsPerX=0.725624
   KhzPerY=0.172266
dcdi debut - callnumber=0
dcdi milieu0
dcdi proche fin0
callIma2Name=C:/Users/yvesb/Documents/TadariDeep/TadariDeep/io_examples/ima2/Car200200-2021-Pass2-Z1-MU201092-S4U04838_20211006_072640_000--0--990--35--8096--1--6201--8785--529.jpg
dcdi debut - callnumber=1
dcdi milieu1
dcdi proche fin1
callIma2Name=C:/Users/yvesb/Documents/TadariDeep/TadariDeep/io_examples/ima2/Car200200-2021-Pass2-Z1-MU201092-S4U04838_20211006_072640_000--1--612--18--7751--42--7235--9130--96.jpg
dcdi debut - callnumber=2
dcdi milieu2
dcdi proche fin2
callIma2Name=C:/Users/yvesb/Documents/TadariDeep/TadariDeep/io_examples/ima2/Car200200-2021-Pass2-Z1-MU201092-S4U04838_20211006_072640_000--2--1309--91--6029--89--4134--9302--822.jpg
dcdi debut - callnumber=3
duree trop courte - image ima2 non enregistree !
dcdi debut - callnumber=4
duree trop courte - image ima2 non enregistree !
dcdi debut - callnumber=5
dcdi milieu5
dcdi proche fin5
callIma2Name=C:/Users/yvesb/Documents/TadariDeep/TadariDeep/io_examples/ima2/Car200200-2021-Pass2-Z1-MU201092-S4U04838_20211006_072640_000--5--608--10--5857--193--5512--6373--593.jpg
dcdi debut - callnumber=6
dcdi milieu6
dcdi proche fin6
callIma2Name=C:/Users/yvesb/Documents/TadariDeep/TadariDeep/io_examples/ima2/Car200200-2021-Pass2-Z1-MU201092-S4U04838_20211006_072640_000--6--1324--81--7062--226--4823--9474--127.jpg
dcdi debut - callnumber=7
dcdi milieu7
dcdi proche fin7
callIma2Name=C:/Users/yvesb/Documents/TadariDeep/TadariDeep/io_examples/ima2/Car200200-2021-Pass2-Z1-MU201092-S4U04838_20211006_072640_000--7--1425--108--8096--306--6546--8957--36.jpg
dcdi debut - callnumber=8
dcdi milieu8
dcdi proche fin8
callIma2Name=C:/Users/yvesb/Documents/TadariDeep/TadariDeep/io_examples/ima2/Car200200-2021-Pass2-Z1-MU201092-S4U04838_20211006_072640_000--8--729--34--3962--370--3100--4306--531.jpg
dcdi debut - callnumber=9
duree trop courte - image ima2 non enregistree !
dcdi debut - callnumber=10
duree trop courte - image ima2 non enregistree !
dcdi debut - callnumber=11
dcdi milieu11
dcdi proche fin11
callIma2Name=C:/Users/yvesb/Documents/TadariDeep/TadariDeep/io_examples/ima2/Car200200-2021-Pass2-Z1-MU201092-S4U04838_20211006_072640_000--11--1860--105--8268--469--4306--8957--667.jpg
dcdi debut - callnumber=12
dcdi milieu12
dcdi proche fin12
callIma2Name=C:/Users/yvesb/Documents/TadariDeep/TadariDeep/io_examples/ima2/Car200200-2021-Pass2-Z1-MU201092-S4U04838_20211006_072640_000--12--1864--84--7751--580--6373--9130--602.jpg
dcdi debut - callnumber=13
dcdi milieu13
dcdi proche fin13
callIma2Name=C:/Users/yvesb/Documents/TadariDeep/TadariDeep/io_examples/ima2/Car200200-2021-Pass2-Z1-MU201092-S4U04838_20211006_072640_000--13--1886--212--8096--673--4651--8613--818.jpg
dcdi debut - callnumber=14
dcdi milieu14
dcdi proche fin14
callIma2Name=C:/Users/yvesb/Documents/TadariDeep/TadariDeep/io_examples/ima2/Car200200-2021-Pass2-Z1-MU201092-S4U04838_20211006_072640_000--14--769--10--5340--682--4478--6029--343.jpg
dcdi debut - callnumber=15
dcdi milieu15
dcdi proche fin15
callIma2Name=C:/Users/yvesb/Documents/TadariDeep/TadariDeep/io_examples/ima2/Car200200-2021-Pass2-Z1-MU201092-S4U04838_20211006_072640_000--15--928--23--7235--891--4995--8268--742.jpg
dcdi debut - callnumber=16
dcdi milieu16
dcdi proche fin16
callIma2Name=C:/Users/yvesb/Documents/TadariDeep/TadariDeep/io_examples/ima2/Car200200-2021-Pass2-Z1-MU201092-S4U04838_20211006_072640_000--16--2076--134--6718--915--3962--7751--286.jpg
dcdi debut - callnumber=17
duree trop courte - image ima2 non enregistree !
dcdi debut - callnumber=18
duree trop courte - image ima2 non enregistree !
dcdi debut - callnumber=19
dcdi milieu19
dcdi proche fin19
callIma2Name=C:/Users/yvesb/Documents/TadariDeep/TadariDeep/io_examples/ima2/Car200200-2021-Pass2-Z1-MU201092-S4U04838_20211006_072640_000--19--1807--86--7062--1058--5857--8613--637.jpg
dcdi debut - callnumber=20
duree trop courte - image ima2 non enregistree !
dcdi debut - callnumber=21
dcdi milieu21
dcdi proche fin21
callIma2Name=C:/Users/yvesb/Documents/TadariDeep/TadariDeep/io_examples/ima2/Car200200-2021-Pass2-Z1-MU201092-S4U04838_20211006_072640_000--21--1118--64--6373--1162--3100--7751--716.jpg
dcdi debut - callnumber=22
dcdi milieu22
dcdi proche fin22
callIma2Name=C:/Users/yvesb/Documents/TadariDeep/TadariDeep/io_examples/ima2/Car200200-2021-Pass2-Z1-MU201092-S4U04838_20211006_072640_000--22--1066--25--6890--1229--5512--7579--291.jpg
dcdi debut - callnumber=23
dcdi milieu23
dcdi proche fin23
callIma2Name=C:/Users/yvesb/Documents/TadariDeep/TadariDeep/io_examples/ima2/Car200200-2021-Pass2-Z1-MU201092-S4U04838_20211006_072640_000--23--739--47--4651--1263--4134--6029--719.jpg
dcdi debut - callnumber=24
dcdi milieu24
dcdi proche fin24
callIma2Name=C:/Users/yvesb/Documents/TadariDeep/TadariDeep/io_examples/ima2/Car200200-2021-Pass2-Z1-MU201092-S4U04838_20211006_072640_000--24--1174--19--7751--1274--7407--8441--875.jpg
dcdi debut - callnumber=25
dcdi milieu25
dcdi proche fin25
callIma2Name=C:/Users/yvesb/Documents/TadariDeep/TadariDeep/io_examples/ima2/Car200200-2021-Pass2-Z1-MU201092-S4U04838_20211006_072640_000--25--1304--36--8096--1292--7407--9819--617.jpg
dcdi debut - callnumber=26
duree trop courte - image ima2 non enregistree !
dcdi debut - callnumber=27
dcdi milieu27
dcdi proche fin27
callIma2Name=C:/Users/yvesb/Documents/TadariDeep/TadariDeep/io_examples/ima2/Car200200-2021-Pass2-Z1-MU201092-S4U04838_20211006_072640_000--27--955--11--7062--1409--6373--7579--441.jpg
dcdi debut - callnumber=28
dcdi milieu28
dcdi proche fin28
callIma2Name=C:/Users/yvesb/Documents/TadariDeep/TadariDeep/io_examples/ima2/Car200200-2021-Pass2-Z1-MU201092-S4U04838_20211006_072640_000--28--1119--25--5167--1439--4306--5857--430.jpg
dcdi debut - callnumber=29
dcdi milieu29
dcdi proche fin29
callIma2Name=C:/Users/yvesb/Documents/TadariDeep/TadariDeep/io_examples/ima2/Car200200-2021-Pass2-Z1-MU201092-S4U04838_20211006_072640_000--29--773--10--7062--1470--6546--8096--156.jpg
dcdi debut - callnumber=30
dcdi milieu30
dcdi proche fin30
callIma2Name=C:/Users/yvesb/Documents/TadariDeep/TadariDeep/io_examples/ima2/Car200200-2021-Pass2-Z1-MU201092-S4U04838_20211006_072640_000--30--707--14--5167--1486--4306--7924--547.jpg
dcdi debut - callnumber=31
dcdi milieu31
dcdi proche fin31
callIma2Name=C:/Users/yvesb/Documents/TadariDeep/TadariDeep/io_examples/ima2/Car200200-2021-Pass2-Z1-MU201092-S4U04838_20211006_072640_000--31--1602--28--6718--1547--4823--7407--562.jpg
dcdi debut - callnumber=32
duree trop courte - image ima2 non enregistree !
end of file treatment


tOF : 14:17:26:697
wavfile=Car200200-2021-Pass2-Z1-MU201092-S4U04838_20211006_072652_000.wav
c:
type du fichier wav C:/Users/yvesb/Documents/TadariDeep/TadariDeep/io_examples/Car200200-2021-Pass2-Z1-MU201092-S4U04838_20211006_072652_000.wav : 1
format du fichier wav : 2
g=1
sfte=48069
(computefft) samplerate = 44100
(computefft) TimeExpansion = 1.09
(computefft) coefspe = 1.09
(computefft) MsPerX = 0.725624
(computefft) KhzPerY = 0.172266
LimY dans computefft = 128
cF
LimY = 128
KhzPerY = 0.172266
_minY = 0
_maxY = 127
_freqMin = 0
FREQ_MAX = 250
cN
sD: 
dp2 msPerX = 0.725624
dp2 kHzPerY = 0.172266
dP
debut saveparameters
saveparameters 2
saveparameters 3
sP
lyi=128
savedatfile : 
   FftHeightHalf=128
   lyi=128
   _xHalf=0
   MsPerX=0.725624
   KhzPerY=0.172266
dcdi debut - callnumber=0
frequence du point maitre hors limites ! MpHz=19293
dcdi debut - callnumber=1
duree trop courte - image ima2 non enregistree !
dcdi debut - callnumber=2
duree trop courte - image ima2 non enregistree !
dcdi debut - callnumber=3
duree trop courte - image ima2 non enregistree !
dcdi debut - callnumber=4
duree trop courte - image ima2 non enregistree !
dcdi debut - callnumber=5
dcdi milieu5
dcdi proche fin5
callIma2Name=C:/Users/yvesb/Documents/TadariDeep/TadariDeep/io_examples/ima2/Car200200-2021-Pass2-Z1-MU201092-S4U04838_20211006_072652_000--5--755--30--7062--606--6718--7579--779.jpg
dcdi debut - callnumber=6
dcdi milieu6
dcdi proche fin6
callIma2Name=C:/Users/yvesb/Documents/TadariDeep/TadariDeep/io_examples/ima2/Car200200-2021-Pass2-Z1-MU201092-S4U04838_20211006_072652_000--6--994--30--5340--655--4651--9474--500.jpg
dcdi debut - callnumber=7
duree trop courte - image ima2 non enregistree !
dcdi debut - callnumber=8
dcdi milieu8
dcdi proche fin8
callIma2Name=C:/Users/yvesb/Documents/TadariDeep/TadariDeep/io_examples/ima2/Car200200-2021-Pass2-Z1-MU201092-S4U04838_20211006_072652_000--8--1280--93--7751--710--6890--8785--496.jpg
dcdi debut - callnumber=9
dcdi milieu9
dcdi proche fin9
callIma2Name=C:/Users/yvesb/Documents/TadariDeep/TadariDeep/io_examples/ima2/Car200200-2021-Pass2-Z1-MU201092-S4U04838_20211006_072652_000--9--1903--103--8268--835--4478--8785--690.jpg
dcdi debut - callnumber=10
duree trop courte - image ima2 non enregistree !
dcdi debut - callnumber=11
dcdi milieu11
dcdi proche fin11
callIma2Name=C:/Users/yvesb/Documents/TadariDeep/TadariDeep/io_examples/ima2/Car200200-2021-Pass2-Z1-MU201092-S4U04838_20211006_072652_000--11--1697--70--7924--967--6201--9130--423.jpg
dcdi debut - callnumber=12
dcdi milieu12
dcdi proche fin12
callIma2Name=C:/Users/yvesb/Documents/TadariDeep/TadariDeep/io_examples/ima2/Car200200-2021-Pass2-Z1-MU201092-S4U04838_20211006_072652_000--12--1836--192--6201--1042--4478--9991--577.jpg
dcdi debut - callnumber=13
dcdi milieu13
dcdi proche fin13
callIma2Name=C:/Users/yvesb/Documents/TadariDeep/TadariDeep/io_examples/ima2/Car200200-2021-Pass2-Z1-MU201092-S4U04838_20211006_072652_000--13--844--10--4478--1211--3962--5512--566.jpg
dcdi debut - callnumber=14
duree trop courte - image ima2 non enregistree !
dcdi debut - callnumber=15
duree trop courte - image ima2 non enregistree !
dcdi debut - callnumber=16
duree trop courte - image ima2 non enregistree !
dcdi debut - callnumber=17
dcdi milieu17
dcdi proche fin17
callIma2Name=C:/Users/yvesb/Documents/TadariDeep/TadariDeep/io_examples/ima2/Car200200-2021-Pass2-Z1-MU201092-S4U04838_20211006_072652_000--17--782--14--8268--1285--6718--8613--547.jpg
dcdi debut - callnumber=18
dcdi milieu18
dcdi proche fin18
callIma2Name=C:/Users/yvesb/Documents/TadariDeep/TadariDeep/io_examples/ima2/Car200200-2021-Pass2-Z1-MU201092-S4U04838_20211006_072652_000--18--1814--131--6718--1289--3962--7751--200.jpg
dcdi debut - callnumber=19
dcdi milieu19
dcdi proche fin19
callIma2Name=C:/Users/yvesb/Documents/TadariDeep/TadariDeep/io_examples/ima2/Car200200-2021-Pass2-Z1-MU201092-S4U04838_20211006_072652_000--19--2074--116--7235--1409--3789--8785--531.jpg
dcdi debut - callnumber=20
duree trop courte - image ima2 non enregistree !
dcdi debut - callnumber=21
dcdi milieu21
dcdi proche fin21
callIma2Name=C:/Users/yvesb/Documents/TadariDeep/TadariDeep/io_examples/ima2/Car200200-2021-Pass2-Z1-MU201092-S4U04838_20211006_072652_000--21--1651--65--6718--1535--3445--8441--225.jpg
dcdi debut - callnumber=22
dcdi milieu22
dcdi proche fin22
callIma2Name=C:/Users/yvesb/Documents/TadariDeep/TadariDeep/io_examples/ima2/Car200200-2021-Pass2-Z1-MU201092-S4U04838_20211006_072652_000--22--1673--74--7924--1601--7062--9991--577.jpg
dcdi debut - callnumber=23
dcdi milieu23
dcdi proche fin23
callIma2Name=C:/Users/yvesb/Documents/TadariDeep/TadariDeep/io_examples/ima2/Car200200-2021-Pass2-Z1-MU201092-S4U04838_20211006_072652_000--23--1017--43--5340--1610--4134--5857--336.jpg
dcdi debut - callnumber=24
duree trop courte - image ima2 non enregistree !
dcdi debut - callnumber=25
duree trop courte - image ima2 non enregistree !
end of file treatment


tOF : 14:17:26:923
wavfile=Car200200-2021-Pass2-Z1-MU201092-S4U04838_20211006_072725_000.wav
c:
type du fichier wav C:/Users/yvesb/Documents/TadariDeep/TadariDeep/io_examples/Car200200-2021-Pass2-Z1-MU201092-S4U04838_20211006_072725_000.wav : 1
format du fichier wav : 2
g=1
sfte=48069
(computefft) samplerate = 44100
(computefft) TimeExpansion = 1.09
(computefft) coefspe = 1.09
(computefft) MsPerX = 0.725624
(computefft) KhzPerY = 0.172266
LimY dans computefft = 128
cF
LimY = 128
KhzPerY = 0.172266
_minY = 0
_maxY = 127
_freqMin = 0
FREQ_MAX = 250
cN
sD: 
dp2 msPerX = 0.725624
dp2 kHzPerY = 0.172266
dP
debut saveparameters
saveparameters 2
saveparameters 3
sP
lyi=128
savedatfile : 
   FftHeightHalf=128
   lyi=128
   _xHalf=0
   MsPerX=0.725624
   KhzPerY=0.172266
dcdi debut - callnumber=0
duree trop courte - image ima2 non enregistree !
dcdi debut - callnumber=1
duree trop courte - image ima2 non enregistree !
end of file treatment


tOF : 14:17:26:969
wavfile=Car200200-2021-Pass2-Z1-MU201092-S4U04838_20211006_072738_000.wav
c:
type du fichier wav C:/Users/yvesb/Documents/TadariDeep/TadariDeep/io_examples/Car200200-2021-Pass2-Z1-MU201092-S4U04838_20211006_072738_000.wav : 1
format du fichier wav : 2
g=1
sfte=48069
(computefft) samplerate = 44100
(computefft) TimeExpansion = 1.09
(computefft) coefspe = 1.09
(computefft) MsPerX = 0.725624
(computefft) KhzPerY = 0.172266
LimY dans computefft = 128
cF
LimY = 128
KhzPerY = 0.172266
_minY = 0
_maxY = 127
_freqMin = 0
FREQ_MAX = 250
cN
sD: 
dp2 msPerX = 0.725624
dp2 kHzPerY = 0.172266
dP
debut saveparameters
saveparameters 2
saveparameters 3
sP
lyi=128
savedatfile : 
   FftHeightHalf=128
   lyi=128
   _xHalf=0
   MsPerX=0.725624
   KhzPerY=0.172266
dcdi debut - callnumber=0
duree trop courte - image ima2 non enregistree !
dcdi debut - callnumber=1
dcdi milieu1
dcdi proche fin1
callIma2Name=C:/Users/yvesb/Documents/TadariDeep/TadariDeep/io_examples/ima2/Car200200-2021-Pass2-Z1-MU201092-S4U04838_20211006_072738_000--1--640--13--4134--185--3617--4823--824.jpg
dcdi debut - callnumber=2
duree trop courte - image ima2 non enregistree !
end of file treatment


tOF : 14:17:27:028
wavfile=Car200200-2021-Pass2-Z1-MU201092-S4U04838_20211006_072753_000.wav
c:
type du fichier wav C:/Users/yvesb/Documents/TadariDeep/TadariDeep/io_examples/Car200200-2021-Pass2-Z1-MU201092-S4U04838_20211006_072753_000.wav : 1
format du fichier wav : 2
g=1
sfte=48069
(computefft) samplerate = 44100
(computefft) TimeExpansion = 1.09
(computefft) coefspe = 1.09
(computefft) MsPerX = 0.725624
(computefft) KhzPerY = 0.172266
LimY dans computefft = 128
cF
LimY = 128
KhzPerY = 0.172266
_minY = 0
_maxY = 127
_freqMin = 0
FREQ_MAX = 250
cN
sD: 
dp2 msPerX = 0.725624
dp2 kHzPerY = 0.172266
dP
debut saveparameters
saveparameters 2
saveparameters 3
sP
lyi=128
savedatfile : 
   FftHeightHalf=128
   lyi=128
   _xHalf=0
   MsPerX=0.725624
   KhzPerY=0.172266
dcdi debut - callnumber=0
duree trop courte - image ima2 non enregistree !
dcdi debut - callnumber=1
duree trop courte - image ima2 non enregistree !
dcdi debut - callnumber=2
dcdi milieu2
dcdi proche fin2
callIma2Name=C:/Users/yvesb/Documents/TadariDeep/TadariDeep/io_examples/ima2/Car200200-2021-Pass2-Z1-MU201092-S4U04838_20211006_072753_000--2--1070--34--4651--915--3273--6373--295.jpg
dcdi debut - callnumber=3
dcdi milieu3
dcdi proche fin3
callIma2Name=C:/Users/yvesb/Documents/TadariDeep/TadariDeep/io_examples/ima2/Car200200-2021-Pass2-Z1-MU201092-S4U04838_20211006_072753_000--3--1499--64--5167--957--3445--6201--561.jpg
dcdi debut - callnumber=4
dcdi milieu4
dcdi proche fin4
callIma2Name=C:/Users/yvesb/Documents/TadariDeep/TadariDeep/io_examples/ima2/Car200200-2021-Pass2-Z1-MU201092-S4U04838_20211006_072753_000--4--1465--60--5167--1027--3273--7407--558.jpg
dcdi debut - callnumber=5
dcdi milieu5
dcdi proche fin5
callIma2Name=C:/Users/yvesb/Documents/TadariDeep/TadariDeep/io_examples/ima2/Car200200-2021-Pass2-Z1-MU201092-S4U04838_20211006_072753_000--5--602--9--5167--1096--4651--5512--464.jpg
dcdi debut - callnumber=6
dcdi milieu6
dcdi proche fin6
callIma2Name=C:/Users/yvesb/Documents/TadariDeep/TadariDeep/io_examples/ima2/Car200200-2021-Pass2-Z1-MU201092-S4U04838_20211006_072753_000--6--1488--69--5167--1110--3617--6201--479.jpg
dcdi debut - callnumber=7
dcdi milieu7
dcdi proche fin7
callIma2Name=C:/Users/yvesb/Documents/TadariDeep/TadariDeep/io_examples/ima2/Car200200-2021-Pass2-Z1-MU201092-S4U04838_20211006_072753_000--7--1250--55--4651--1191--3789--5857--532.jpg
dcdi debut - callnumber=8
duree trop courte - image ima2 non enregistree !
dcdi debut - callnumber=9
dcdi milieu9
dcdi proche fin9
callIma2Name=C:/Users/yvesb/Documents/TadariDeep/TadariDeep/io_examples/ima2/Car200200-2021-Pass2-Z1-MU201092-S4U04838_20211006_072753_000--9--668--18--4134--1298--3273--5512--685.jpg
dcdi debut - callnumber=10
dcdi milieu10
dcdi proche fin10
callIma2Name=C:/Users/yvesb/Documents/TadariDeep/TadariDeep/io_examples/ima2/Car200200-2021-Pass2-Z1-MU201092-S4U04838_20211006_072753_000--10--683--10--4651--1393--3962--5167--406.jpg
dcdi debut - callnumber=11
duree trop courte - image ima2 non enregistree !
dcdi debut - callnumber=12
duree trop courte - image ima2 non enregistree !
end of file treatment


tOF : 14:17:27:167
wavfile=Car200200-2021-Pass2-Z1-MU201092-S4U04838_20211006_072820_000.wav
c:
type du fichier wav C:/Users/yvesb/Documents/TadariDeep/TadariDeep/io_examples/Car200200-2021-Pass2-Z1-MU201092-S4U04838_20211006_072820_000.wav : 1
format du fichier wav : 2
g=1
sfte=48069
(computefft) samplerate = 44100
(computefft) TimeExpansion = 1.09
(computefft) coefspe = 1.09
(computefft) MsPerX = 0.725624
(computefft) KhzPerY = 0.172266
LimY dans computefft = 128
cF
LimY = 128
KhzPerY = 0.172266
_minY = 0
_maxY = 127
_freqMin = 0
FREQ_MAX = 250
cN
sD: 
dp2 msPerX = 0.725624
dp2 kHzPerY = 0.172266
dP
debut saveparameters
saveparameters 2
saveparameters 3
sP
lyi=128
savedatfile : 
   FftHeightHalf=128
   lyi=128
   _xHalf=0
   MsPerX=0.725624
   KhzPerY=0.172266
dcdi debut - callnumber=0
duree trop courte - image ima2 non enregistree !
dcdi debut - callnumber=1
duree trop courte - image ima2 non enregistree !
dcdi debut - callnumber=2
dcdi milieu2
dcdi proche fin2
callIma2Name=C:/Users/yvesb/Documents/TadariDeep/TadariDeep/io_examples/ima2/Car200200-2021-Pass2-Z1-MU201092-S4U04838_20211006_072820_000--2--890--18--5340--851--4823--6029--288.jpg
dcdi debut - callnumber=3
dcdi milieu3
dcdi proche fin3
callIma2Name=C:/Users/yvesb/Documents/TadariDeep/TadariDeep/io_examples/ima2/Car200200-2021-Pass2-Z1-MU201092-S4U04838_20211006_072820_000--3--927--24--5340--937--4478--6373--271.jpg
dcdi debut - callnumber=4
dcdi milieu4
dcdi proche fin4
callIma2Name=C:/Users/yvesb/Documents/TadariDeep/TadariDeep/io_examples/ima2/Car200200-2021-Pass2-Z1-MU201092-S4U04838_20211006_072820_000--4--919--9--5167--966--4651--5512--535.jpg
dcdi debut - callnumber=5
duree trop courte - image ima2 non enregistree !
dcdi debut - callnumber=6
dcdi milieu6
dcdi proche fin6
callIma2Name=C:/Users/yvesb/Documents/TadariDeep/TadariDeep/io_examples/ima2/Car200200-2021-Pass2-Z1-MU201092-S4U04838_20211006_072820_000--6--646--23--4823--1036--3789--5340--287.jpg
dcdi debut - callnumber=7
duree trop courte - image ima2 non enregistree !
end of file treatment
endDetec  IThread = 0
