dtt modefreq=2


tOF : 14:17:23:600
wavfile=Car200200-2021-Pass2-Z1-MU201092-S4U04838_20211006_071748_000.wav
c:
type du fichier wav C:/Users/yvesb/Documents/TadariDeep/TadariDeep/io_examples/Car200200-2021-Pass2-Z1-MU201092-S4U04838_20211006_071748_000.wav : 1
format du fichier wav : 2
g=1
sfte=48069
(computefft) samplerate = 44100
(computefft) TimeExpansion = 1.09
(computefft) coefspe = 1.09
(computefft) MsPerX = 0.725624
(computefft) KhzPerY = 0.172266
LimY dans computefft = 128
cF
LimY = 128
KhzPerY = 0.172266
_minY = 0
_maxY = 127
_freqMin = 0
FREQ_MAX = 250
cN
sD: 
dp2 msPerX = 0.725624
dp2 kHzPerY = 0.172266
dP
debut saveparameters
saveparameters 2
saveparameters 3
sP
lyi=128
savedatfile : 
   FftHeightHalf=128
   lyi=128
   _xHalf=0
   MsPerX=0.725624
   KhzPerY=0.172266
dcdi debut - callnumber=0
dcdi milieu0
dcdi proche fin0
callIma2Name=C:/Users/yvesb/Documents/TadariDeep/TadariDeep/io_examples/ima2/Car200200-2021-Pass2-Z1-MU201092-S4U04838_20211006_071748_000--0--2328--157--3445--0--516--6546--213.jpg
dcdi debut - callnumber=1
dcdi milieu1
dcdi proche fin1
callIma2Name=C:/Users/yvesb/Documents/TadariDeep/TadariDeep/io_examples/ima2/Car200200-2021-Pass2-Z1-MU201092-S4U04838_20211006_071748_000--1--1406--74--4478--179--1378--6373--225.jpg
dcdi debut - callnumber=2
dcdi milieu2
dcdi proche fin2
callIma2Name=C:/Users/yvesb/Documents/TadariDeep/TadariDeep/io_examples/ima2/Car200200-2021-Pass2-Z1-MU201092-S4U04838_20211006_071748_000--2--2453--136--3445--289--1722--5684--124.jpg
dcdi debut - callnumber=3
frequence du point maitre hors limites ! MpHz=19810
dcdi debut - callnumber=4
duree trop courte - image ima2 non enregistree !
dcdi debut - callnumber=5
duree trop courte - image ima2 non enregistree !
dcdi debut - callnumber=6
duree trop courte - image ima2 non enregistree !
dcdi debut - callnumber=7
duree trop courte - image ima2 non enregistree !
end of file treatment


tOF : 14:17:23:702
wavfile=Car200200-2021-Pass2-Z1-MU201092-S4U04838_20211006_071815_000.wav
c:
type du fichier wav C:/Users/yvesb/Documents/TadariDeep/TadariDeep/io_examples/Car200200-2021-Pass2-Z1-MU201092-S4U04838_20211006_071815_000.wav : 1
format du fichier wav : 2
g=1
sfte=48069
(computefft) samplerate = 44100
(computefft) TimeExpansion = 1.09
(computefft) coefspe = 1.09
(computefft) MsPerX = 0.725624
(computefft) KhzPerY = 0.172266
LimY dans computefft = 128
cF
LimY = 128
KhzPerY = 0.172266
_minY = 0
_maxY = 127
_freqMin = 0
FREQ_MAX = 250
cN
sD: 
dp2 msPerX = 0.725624
dp2 kHzPerY = 0.172266
dP
debut saveparameters
saveparameters 2
saveparameters 3
sP
lyi=128
savedatfile : 
   FftHeightHalf=128
   lyi=128
   _xHalf=0
   MsPerX=0.725624
   KhzPerY=0.172266
dcdi debut - callnumber=0
duree trop courte - image ima2 non enregistree !
dcdi debut - callnumber=1
duree trop courte - image ima2 non enregistree !
dcdi debut - callnumber=2
duree trop courte - image ima2 non enregistree !
end of file treatment


tOF : 14:17:23:749
wavfile=Car200200-2021-Pass2-Z1-MU201092-S4U04838_20211006_071828_000.wav
c:
type du fichier wav C:/Users/yvesb/Documents/TadariDeep/TadariDeep/io_examples/Car200200-2021-Pass2-Z1-MU201092-S4U04838_20211006_071828_000.wav : 1
format du fichier wav : 2
g=1
sfte=48069
(computefft) samplerate = 44100
(computefft) TimeExpansion = 1.09
(computefft) coefspe = 1.09
(computefft) MsPerX = 0.725624
(computefft) KhzPerY = 0.172266
LimY dans computefft = 128
cF
LimY = 128
KhzPerY = 0.172266
_minY = 0
_maxY = 127
_freqMin = 0
FREQ_MAX = 250
cN
sD: 
dp2 msPerX = 0.725624
dp2 kHzPerY = 0.172266
dP
debut saveparameters
saveparameters 2
saveparameters 3
sP
lyi=128
savedatfile : 
   FftHeightHalf=128
   lyi=128
   _xHalf=0
   MsPerX=0.725624
   KhzPerY=0.172266
dcdi debut - callnumber=0
duree trop courte - image ima2 non enregistree !
end of file treatment


tOF : 14:17:23:796
wavfile=Car200200-2021-Pass2-Z1-MU201092-S4U04838_20211006_071847_000.wav
c:
type du fichier wav C:/Users/yvesb/Documents/TadariDeep/TadariDeep/io_examples/Car200200-2021-Pass2-Z1-MU201092-S4U04838_20211006_071847_000.wav : 1
format du fichier wav : 2
g=1
sfte=48069
(computefft) samplerate = 44100
(computefft) TimeExpansion = 1.09
(computefft) coefspe = 1.09
(computefft) MsPerX = 0.725624
(computefft) KhzPerY = 0.172266
LimY dans computefft = 128
cF
LimY = 128
KhzPerY = 0.172266
_minY = 0
_maxY = 127
_freqMin = 0
FREQ_MAX = 250
cN
sD: 
dp2 msPerX = 0.725624
dp2 kHzPerY = 0.172266
dP
debut saveparameters
saveparameters 2
saveparameters 3
sP
lyi=128
savedatfile : 
   FftHeightHalf=128
   lyi=128
   _xHalf=0
   MsPerX=0.725624
   KhzPerY=0.172266
dcdi debut - callnumber=0
duree trop courte - image ima2 non enregistree !
dcdi debut - callnumber=1
dcdi milieu1
dcdi proche fin1
callIma2Name=C:/Users/yvesb/Documents/TadariDeep/TadariDeep/io_examples/ima2/Car200200-2021-Pass2-Z1-MU201092-S4U04838_20211006_071847_000--1--690--27--3617--509--2756--4995--243.jpg
dcdi debut - callnumber=2
duree trop courte - image ima2 non enregistree !
dcdi debut - callnumber=3
duree trop courte - image ima2 non enregistree !
dcdi debut - callnumber=4
duree trop courte - image ima2 non enregistree !
dcdi debut - callnumber=5
duree trop courte - image ima2 non enregistree !
dcdi debut - callnumber=6
duree trop courte - image ima2 non enregistree !
dcdi debut - callnumber=7
duree trop courte - image ima2 non enregistree !
end of file treatment


tOF : 14:17:23:865
wavfile=Car200200-2021-Pass2-Z1-MU201092-S4U04838_20211006_071917_000.wav
c:
type du fichier wav C:/Users/yvesb/Documents/TadariDeep/TadariDeep/io_examples/Car200200-2021-Pass2-Z1-MU201092-S4U04838_20211006_071917_000.wav : 1
format du fichier wav : 2
g=1
sfte=48069
(computefft) samplerate = 44100
(computefft) TimeExpansion = 1.09
(computefft) coefspe = 1.09
(computefft) MsPerX = 0.725624
(computefft) KhzPerY = 0.172266
LimY dans computefft = 128
cF
LimY = 128
KhzPerY = 0.172266
_minY = 0
_maxY = 127
_freqMin = 0
FREQ_MAX = 250
cN
sD: 
dp2 msPerX = 0.725624
dp2 kHzPerY = 0.172266
dP
debut saveparameters
saveparameters 2
saveparameters 3
sP
lyi=128
savedatfile : 
   FftHeightHalf=128
   lyi=128
   _xHalf=0
   MsPerX=0.725624
   KhzPerY=0.172266
dcdi debut - callnumber=0
duree trop courte - image ima2 non enregistree !
dcdi debut - callnumber=1
duree trop courte - image ima2 non enregistree !
dcdi debut - callnumber=2
duree trop courte - image ima2 non enregistree !
dcdi debut - callnumber=3
duree trop courte - image ima2 non enregistree !
dcdi debut - callnumber=4
duree trop courte - image ima2 non enregistree !
end of file treatment


tOF : 14:17:23:918
wavfile=Car200200-2021-Pass2-Z1-MU201092-S4U04838_20211006_072043_000.wav
c:
type du fichier wav C:/Users/yvesb/Documents/TadariDeep/TadariDeep/io_examples/Car200200-2021-Pass2-Z1-MU201092-S4U04838_20211006_072043_000.wav : 1
format du fichier wav : 2
g=1
sfte=48069
(computefft) samplerate = 44100
(computefft) TimeExpansion = 1.09
(computefft) coefspe = 1.09
(computefft) MsPerX = 0.725624
(computefft) KhzPerY = 0.172266
LimY dans computefft = 128
cF
LimY = 128
KhzPerY = 0.172266
_minY = 0
_maxY = 127
_freqMin = 0
FREQ_MAX = 250
cN
sD: 
dp2 msPerX = 0.725624
dp2 kHzPerY = 0.172266
dP
debut saveparameters
saveparameters 2
saveparameters 3
sP
lyi=128
savedatfile : 
   FftHeightHalf=128
   lyi=128
   _xHalf=0
   MsPerX=0.725624
   KhzPerY=0.172266
dcdi debut - callnumber=0
dcdi milieu0
dcdi proche fin0
callIma2Name=C:/Users/yvesb/Documents/TadariDeep/TadariDeep/io_examples/ima2/Car200200-2021-Pass2-Z1-MU201092-S4U04838_20211006_072043_000--0--1225--33--5684--0--1894--7579--265.jpg
dcdi debut - callnumber=1
duree trop courte - image ima2 non enregistree !
dcdi debut - callnumber=2
dcdi milieu2
dcdi proche fin2
callIma2Name=C:/Users/yvesb/Documents/TadariDeep/TadariDeep/io_examples/ima2/Car200200-2021-Pass2-Z1-MU201092-S4U04838_20211006_072043_000--2--655--13--8613--137--7751--9302--725.jpg
dcdi debut - callnumber=3
dcdi milieu3
dcdi proche fin3
callIma2Name=C:/Users/yvesb/Documents/TadariDeep/TadariDeep/io_examples/ima2/Car200200-2021-Pass2-Z1-MU201092-S4U04838_20211006_072043_000--3--1306--19--5684--137--1550--7924--517.jpg
dcdi debut - callnumber=4
dcdi milieu4
dcdi proche fin4
callIma2Name=C:/Users/yvesb/Documents/TadariDeep/TadariDeep/io_examples/ima2/Car200200-2021-Pass2-Z1-MU201092-S4U04838_20211006_072043_000--4--1215--28--2756--288--1205--10852--362.jpg
dcdi debut - callnumber=5
duree trop courte - image ima2 non enregistree !
dcdi debut - callnumber=6
duree trop courte - image ima2 non enregistree !
dcdi debut - callnumber=7
duree trop courte - image ima2 non enregistree !
dcdi debut - callnumber=8
dcdi milieu8
dcdi proche fin8
callIma2Name=C:/Users/yvesb/Documents/TadariDeep/TadariDeep/io_examples/ima2/Car200200-2021-Pass2-Z1-MU201092-S4U04838_20211006_072043_000--8--733--55--3273--627--2411--5340--544.jpg
dcdi debut - callnumber=9
duree trop courte - image ima2 non enregistree !
dcdi debut - callnumber=10
dcdi milieu10
dcdi proche fin10
callIma2Name=C:/Users/yvesb/Documents/TadariDeep/TadariDeep/io_examples/ima2/Car200200-2021-Pass2-Z1-MU201092-S4U04838_20211006_072043_000--10--1000--114--6029--705--2067--10852--638.jpg
dcdi debut - callnumber=11
dcdi milieu11
dcdi proche fin11
callIma2Name=C:/Users/yvesb/Documents/TadariDeep/TadariDeep/io_examples/ima2/Car200200-2021-Pass2-Z1-MU201092-S4U04838_20211006_072043_000--11--1030--147--3789--796--1205--9646--772.jpg
dcdi debut - callnumber=12
duree trop courte - image ima2 non enregistree !
dcdi debut - callnumber=13
dcdi milieu13
dcdi proche fin13
callIma2Name=C:/Users/yvesb/Documents/TadariDeep/TadariDeep/io_examples/ima2/Car200200-2021-Pass2-Z1-MU201092-S4U04838_20211006_072043_000--13--1085--62--6201--965--2067--9646--729.jpg
dcdi debut - callnumber=14
dcdi milieu14
dcdi proche fin14
callIma2Name=C:/Users/yvesb/Documents/TadariDeep/TadariDeep/io_examples/ima2/Car200200-2021-Pass2-Z1-MU201092-S4U04838_20211006_072043_000--14--893--15--3273--1048--2756--3962--931.jpg
dcdi debut - callnumber=15
dcdi milieu15
dcdi proche fin15
callIma2Name=C:/Users/yvesb/Documents/TadariDeep/TadariDeep/io_examples/ima2/Car200200-2021-Pass2-Z1-MU201092-S4U04838_20211006_072043_000--15--718--34--6201--1051--4478--9819--343.jpg
dcdi debut - callnumber=16
dcdi milieu16
dcdi proche fin16
callIma2Name=C:/Users/yvesb/Documents/TadariDeep/TadariDeep/io_examples/ima2/Car200200-2021-Pass2-Z1-MU201092-S4U04838_20211006_072043_000--16--768--34--6029--1079--4134--9819--683.jpg
dcdi debut - callnumber=17
dcdi milieu17
dcdi proche fin17
callIma2Name=C:/Users/yvesb/Documents/TadariDeep/TadariDeep/io_examples/ima2/Car200200-2021-Pass2-Z1-MU201092-S4U04838_20211006_072043_000--17--1374--393--3273--1117--1205--11024--814.jpg
dcdi debut - callnumber=18
dcdi milieu18
dcdi proche fin18
callIma2Name=C:/Users/yvesb/Documents/TadariDeep/TadariDeep/io_examples/ima2/Car200200-2021-Pass2-Z1-MU201092-S4U04838_20211006_072043_000--18--626--23--6029--1148--4995--10680--779.jpg
dcdi debut - callnumber=19
duree trop courte - image ima2 non enregistree !
dcdi debut - callnumber=20
duree trop courte - image ima2 non enregistree !
dcdi debut - callnumber=21
duree trop courte - image ima2 non enregistree !
dcdi debut - callnumber=22
duree trop courte - image ima2 non enregistree !
dcdi debut - callnumber=23
dcdi milieu23
dcdi proche fin23
callIma2Name=C:/Users/yvesb/Documents/TadariDeep/TadariDeep/io_examples/ima2/Car200200-2021-Pass2-Z1-MU201092-S4U04838_20211006_072043_000--23--864--14--3273--1548--2583--4651--738.jpg
dcdi debut - callnumber=24
dcdi milieu24
dcdi proche fin24
callIma2Name=C:/Users/yvesb/Documents/TadariDeep/TadariDeep/io_examples/ima2/Car200200-2021-Pass2-Z1-MU201092-S4U04838_20211006_072043_000--24--701--15--4134--1568--2756--4823--65.jpg
dcdi debut - callnumber=25
duree trop courte - image ima2 non enregistree !
dcdi debut - callnumber=26
dcdi milieu26
dcdi proche fin26
callIma2Name=C:/Users/yvesb/Documents/TadariDeep/TadariDeep/io_examples/ima2/Car200200-2021-Pass2-Z1-MU201092-S4U04838_20211006_072043_000--26--882--26--3273--1680--2067--6201--418.jpg
dcdi debut - callnumber=27
dcdi milieu27
dcdi proche fin27
callIma2Name=C:/Users/yvesb/Documents/TadariDeep/TadariDeep/io_examples/ima2/Car200200-2021-Pass2-Z1-MU201092-S4U04838_20211006_072043_000--27--1110--29--3100--1711--2067--5684--719.jpg
dcdi debut - callnumber=28
dcdi milieu28
dcdi proche fin28
callIma2Name=C:/Users/yvesb/Documents/TadariDeep/TadariDeep/io_examples/ima2/Car200200-2021-Pass2-Z1-MU201092-S4U04838_20211006_072043_000--28--620--10--6029--1737--5167--6890--656.jpg
dcdi debut - callnumber=29
dcdi milieu29
dcdi proche fin29
callIma2Name=C:/Users/yvesb/Documents/TadariDeep/TadariDeep/io_examples/ima2/Car200200-2021-Pass2-Z1-MU201092-S4U04838_20211006_072043_000--29--1102--15--3273--1741--1894--3789--108.jpg
dcdi debut - callnumber=30
dcdi milieu30
dcdi proche fin30
callIma2Name=C:/Users/yvesb/Documents/TadariDeep/TadariDeep/io_examples/ima2/Car200200-2021-Pass2-Z1-MU201092-S4U04838_20211006_072043_000--30--697--15--3100--1761--1722--3617--113.jpg
dcdi debut - callnumber=31
duree trop courte - image ima2 non enregistree !
dcdi debut - callnumber=32
dcdi milieu32
dcdi proche fin32
callIma2Name=C:/Users/yvesb/Documents/TadariDeep/TadariDeep/io_examples/ima2/Car200200-2021-Pass2-Z1-MU201092-S4U04838_20211006_072043_000--32--918--24--3273--1829--2756--6890--214.jpg
dcdi debut - callnumber=33
duree trop courte - image ima2 non enregistree !
dcdi debut - callnumber=34
duree trop courte - image ima2 non enregistree !
dcdi debut - callnumber=35
duree trop courte - image ima2 non enregistree !
dcdi debut - callnumber=36
dcdi milieu36
dcdi proche fin36
callIma2Name=C:/Users/yvesb/Documents/TadariDeep/TadariDeep/io_examples/ima2/Car200200-2021-Pass2-Z1-MU201092-S4U04838_20211006_072043_000--36--638--15--3273--1894--2756--4134--68.jpg
dcdi debut - callnumber=37
dcdi milieu37
dcdi proche fin37
callIma2Name=C:/Users/yvesb/Documents/TadariDeep/TadariDeep/io_examples/ima2/Car200200-2021-Pass2-Z1-MU201092-S4U04838_20211006_072043_000--37--659--10--3273--1920--2583--4134--566.jpg
dcdi debut - callnumber=38
duree trop courte - image ima2 non enregistree !
dcdi debut - callnumber=39
dcdi milieu39
dcdi proche fin39
callIma2Name=C:/Users/yvesb/Documents/TadariDeep/TadariDeep/io_examples/ima2/Car200200-2021-Pass2-Z1-MU201092-S4U04838_20211006_072043_000--39--917--23--3617--2046--1894--6373--838.jpg
dcdi debut - callnumber=40
dcdi milieu40
dcdi proche fin40
callIma2Name=C:/Users/yvesb/Documents/TadariDeep/TadariDeep/io_examples/ima2/Car200200-2021-Pass2-Z1-MU201092-S4U04838_20211006_072043_000--40--1242--216--3273--2073--689--8613--389.jpg
dcdi debut - callnumber=41
duree trop courte - image ima2 non enregistree !
end of file treatment


tOF : 14:17:24:342
wavfile=Car200200-2021-Pass2-Z1-MU201092-S4U04838_20211006_072137_000.wav
c:
type du fichier wav C:/Users/yvesb/Documents/TadariDeep/TadariDeep/io_examples/Car200200-2021-Pass2-Z1-MU201092-S4U04838_20211006_072137_000.wav : 1
format du fichier wav : 2
g=1
sfte=48069
(computefft) samplerate = 44100
(computefft) TimeExpansion = 1.09
(computefft) coefspe = 1.09
(computefft) MsPerX = 0.725624
(computefft) KhzPerY = 0.172266
LimY dans computefft = 128
cF
LimY = 128
KhzPerY = 0.172266
_minY = 0
_maxY = 127
_freqMin = 0
FREQ_MAX = 250
cN
sD: 
dp2 msPerX = 0.725624
dp2 kHzPerY = 0.172266
dP
debut saveparameters
saveparameters 2
saveparameters 3
sP
lyi=128
savedatfile : 
   FftHeightHalf=128
   lyi=128
   _xHalf=0
   MsPerX=0.725624
   KhzPerY=0.172266
dcdi debut - callnumber=0
duree trop courte - image ima2 non enregistree !
dcdi debut - callnumber=1
duree trop courte - image ima2 non enregistree !
dcdi debut - callnumber=2
duree trop courte - image ima2 non enregistree !
end of file treatment


tOF : 14:17:24:389
wavfile=Car200200-2021-Pass2-Z1-MU201092-S4U04838_20211006_072234_000.wav
c:
type du fichier wav C:/Users/yvesb/Documents/TadariDeep/TadariDeep/io_examples/Car200200-2021-Pass2-Z1-MU201092-S4U04838_20211006_072234_000.wav : 1
format du fichier wav : 2
g=1
sfte=48069
(computefft) samplerate = 44100
(computefft) TimeExpansion = 1.09
(computefft) coefspe = 1.09
(computefft) MsPerX = 0.725624
(computefft) KhzPerY = 0.172266
LimY dans computefft = 128
cF
LimY = 128
KhzPerY = 0.172266
_minY = 0
_maxY = 127
_freqMin = 0
FREQ_MAX = 250
cN
sD: 
dp2 msPerX = 0.725624
dp2 kHzPerY = 0.172266
dP
debut saveparameters
saveparameters 2
saveparameters 3
sP
lyi=128
savedatfile : 
   FftHeightHalf=128
   lyi=128
   _xHalf=0
   MsPerX=0.725624
   KhzPerY=0.172266
dcdi debut - callnumber=0
frequence du point maitre hors limites ! MpHz=20327
dcdi debut - callnumber=1
duree trop courte - image ima2 non enregistree !
dcdi debut - callnumber=2
dcdi milieu2
dcdi proche fin2
callIma2Name=C:/Users/yvesb/Documents/TadariDeep/TadariDeep/io_examples/ima2/Car200200-2021-Pass2-Z1-MU201092-S4U04838_20211006_072234_000--2--843--18--4306--117--3789--4995--173.jpg
dcdi debut - callnumber=3
dcdi milieu3
dcdi proche fin3
callIma2Name=C:/Users/yvesb/Documents/TadariDeep/TadariDeep/io_examples/ima2/Car200200-2021-Pass2-Z1-MU201092-S4U04838_20211006_072234_000--3--969--16--4651--142--4134--5167--104.jpg
dcdi debut - callnumber=4
dcdi milieu4
dcdi proche fin4
callIma2Name=C:/Users/yvesb/Documents/TadariDeep/TadariDeep/io_examples/ima2/Car200200-2021-Pass2-Z1-MU201092-S4U04838_20211006_072234_000--4--708--15--5857--1429--5167--6718--934.jpg
dcdi debut - callnumber=5
dcdi milieu5
dcdi proche fin5
callIma2Name=C:/Users/yvesb/Documents/TadariDeep/TadariDeep/io_examples/ima2/Car200200-2021-Pass2-Z1-MU201092-S4U04838_20211006_072234_000--5--678--15--6029--1525--5512--6890--522.jpg
dcdi debut - callnumber=6
duree trop courte - image ima2 non enregistree !
end of file treatment


tOF : 14:17:24:495
wavfile=Car200200-2021-Pass2-Z1-MU201092-S4U04838_20211006_072250_000.wav
c:
type du fichier wav C:/Users/yvesb/Documents/TadariDeep/TadariDeep/io_examples/Car200200-2021-Pass2-Z1-MU201092-S4U04838_20211006_072250_000.wav : 1
format du fichier wav : 2
g=1
sfte=48069
(computefft) samplerate = 44100
(computefft) TimeExpansion = 1.09
(computefft) coefspe = 1.09
(computefft) MsPerX = 0.725624
(computefft) KhzPerY = 0.172266
LimY dans computefft = 128
cF
LimY = 128
KhzPerY = 0.172266
_minY = 0
_maxY = 127
_freqMin = 0
FREQ_MAX = 250
cN
sD: 
dp2 msPerX = 0.725624
dp2 kHzPerY = 0.172266
dP
debut saveparameters
saveparameters 2
saveparameters 3
sP
lyi=128
savedatfile : 
   FftHeightHalf=128
   lyi=128
   _xHalf=0
   MsPerX=0.725624
   KhzPerY=0.172266
dcdi debut - callnumber=0
dcdi milieu0
dcdi proche fin0
callIma2Name=C:/Users/yvesb/Documents/TadariDeep/TadariDeep/io_examples/ima2/Car200200-2021-Pass2-Z1-MU201092-S4U04838_20211006_072250_000--0--693--11--5857--909--4651--6718--88.jpg
dcdi debut - callnumber=1
duree trop courte - image ima2 non enregistree !
dcdi debut - callnumber=2
duree trop courte - image ima2 non enregistree !
end of file treatment


tOF : 14:17:24:562
wavfile=Car200200-2021-Pass2-Z1-MU201092-S4U04838_20211006_072303_000.wav
c:
type du fichier wav C:/Users/yvesb/Documents/TadariDeep/TadariDeep/io_examples/Car200200-2021-Pass2-Z1-MU201092-S4U04838_20211006_072303_000.wav : 1
format du fichier wav : 2
g=1
sfte=48069
(computefft) samplerate = 44100
(computefft) TimeExpansion = 1.09
(computefft) coefspe = 1.09
(computefft) MsPerX = 0.725624
(computefft) KhzPerY = 0.172266
LimY dans computefft = 128
cF
LimY = 128
KhzPerY = 0.172266
_minY = 0
_maxY = 127
_freqMin = 0
FREQ_MAX = 250
cN
sD: 
dp2 msPerX = 0.725624
dp2 kHzPerY = 0.172266
dP
debut saveparameters
saveparameters 2
saveparameters 3
sP
lyi=128
savedatfile : 
   FftHeightHalf=128
   lyi=128
   _xHalf=0
   MsPerX=0.725624
   KhzPerY=0.172266
dcdi debut - callnumber=0
duree trop courte - image ima2 non enregistree !
dcdi debut - callnumber=1
duree trop courte - image ima2 non enregistree !
dcdi debut - callnumber=2
duree trop courte - image ima2 non enregistree !
dcdi debut - callnumber=3
frequence du point maitre hors limites ! MpHz=21533
dcdi debut - callnumber=4
dcdi milieu4
dcdi proche fin4
callIma2Name=C:/Users/yvesb/Documents/TadariDeep/TadariDeep/io_examples/ima2/Car200200-2021-Pass2-Z1-MU201092-S4U04838_20211006_072303_000--4--1701--47--4995--842--3100--6029--320.jpg
dcdi debut - callnumber=5
dcdi milieu5
dcdi proche fin5
callIma2Name=C:/Users/yvesb/Documents/TadariDeep/TadariDeep/io_examples/ima2/Car200200-2021-Pass2-Z1-MU201092-S4U04838_20211006_072303_000--5--2303--63--6029--896--3962--7579--421.jpg
dcdi debut - callnumber=6
dcdi milieu6
dcdi proche fin6
callIma2Name=C:/Users/yvesb/Documents/TadariDeep/TadariDeep/io_examples/ima2/Car200200-2021-Pass2-Z1-MU201092-S4U04838_20211006_072303_000--6--1737--46--5684--967--2928--6546--546.jpg
dcdi debut - callnumber=7
duree trop courte - image ima2 non enregistree !
dcdi debut - callnumber=8
duree trop courte - image ima2 non enregistree !
dcdi debut - callnumber=9
duree trop courte - image ima2 non enregistree !
dcdi debut - callnumber=10
duree trop courte - image ima2 non enregistree !
dcdi debut - callnumber=11
duree trop courte - image ima2 non enregistree !
dcdi debut - callnumber=12
duree trop courte - image ima2 non enregistree !
end of file treatment


tOF : 14:17:24:706
wavfile=Car200200-2021-Pass2-Z1-MU201092-S4U04838_20211006_072330_000.wav
c:
type du fichier wav C:/Users/yvesb/Documents/TadariDeep/TadariDeep/io_examples/Car200200-2021-Pass2-Z1-MU201092-S4U04838_20211006_072330_000.wav : 1
format du fichier wav : 2
g=1
sfte=48069
(computefft) samplerate = 44100
(computefft) TimeExpansion = 1.09
(computefft) coefspe = 1.09
(computefft) MsPerX = 0.725624
(computefft) KhzPerY = 0.172266
LimY dans computefft = 128
cF
LimY = 128
KhzPerY = 0.172266
_minY = 0
_maxY = 127
_freqMin = 0
FREQ_MAX = 250
cN
sD: 
dp2 msPerX = 0.725624
dp2 kHzPerY = 0.172266
dP
debut saveparameters
saveparameters 2
saveparameters 3
sP
lyi=128
savedatfile : 
   FftHeightHalf=128
   lyi=128
   _xHalf=0
   MsPerX=0.725624
   KhzPerY=0.172266
dcdi debut - callnumber=0
duree trop courte - image ima2 non enregistree !
dcdi debut - callnumber=1
dcdi milieu1
dcdi proche fin1
callIma2Name=C:/Users/yvesb/Documents/TadariDeep/TadariDeep/io_examples/ima2/Car200200-2021-Pass2-Z1-MU201092-S4U04838_20211006_072330_000--1--615--18--3273--135--1722--4134--240.jpg
dcdi debut - callnumber=2
dcdi milieu2
dcdi proche fin2
callIma2Name=C:/Users/yvesb/Documents/TadariDeep/TadariDeep/io_examples/ima2/Car200200-2021-Pass2-Z1-MU201092-S4U04838_20211006_072330_000--2--906--39--6546--663--5167--7579--500.jpg
dcdi debut - callnumber=3
dcdi milieu3
dcdi proche fin3
callIma2Name=C:/Users/yvesb/Documents/TadariDeep/TadariDeep/io_examples/ima2/Car200200-2021-Pass2-Z1-MU201092-S4U04838_20211006_072330_000--3--1006--34--6373--892--5684--7062--418.jpg
dcdi debut - callnumber=4
dcdi milieu4
dcdi proche fin4
callIma2Name=C:/Users/yvesb/Documents/TadariDeep/TadariDeep/io_examples/ima2/Car200200-2021-Pass2-Z1-MU201092-S4U04838_20211006_072330_000--4--699--13--5167--980--4651--5684--289.jpg
dcdi debut - callnumber=5
dcdi milieu5
dcdi proche fin5
callIma2Name=C:/Users/yvesb/Documents/TadariDeep/TadariDeep/io_examples/ima2/Car200200-2021-Pass2-Z1-MU201092-S4U04838_20211006_072330_000--5--1153--31--6546--1280--6029--7579--215.jpg
dcdi debut - callnumber=6
dcdi milieu6
dcdi proche fin6
callIma2Name=C:/Users/yvesb/Documents/TadariDeep/TadariDeep/io_examples/ima2/Car200200-2021-Pass2-Z1-MU201092-S4U04838_20211006_072330_000--6--640--9--6546--1317--6029--7407--321.jpg
dcdi debut - callnumber=7
dcdi milieu7
dcdi proche fin7
callIma2Name=C:/Users/yvesb/Documents/TadariDeep/TadariDeep/io_examples/ima2/Car200200-2021-Pass2-Z1-MU201092-S4U04838_20211006_072330_000--7--927--23--6890--1436--6029--8785--602.jpg
dcdi debut - callnumber=8
duree trop courte - image ima2 non enregistree !
dcdi debut - callnumber=9
dcdi milieu9
dcdi proche fin9
callIma2Name=C:/Users/yvesb/Documents/TadariDeep/TadariDeep/io_examples/ima2/Car200200-2021-Pass2-Z1-MU201092-S4U04838_20211006_072330_000--9--934--24--5857--1534--4823--7924--614.jpg
dcdi debut - callnumber=10
dcdi milieu10
dcdi proche fin10
callIma2Name=C:/Users/yvesb/Documents/TadariDeep/TadariDeep/io_examples/ima2/Car200200-2021-Pass2-Z1-MU201092-S4U04838_20211006_072330_000--10--1102--35--6890--1679--4306--7751--170.jpg
dcdi debut - callnumber=11
dcdi milieu11
dcdi proche fin11
callIma2Name=C:/Users/yvesb/Documents/TadariDeep/TadariDeep/io_examples/ima2/Car200200-2021-Pass2-Z1-MU201092-S4U04838_20211006_072330_000--11--1013--19--6373--1854--5857--7235--303.jpg
dcdi debut - callnumber=12
duree trop courte - image ima2 non enregistree !
end of file treatment


tOF : 14:17:24:887
wavfile=Car200200-2021-Pass2-Z1-MU201092-S4U04838_20211006_072352_000.wav
c:
type du fichier wav C:/Users/yvesb/Documents/TadariDeep/TadariDeep/io_examples/Car200200-2021-Pass2-Z1-MU201092-S4U04838_20211006_072352_000.wav : 1
format du fichier wav : 2
g=1
sfte=48069
(computefft) samplerate = 44100
(computefft) TimeExpansion = 1.09
(computefft) coefspe = 1.09
(computefft) MsPerX = 0.725624
(computefft) KhzPerY = 0.172266
LimY dans computefft = 128
cF
LimY = 128
KhzPerY = 0.172266
_minY = 0
_maxY = 127
_freqMin = 0
FREQ_MAX = 250
cN
sD: 
dp2 msPerX = 0.725624
dp2 kHzPerY = 0.172266
dP
debut saveparameters
saveparameters 2
saveparameters 3
sP
lyi=128
savedatfile : 
   FftHeightHalf=128
   lyi=128
   _xHalf=0
   MsPerX=0.725624
   KhzPerY=0.172266
dcdi debut - callnumber=0
duree trop courte - image ima2 non enregistree !
dcdi debut - callnumber=1
duree trop courte - image ima2 non enregistree !
dcdi debut - callnumber=2
duree trop courte - image ima2 non enregistree !
dcdi debut - callnumber=3
dcdi milieu3
dcdi proche fin3
callIma2Name=C:/Users/yvesb/Documents/TadariDeep/TadariDeep/io_examples/ima2/Car200200-2021-Pass2-Z1-MU201092-S4U04838_20211006_072352_000--3--902--237--1378--600--516--3962--477.jpg
dcdi debut - callnumber=4
duree trop courte - image ima2 non enregistree !
dcdi debut - callnumber=5
duree trop courte - image ima2 non enregistree !
end of file treatment


tOF : 14:17:24:965
wavfile=Car200200-2021-Pass2-Z1-MU201092-S4U04838_20211006_072405_000.wav
c:
type du fichier wav C:/Users/yvesb/Documents/TadariDeep/TadariDeep/io_examples/Car200200-2021-Pass2-Z1-MU201092-S4U04838_20211006_072405_000.wav : 1
format du fichier wav : 2
g=1
sfte=48069
(computefft) samplerate = 44100
(computefft) TimeExpansion = 1.09
(computefft) coefspe = 1.09
(computefft) MsPerX = 0.725624
(computefft) KhzPerY = 0.172266
LimY dans computefft = 128
cF
LimY = 128
KhzPerY = 0.172266
_minY = 0
_maxY = 127
_freqMin = 0
FREQ_MAX = 250
cN
sD: 
dp2 msPerX = 0.725624
dp2 kHzPerY = 0.172266
dP
debut saveparameters
saveparameters 2
saveparameters 3
sP
lyi=128
savedatfile : 
   FftHeightHalf=128
   lyi=128
   _xHalf=0
   MsPerX=0.725624
   KhzPerY=0.172266
dcdi debut - callnumber=0
duree trop courte - image ima2 non enregistree !
end of file treatment


tOF : 14:17:25:016
wavfile=Car200200-2021-Pass2-Z1-MU201092-S4U04838_20211006_072458_000.wav
c:
type du fichier wav C:/Users/yvesb/Documents/TadariDeep/TadariDeep/io_examples/Car200200-2021-Pass2-Z1-MU201092-S4U04838_20211006_072458_000.wav : 1
format du fichier wav : 2
g=1
sfte=48069
(computefft) samplerate = 44100
(computefft) TimeExpansion = 1.09
(computefft) coefspe = 1.09
(computefft) MsPerX = 0.725624
(computefft) KhzPerY = 0.172266
LimY dans computefft = 128
cF
LimY = 128
KhzPerY = 0.172266
_minY = 0
_maxY = 127
_freqMin = 0
FREQ_MAX = 250
cN
sD: 
dp2 msPerX = 0.725624
dp2 kHzPerY = 0.172266
dP
debut saveparameters
saveparameters 2
saveparameters 3
sP
lyi=128
savedatfile : 
   FftHeightHalf=128
   lyi=128
   _xHalf=0
   MsPerX=0.725624
   KhzPerY=0.172266
dcdi debut - callnumber=0
duree trop courte - image ima2 non enregistree !
end of file treatment


tOF : 14:17:25:072
wavfile=Car200200-2021-Pass2-Z1-MU201092-S4U04838_20211006_072529_000.wav
c:
type du fichier wav C:/Users/yvesb/Documents/TadariDeep/TadariDeep/io_examples/Car200200-2021-Pass2-Z1-MU201092-S4U04838_20211006_072529_000.wav : 1
format du fichier wav : 2
g=1
sfte=48069
(computefft) samplerate = 44100
(computefft) TimeExpansion = 1.09
(computefft) coefspe = 1.09
(computefft) MsPerX = 0.725624
(computefft) KhzPerY = 0.172266
LimY dans computefft = 128
cF
LimY = 128
KhzPerY = 0.172266
_minY = 0
_maxY = 127
_freqMin = 0
FREQ_MAX = 250
cN
sD: 
dp2 msPerX = 0.725624
dp2 kHzPerY = 0.172266
dP
debut saveparameters
saveparameters 2
saveparameters 3
sP
lyi=128
savedatfile : 
   FftHeightHalf=128
   lyi=128
   _xHalf=0
   MsPerX=0.725624
   KhzPerY=0.172266
dcdi debut - callnumber=0
duree trop courte - image ima2 non enregistree !
dcdi debut - callnumber=1
duree trop courte - image ima2 non enregistree !
dcdi debut - callnumber=2
duree trop courte - image ima2 non enregistree !
dcdi debut - callnumber=3
duree trop courte - image ima2 non enregistree !
dcdi debut - callnumber=4
duree trop courte - image ima2 non enregistree !
dcdi debut - callnumber=5
duree trop courte - image ima2 non enregistree !
end of file treatment


tOF : 14:17:25:129
wavfile=Car200200-2021-Pass2-Z1-MU201092-S4U04838_20211006_072558_000.wav
c:
type du fichier wav C:/Users/yvesb/Documents/TadariDeep/TadariDeep/io_examples/Car200200-2021-Pass2-Z1-MU201092-S4U04838_20211006_072558_000.wav : 1
format du fichier wav : 2
g=1
sfte=48069
(computefft) samplerate = 44100
(computefft) TimeExpansion = 1.09
(computefft) coefspe = 1.09
(computefft) MsPerX = 0.725624
(computefft) KhzPerY = 0.172266
LimY dans computefft = 128
cF
LimY = 128
KhzPerY = 0.172266
_minY = 0
_maxY = 127
_freqMin = 0
FREQ_MAX = 250
cN
sD: 
dp2 msPerX = 0.725624
dp2 kHzPerY = 0.172266
dP
debut saveparameters
saveparameters 2
saveparameters 3
sP
lyi=128
savedatfile : 
   FftHeightHalf=128
   lyi=128
   _xHalf=0
   MsPerX=0.725624
   KhzPerY=0.172266
dcdi debut - callnumber=0
duree trop courte - image ima2 non enregistree !
dcdi debut - callnumber=1
duree trop courte - image ima2 non enregistree !
end of file treatment


tOF : 14:17:25:176
wavfile=Car200200-2021-Pass2-Z1-MU201092-S4U04838_20211006_072614_000.wav
c:
type du fichier wav C:/Users/yvesb/Documents/TadariDeep/TadariDeep/io_examples/Car200200-2021-Pass2-Z1-MU201092-S4U04838_20211006_072614_000.wav : 1
format du fichier wav : 2
g=1
sfte=48069
(computefft) samplerate = 44100
(computefft) TimeExpansion = 1.09
(computefft) coefspe = 1.09
(computefft) MsPerX = 0.725624
(computefft) KhzPerY = 0.172266
LimY dans computefft = 128
cF
LimY = 128
KhzPerY = 0.172266
_minY = 0
_maxY = 127
_freqMin = 0
FREQ_MAX = 250
cN
sD: 
dp2 msPerX = 0.725624
dp2 kHzPerY = 0.172266
dP
debut saveparameters
saveparameters 2
saveparameters 3
sP
lyi=128
savedatfile : 
   FftHeightHalf=128
   lyi=128
   _xHalf=0
   MsPerX=0.725624
   KhzPerY=0.172266
dcdi debut - callnumber=0
frequence du point maitre hors limites ! MpHz=18432
dcdi debut - callnumber=1
dcdi milieu1
dcdi proche fin1
callIma2Name=C:/Users/yvesb/Documents/TadariDeep/TadariDeep/io_examples/ima2/Car200200-2021-Pass2-Z1-MU201092-S4U04838_20211006_072614_000--1--640--14--4651--1421--4306--5167--547.jpg
dcdi debut - callnumber=2
duree trop courte - image ima2 non enregistree !
end of file treatment


tOF : 14:17:25:250
wavfile=Car200200-2021-Pass2-Z1-MU201092-S4U04838_20211006_072631_000.wav
c:
type du fichier wav C:/Users/yvesb/Documents/TadariDeep/TadariDeep/io_examples/Car200200-2021-Pass2-Z1-MU201092-S4U04838_20211006_072631_000.wav : 1
format du fichier wav : 2
g=1
sfte=48069
(computefft) samplerate = 44100
(computefft) TimeExpansion = 1.09
(computefft) coefspe = 1.09
(computefft) MsPerX = 0.725624
(computefft) KhzPerY = 0.172266
LimY dans computefft = 128
cF
LimY = 128
KhzPerY = 0.172266
_minY = 0
_maxY = 127
_freqMin = 0
FREQ_MAX = 250
cN
sD: 
dp2 msPerX = 0.725624
dp2 kHzPerY = 0.172266
dP
debut saveparameters
saveparameters 2
saveparameters 3
sP
lyi=128
savedatfile : 
   FftHeightHalf=128
   lyi=128
   _xHalf=0
   MsPerX=0.725624
   KhzPerY=0.172266
dcdi debut - callnumber=0
dcdi milieu0
dcdi proche fin0
callIma2Name=C:/Users/yvesb/Documents/TadariDeep/TadariDeep/io_examples/ima2/Car200200-2021-Pass2-Z1-MU201092-S4U04838_20211006_072631_000--0--685--10--2239--0--1894--3962--531.jpg
dcdi debut - callnumber=1
dcdi milieu1
dcdi proche fin1
callIma2Name=C:/Users/yvesb/Documents/TadariDeep/TadariDeep/io_examples/ima2/Car200200-2021-Pass2-Z1-MU201092-S4U04838_20211006_072631_000--1--827--158--2239--15--1722--4651--97.jpg
dcdi debut - callnumber=2
dcdi milieu2
dcdi proche fin2
callIma2Name=C:/Users/yvesb/Documents/TadariDeep/TadariDeep/io_examples/ima2/Car200200-2021-Pass2-Z1-MU201092-S4U04838_20211006_072631_000--2--643--22--6201--296--5512--6890--515.jpg
dcdi debut - callnumber=3
duree trop courte - image ima2 non enregistree !
dcdi debut - callnumber=4
duree trop courte - image ima2 non enregistree !
dcdi debut - callnumber=5
dcdi milieu5
dcdi proche fin5
callIma2Name=C:/Users/yvesb/Documents/TadariDeep/TadariDeep/io_examples/ima2/Car200200-2021-Pass2-Z1-MU201092-S4U04838_20211006_072631_000--5--1057--469--2928--885--1378--8785--201.jpg
dcdi debut - callnumber=6
duree trop courte - image ima2 non enregistree !
dcdi debut - callnumber=7
duree trop courte - image ima2 non enregistree !
dcdi debut - callnumber=8
duree trop courte - image ima2 non enregistree !
dcdi debut - callnumber=9
duree trop courte - image ima2 non enregistree !
dcdi debut - callnumber=10
frequence du point maitre hors limites ! MpHz=21016
dcdi debut - callnumber=11
frequence du point maitre hors limites ! MpHz=12919
end of file treatment


tOF : 14:17:25:396
wavfile=Car200200-2021-Pass2-Z1-MU201092-S4U04838_20211006_072647_000.wav
c:
type du fichier wav C:/Users/yvesb/Documents/TadariDeep/TadariDeep/io_examples/Car200200-2021-Pass2-Z1-MU201092-S4U04838_20211006_072647_000.wav : 1
format du fichier wav : 2
g=1
sfte=48069
(computefft) samplerate = 44100
(computefft) TimeExpansion = 1.09
(computefft) coefspe = 1.09
(computefft) MsPerX = 0.725624
(computefft) KhzPerY = 0.172266
LimY dans computefft = 128
cF
LimY = 128
KhzPerY = 0.172266
_minY = 0
_maxY = 127
_freqMin = 0
FREQ_MAX = 250
cN
sD: 
dp2 msPerX = 0.725624
dp2 kHzPerY = 0.172266
dP
debut saveparameters
saveparameters 2
saveparameters 3
sP
lyi=128
savedatfile : 
   FftHeightHalf=128
   lyi=128
   _xHalf=0
   MsPerX=0.725624
   KhzPerY=0.172266
dcdi debut - callnumber=0
dcdi milieu0
C:/Users/yvesb/Documents/TadariDeep/TadariDeep/io_examples/ima2/Car200200-2021-Pass2-Z1-MU201092-S4U04838_20211006_072647_000--0--2673--67--6373--0--5167--8957--5.jpg : point maitre trop pres des bords
dcdi debut - callnumber=1
dcdi milieu1
dcdi proche fin1
callIma2Name=C:/Users/yvesb/Documents/TadariDeep/TadariDeep/io_examples/ima2/Car200200-2021-Pass2-Z1-MU201092-S4U04838_20211006_072647_000--1--1968--158--5340--76--3789--8613--602.jpg
dcdi debut - callnumber=2
dcdi milieu2
dcdi proche fin2
callIma2Name=C:/Users/yvesb/Documents/TadariDeep/TadariDeep/io_examples/ima2/Car200200-2021-Pass2-Z1-MU201092-S4U04838_20211006_072647_000--2--1918--58--6890--240--3789--8613--734.jpg
dcdi debut - callnumber=3
dcdi milieu3
dcdi proche fin3
callIma2Name=C:/Users/yvesb/Documents/TadariDeep/TadariDeep/io_examples/ima2/Car200200-2021-Pass2-Z1-MU201092-S4U04838_20211006_072647_000--3--620--26--7062--302--5340--8441--223.jpg
dcdi debut - callnumber=4
dcdi milieu4
dcdi proche fin4
callIma2Name=C:/Users/yvesb/Documents/TadariDeep/TadariDeep/io_examples/ima2/Car200200-2021-Pass2-Z1-MU201092-S4U04838_20211006_072647_000--4--1011--21--4306--844--3617--4823--816.jpg
dcdi debut - callnumber=5
dcdi milieu5
dcdi proche fin5
callIma2Name=C:/Users/yvesb/Documents/TadariDeep/TadariDeep/io_examples/ima2/Car200200-2021-Pass2-Z1-MU201092-S4U04838_20211006_072647_000--5--609--13--4306--1611--3445--5167--447.jpg
dcdi debut - callnumber=6
duree trop courte - image ima2 non enregistree !
end of file treatment


tOF : 14:17:25:514
wavfile=Car200200-2021-Pass2-Z1-MU201092-S4U04838_20211006_072708_000.wav
c:
type du fichier wav C:/Users/yvesb/Documents/TadariDeep/TadariDeep/io_examples/Car200200-2021-Pass2-Z1-MU201092-S4U04838_20211006_072708_000.wav : 1
format du fichier wav : 2
g=1
sfte=48069
(computefft) samplerate = 44100
(computefft) TimeExpansion = 1.09
(computefft) coefspe = 1.09
(computefft) MsPerX = 0.725624
(computefft) KhzPerY = 0.172266
LimY dans computefft = 128
cF
LimY = 128
KhzPerY = 0.172266
_minY = 0
_maxY = 127
_freqMin = 0
FREQ_MAX = 250
cN
sD: 
dp2 msPerX = 0.725624
dp2 kHzPerY = 0.172266
dP
debut saveparameters
saveparameters 2
saveparameters 3
sP
lyi=128
savedatfile : 
   FftHeightHalf=128
   lyi=128
   _xHalf=0
   MsPerX=0.725624
   KhzPerY=0.172266
dcdi debut - callnumber=0
duree trop courte - image ima2 non enregistree !
dcdi debut - callnumber=1
dcdi milieu1
dcdi proche fin1
callIma2Name=C:/Users/yvesb/Documents/TadariDeep/TadariDeep/io_examples/ima2/Car200200-2021-Pass2-Z1-MU201092-S4U04838_20211006_072708_000--1--968--21--4995--317--4478--6718--216.jpg
dcdi debut - callnumber=2
dcdi milieu2
dcdi proche fin2
callIma2Name=C:/Users/yvesb/Documents/TadariDeep/TadariDeep/io_examples/ima2/Car200200-2021-Pass2-Z1-MU201092-S4U04838_20211006_072708_000--2--958--17--4823--398--4306--5340--540.jpg
dcdi debut - callnumber=3
duree trop courte - image ima2 non enregistree !
dcdi debut - callnumber=4
duree trop courte - image ima2 non enregistree !
dcdi debut - callnumber=5
dcdi milieu5
dcdi proche fin5
callIma2Name=C:/Users/yvesb/Documents/TadariDeep/TadariDeep/io_examples/ima2/Car200200-2021-Pass2-Z1-MU201092-S4U04838_20211006_072708_000--5--792--48--3789--2047--2239--5167--404.jpg
dcdi debut - callnumber=6
dcdi milieu6
dcdi proche fin6
callIma2Name=C:/Users/yvesb/Documents/TadariDeep/TadariDeep/io_examples/ima2/Car200200-2021-Pass2-Z1-MU201092-S4U04838_20211006_072708_000--6--817--63--3445--2491--1550--5340--471.jpg
dcdi debut - callnumber=7
dcdi milieu7
dcdi proche fin7
callIma2Name=C:/Users/yvesb/Documents/TadariDeep/TadariDeep/io_examples/ima2/Car200200-2021-Pass2-Z1-MU201092-S4U04838_20211006_072708_000--7--729--29--3789--2567--2411--5167--182.jpg
dcdi debut - callnumber=8
dcdi milieu8
dcdi proche fin8
callIma2Name=C:/Users/yvesb/Documents/TadariDeep/TadariDeep/io_examples/ima2/Car200200-2021-Pass2-Z1-MU201092-S4U04838_20211006_072708_000--8--602--31--3789--2614--2928--4478--766.jpg
dcdi debut - callnumber=9
duree trop courte - image ima2 non enregistree !
end of file treatment


tOF : 14:17:25:669
wavfile=Car200200-2021-Pass2-Z1-MU201092-S4U04838_20211006_072732_000.wav
c:
type du fichier wav C:/Users/yvesb/Documents/TadariDeep/TadariDeep/io_examples/Car200200-2021-Pass2-Z1-MU201092-S4U04838_20211006_072732_000.wav : 1
format du fichier wav : 2
g=1
sfte=48069
(computefft) samplerate = 44100
(computefft) TimeExpansion = 1.09
(computefft) coefspe = 1.09
(computefft) MsPerX = 0.725624
(computefft) KhzPerY = 0.172266
LimY dans computefft = 128
cF
LimY = 128
KhzPerY = 0.172266
_minY = 0
_maxY = 127
_freqMin = 0
FREQ_MAX = 250
cN
sD: 
dp2 msPerX = 0.725624
dp2 kHzPerY = 0.172266
dP
debut saveparameters
saveparameters 2
saveparameters 3
sP
lyi=128
savedatfile : 
   FftHeightHalf=128
   lyi=128
   _xHalf=0
   MsPerX=0.725624
   KhzPerY=0.172266
dcdi debut - callnumber=0
duree trop courte - image ima2 non enregistree !
dcdi debut - callnumber=1
duree trop courte - image ima2 non enregistree !
end of file treatment


tOF : 14:17:25:722
wavfile=Car200200-2021-Pass2-Z1-MU201092-S4U04838_20211006_072746_000.wav
c:
type du fichier wav C:/Users/yvesb/Documents/TadariDeep/TadariDeep/io_examples/Car200200-2021-Pass2-Z1-MU201092-S4U04838_20211006_072746_000.wav : 1
format du fichier wav : 2
g=1
sfte=48069
(computefft) samplerate = 44100
(computefft) TimeExpansion = 1.09
(computefft) coefspe = 1.09
(computefft) MsPerX = 0.725624
(computefft) KhzPerY = 0.172266
LimY dans computefft = 128
cF
LimY = 128
KhzPerY = 0.172266
_minY = 0
_maxY = 127
_freqMin = 0
FREQ_MAX = 250
cN
sD: 
dp2 msPerX = 0.725624
dp2 kHzPerY = 0.172266
dP
debut saveparameters
saveparameters 2
saveparameters 3
sP
lyi=128
savedatfile : 
   FftHeightHalf=128
   lyi=128
   _xHalf=0
   MsPerX=0.725624
   KhzPerY=0.172266
dcdi debut - callnumber=0
dcdi milieu0
C:/Users/yvesb/Documents/TadariDeep/TadariDeep/io_examples/ima2/Car200200-2021-Pass2-Z1-MU201092-S4U04838_20211006_072746_000--0--1038--38--5340--0--4651--5857--9.jpg : point maitre trop pres des bords
dcdi debut - callnumber=1
dcdi milieu1
dcdi proche fin1
callIma2Name=C:/Users/yvesb/Documents/TadariDeep/TadariDeep/io_examples/ima2/Car200200-2021-Pass2-Z1-MU201092-S4U04838_20211006_072746_000--1--1548--65--5340--35--3445--6201--258.jpg
dcdi debut - callnumber=2
duree trop courte - image ima2 non enregistree !
dcdi debut - callnumber=3
dcdi milieu3
dcdi proche fin3
callIma2Name=C:/Users/yvesb/Documents/TadariDeep/TadariDeep/io_examples/ima2/Car200200-2021-Pass2-Z1-MU201092-S4U04838_20211006_072746_000--3--660--21--4823--167--4306--5512--596.jpg
dcdi debut - callnumber=4
dcdi milieu4
dcdi proche fin4
callIma2Name=C:/Users/yvesb/Documents/TadariDeep/TadariDeep/io_examples/ima2/Car200200-2021-Pass2-Z1-MU201092-S4U04838_20211006_072746_000--4--2345--312--5857--1482--3962--8268--574.jpg
dcdi debut - callnumber=5
dcdi milieu5
dcdi proche fin5
callIma2Name=C:/Users/yvesb/Documents/TadariDeep/TadariDeep/io_examples/ima2/Car200200-2021-Pass2-Z1-MU201092-S4U04838_20211006_072746_000--5--1052--59--4651--1797--3962--6546--463.jpg
dcdi debut - callnumber=6
dcdi milieu6
dcdi proche fin6
callIma2Name=C:/Users/yvesb/Documents/TadariDeep/TadariDeep/io_examples/ima2/Car200200-2021-Pass2-Z1-MU201092-S4U04838_20211006_072746_000--6--952--34--5167--1885--3617--5857--438.jpg
dcdi debut - callnumber=7
dcdi milieu7
dcdi proche fin7
callIma2Name=C:/Users/yvesb/Documents/TadariDeep/TadariDeep/io_examples/ima2/Car200200-2021-Pass2-Z1-MU201092-S4U04838_20211006_072746_000--7--994--26--4823--1925--4134--5512--175.jpg
dcdi debut - callnumber=8
duree trop courte - image ima2 non enregistree !
end of file treatment


tOF : 14:17:25:854
wavfile=Car200200-2021-Pass2-Z1-MU201092-S4U04838_20211006_072806_000.wav
c:
type du fichier wav C:/Users/yvesb/Documents/TadariDeep/TadariDeep/io_examples/Car200200-2021-Pass2-Z1-MU201092-S4U04838_20211006_072806_000.wav : 1
format du fichier wav : 2
g=1
sfte=48069
(computefft) samplerate = 44100
(computefft) TimeExpansion = 1.09
(computefft) coefspe = 1.09
(computefft) MsPerX = 0.725624
(computefft) KhzPerY = 0.172266
LimY dans computefft = 128
cF
LimY = 128
KhzPerY = 0.172266
_minY = 0
_maxY = 127
_freqMin = 0
FREQ_MAX = 250
cN
sD: 
dp2 msPerX = 0.725624
dp2 kHzPerY = 0.172266
dP
debut saveparameters
saveparameters 2
saveparameters 3
sP
lyi=128
savedatfile : 
   FftHeightHalf=128
   lyi=128
   _xHalf=0
   MsPerX=0.725624
   KhzPerY=0.172266
dcdi debut - callnumber=0
dcdi milieu0
dcdi proche fin0
callIma2Name=C:/Users/yvesb/Documents/TadariDeep/TadariDeep/io_examples/ima2/Car200200-2021-Pass2-Z1-MU201092-S4U04838_20211006_072806_000--0--798--10--4995--199--4651--5684--531.jpg
dcdi debut - callnumber=1
dcdi milieu1
dcdi proche fin1
callIma2Name=C:/Users/yvesb/Documents/TadariDeep/TadariDeep/io_examples/ima2/Car200200-2021-Pass2-Z1-MU201092-S4U04838_20211006_072806_000--1--847--39--6890--1531--6373--7924--354.jpg
dcdi debut - callnumber=2
dcdi milieu2
dcdi proche fin2
callIma2Name=C:/Users/yvesb/Documents/TadariDeep/TadariDeep/io_examples/ima2/Car200200-2021-Pass2-Z1-MU201092-S4U04838_20211006_072806_000--2--1005--17--5684--1607--4995--6201--219.jpg
dcdi debut - callnumber=3
dcdi milieu3
dcdi proche fin3
callIma2Name=C:/Users/yvesb/Documents/TadariDeep/TadariDeep/io_examples/ima2/Car200200-2021-Pass2-Z1-MU201092-S4U04838_20211006_072806_000--3--1587--25--7751--1647--7062--8957--125.jpg
dcdi debut - callnumber=4
dcdi milieu4
dcdi proche fin4
callIma2Name=C:/Users/yvesb/Documents/TadariDeep/TadariDeep/io_examples/ima2/Car200200-2021-Pass2-Z1-MU201092-S4U04838_20211006_072806_000--4--1198--41--8613--1725--7407--9646--646.jpg
dcdi debut - callnumber=5
dcdi milieu5
dcdi proche fin5
callIma2Name=C:/Users/yvesb/Documents/TadariDeep/TadariDeep/io_examples/ima2/Car200200-2021-Pass2-Z1-MU201092-S4U04838_20211006_072806_000--5--1033--23--6373--1739--4995--6718--378.jpg
dcdi debut - callnumber=6
dcdi milieu6
dcdi proche fin6
callIma2Name=C:/Users/yvesb/Documents/TadariDeep/TadariDeep/io_examples/ima2/Car200200-2021-Pass2-Z1-MU201092-S4U04838_20211006_072806_000--6--1043--10--7407--1788--5857--8268--281.jpg
dcdi debut - callnumber=7
dcdi milieu7
dcdi proche fin7
callIma2Name=C:/Users/yvesb/Documents/TadariDeep/TadariDeep/io_examples/ima2/Car200200-2021-Pass2-Z1-MU201092-S4U04838_20211006_072806_000--7--2083--56--7407--1807--6201--8096--183.jpg
dcdi debut - callnumber=8
dcdi milieu8
dcdi proche fin8
callIma2Name=C:/Users/yvesb/Documents/TadariDeep/TadariDeep/io_examples/ima2/Car200200-2021-Pass2-Z1-MU201092-S4U04838_20211006_072806_000--8--726--10--5512--1830--4651--6029--699.jpg
dcdi debut - callnumber=9
dcdi milieu9
dcdi proche fin9
callIma2Name=C:/Users/yvesb/Documents/TadariDeep/TadariDeep/io_examples/ima2/Car200200-2021-Pass2-Z1-MU201092-S4U04838_20211006_072806_000--9--1089--34--7407--1873--5684--9991--71.jpg
dcdi debut - callnumber=10
dcdi milieu10
dcdi proche fin10
callIma2Name=C:/Users/yvesb/Documents/TadariDeep/TadariDeep/io_examples/ima2/Car200200-2021-Pass2-Z1-MU201092-S4U04838_20211006_072806_000--10--2170--70--8613--1909--5167--10335--698.jpg
dcdi debut - callnumber=11
dcdi milieu11
dcdi proche fin11
callIma2Name=C:/Users/yvesb/Documents/TadariDeep/TadariDeep/io_examples/ima2/Car200200-2021-Pass2-Z1-MU201092-S4U04838_20211006_072806_000--11--1078--16--7407--1985--5684--13781--687.jpg
dcdi debut - callnumber=12
duree trop courte - image ima2 non enregistree !
end of file treatment
endDetec  IThread = 1
