config : multiplesounds = 1
modefreq=2
on_btnDeepTreat_clicked : multiplesounds = 1
___ directorytreat nrep = 1
___ directorytreat reptotreat = C:/Users/yvesb/Downloads/temp
directoryTreat : multiplesounds = 1
directoryTreat : deep treat !
manageDetecCall 1  multiplesounds = 1
Treatment of the folder C:/Users/yvesb/Downloads/temp15:16:17:562

treated folder : C:/Users/yvesb/Downloads/temp
pas d espece imposee : 
manageDetecCall 1  multiplesounds = 1
15:16:18:988
avant appelreadautoident
managedeteccall 2 :  multiplesounds = 1
apres appelreadautoident - as=
on_btnDeepTreat_clicked : multiplesounds = 1
___ directorytreat nrep = 1
___ directorytreat reptotreat = C:/Users/yvesb/Downloads/Nilsson2Conc
directoryTreat : multiplesounds = 1
directoryTreat : deep treat !
manageDetecCall 1  multiplesounds = 1
Treatment of the folder C:/Users/yvesb/Downloads/Nilsson2Conc15:16:30:950

treated folder : C:/Users/yvesb/Downloads/Nilsson2Conc
pas d espece imposee : 
before launching detec
end of detecCall
1 not treated file ( too long duration)
manageDetecCall 1  multiplesounds = 1
15:16:31:067

  -  1 not treated file ( too long duration)   (see error.log)
avant appelreadautoident
managedeteccall 2 :  multiplesounds = 1
apres appelreadautoident - as=
on_btnDeepTreat_clicked : multiplesounds = 1
___ directorytreat nrep = 1
___ directorytreat reptotreat = C:/Users/yvesb/Downloads/QFC basse
directoryTreat : multiplesounds = 1
directoryTreat : deep treat !
manageDetecCall 1  multiplesounds = 1
Treatment of the folder C:/Users/yvesb/Downloads/QFC basse15:16:41:481

treated folder : C:/Users/yvesb/Downloads/QFC basse
pas d espece imposee : 
before launching detec
end of detecCall
manageDetecCall 1  multiplesounds = 1
manageDetecCall 1  multiplesounds = 1
manageDetecCall 1  multiplesounds = 1
manageDetecCall 1  multiplesounds = 1
manageDetecCall 1  multiplesounds = 1
manageDetecCall 1  multiplesounds = 1
manageDetecCall 1  multiplesounds = 1
manageDetecCall 1  multiplesounds = 1
manageDetecCall 1  multiplesounds = 1
manageDetecCall 1  multiplesounds = 1
manageDetecCall 1  multiplesounds = 1
manageDetecCall 1  multiplesounds = 1
manageDetecCall 1  multiplesounds = 1
manageDetecCall 1  multiplesounds = 1
manageDetecCall 1  multiplesounds = 1
manageDetecCall 1  multiplesounds = 1
manageDetecCall 1  multiplesounds = 1
manageDetecCall 1  multiplesounds = 1
manageDetecCall 1  multiplesounds = 1
manageDetecCall 1  multiplesounds = 1
manageDetecCall 1  multiplesounds = 1
manageDetecCall 1  multiplesounds = 1
manageDetecCall 1  multiplesounds = 1
manageDetecCall 1  multiplesounds = 1
manageDetecCall 1  multiplesounds = 1
manageDetecCall 1  multiplesounds = 1
manageDetecCall 1  multiplesounds = 1
manageDetecCall 1  multiplesounds = 1
manageDetecCall 1  multiplesounds = 1
manageDetecCall 1  multiplesounds = 1
manageDetecCall 1  multiplesounds = 1
manageDetecCall 1  multiplesounds = 1
manageDetecCall 1  multiplesounds = 1
manageDetecCall 1  multiplesounds = 1
manageDetecCall 1  multiplesounds = 1
manageDetecCall 1  multiplesounds = 1
manageDetecCall 1  multiplesounds = 1
manageDetecCall 1  multiplesounds = 1
manageDetecCall 1  multiplesounds = 1
manageDetecCall 1  multiplesounds = 1
manageDetecCall 1  multiplesounds = 1
manageDetecCall 1  multiplesounds = 1
manageDetecCall 1  multiplesounds = 1
manageDetecCall 1  multiplesounds = 1
manageDetecCall 1  multiplesounds = 1
manageDetecCall 1  multiplesounds = 1
manageDetecCall 1  multiplesounds = 1
manageDetecCall 1  multiplesounds = 1
manageDetecCall 1  multiplesounds = 1
manageDetecCall 1  multiplesounds = 1
manageDetecCall 1  multiplesounds = 1
manageDetecCall 1  multiplesounds = 1
manageDetecCall 1  multiplesounds = 1
manageDetecCall 1  multiplesounds = 1
manageDetecCall 1  multiplesounds = 1
manageDetecCall 1  multiplesounds = 1
manageDetecCall 1  multiplesounds = 1
manageDetecCall 1  multiplesounds = 1
manageDetecCall 1  multiplesounds = 1
manageDetecCall 1  multiplesounds = 1
manageDetecCall 1  multiplesounds = 1
manageDetecCall 1  multiplesounds = 1
manageDetecCall 1  multiplesounds = 1
manageDetecCall 1  multiplesounds = 1
manageDetecCall 1  multiplesounds = 1
manageDetecCall 1  multiplesounds = 1
manageDetecCall 1  multiplesounds = 1
manageDetecCall 1  multiplesounds = 1
manageDetecCall 1  multiplesounds = 1
manageDetecCall 1  multiplesounds = 1
manageDetecCall 1  multiplesounds = 1
manageDetecCall 1  multiplesounds = 1
manageDetecCall 1  multiplesounds = 1
manageDetecCall 1  multiplesounds = 1
manageDetecCall 1  multiplesounds = 1
manageDetecCall 1  multiplesounds = 1
manageDetecCall 1  multiplesounds = 1
manageDetecCall 1  multiplesounds = 1
manageDetecCall 1  multiplesounds = 1
manageDetecCall 1  multiplesounds = 1
manageDetecCall 1  multiplesounds = 1
manageDetecCall 1  multiplesounds = 1
manageDetecCall 1  multiplesounds = 1
manageDetecCall 1  multiplesounds = 1
manageDetecCall 1  multiplesounds = 1
manageDetecCall 1  multiplesounds = 1
manageDetecCall 1  multiplesounds = 1
manageDetecCall 1  multiplesounds = 1
manageDetecCall 1  multiplesounds = 1
manageDetecCall 1  multiplesounds = 1
manageDetecCall 1  multiplesounds = 1
manageDetecCall 1  multiplesounds = 1
manageDetecCall 1  multiplesounds = 1
manageDetecCall 1  multiplesounds = 1
manageDetecCall 1  multiplesounds = 1
manageDetecCall 1  multiplesounds = 1
manageDetecCall 1  multiplesounds = 1
manageDetecCall 1  multiplesounds = 1
manageDetecCall 1  multiplesounds = 1
manageDetecCall 1  multiplesounds = 1
manageDetecCall 1  multiplesounds = 1
manageDetecCall 1  multiplesounds = 1
manageDetecCall 1  multiplesounds = 1
manageDetecCall 1  multiplesounds = 1
manageDetecCall 1  multiplesounds = 1
manageDetecCall 1  multiplesounds = 1
manageDetecCall 1  multiplesounds = 1
manageDetecCall 1  multiplesounds = 1
manageDetecCall 1  multiplesounds = 1
manageDetecCall 1  multiplesounds = 1
manageDetecCall 1  multiplesounds = 1
manageDetecCall 1  multiplesounds = 1
manageDetecCall 1  multiplesounds = 1
manageDetecCall 1  multiplesounds = 1
manageDetecCall 1  multiplesounds = 1
manageDetecCall 1  multiplesounds = 1
manageDetecCall 1  multiplesounds = 1
manageDetecCall 1  multiplesounds = 1
manageDetecCall 1  multiplesounds = 1
manageDetecCall 1  multiplesounds = 1
manageDetecCall 1  multiplesounds = 1
manageDetecCall 1  multiplesounds = 1
manageDetecCall 1  multiplesounds = 1
manageDetecCall 1  multiplesounds = 1
manageDetecCall 1  multiplesounds = 1
manageDetecCall 1  multiplesounds = 1
manageDetecCall 1  multiplesounds = 1
manageDetecCall 1  multiplesounds = 1
manageDetecCall 1  multiplesounds = 1
manageDetecCall 1  multiplesounds = 1
manageDetecCall 1  multiplesounds = 1
manageDetecCall 1  multiplesounds = 1
manageDetecCall 1  multiplesounds = 1
manageDetecCall 1  multiplesounds = 1
manageDetecCall 1  multiplesounds = 1
manageDetecCall 1  multiplesounds = 1
manageDetecCall 1  multiplesounds = 1
manageDetecCall 1  multiplesounds = 1
manageDetecCall 1  multiplesounds = 1
manageDetecCall 1  multiplesounds = 1
manageDetecCall 1  multiplesounds = 1
manageDetecCall 1  multiplesounds = 1
manageDetecCall 1  multiplesounds = 1
manageDetecCall 1  multiplesounds = 1
manageDetecCall 1  multiplesounds = 1
manageDetecCall 1  multiplesounds = 1
manageDetecCall 1  multiplesounds = 1
manageDetecCall 1  multiplesounds = 1
manageDetecCall 1  multiplesounds = 1
manageDetecCall 1  multiplesounds = 1
manageDetecCall 1  multiplesounds = 1
manageDetecCall 1  multiplesounds = 1
manageDetecCall 1  multiplesounds = 1
manageDetecCall 1  multiplesounds = 1
manageDetecCall 1  multiplesounds = 1
manageDetecCall 1  multiplesounds = 1
manageDetecCall 1  multiplesounds = 1
manageDetecCall 1  multiplesounds = 1
manageDetecCall 1  multiplesounds = 1
manageDetecCall 1  multiplesounds = 1
manageDetecCall 1  multiplesounds = 1
manageDetecCall 1  multiplesounds = 1
manageDetecCall 1  multiplesounds = 1
manageDetecCall 1  multiplesounds = 1
manageDetecCall 1  multiplesounds = 1
manageDetecCall 1  multiplesounds = 1
manageDetecCall 1  multiplesounds = 1
manageDetecCall 1  multiplesounds = 1
manageDetecCall 1  multiplesounds = 1
manageDetecCall 1  multiplesounds = 1
manageDetecCall 1  multiplesounds = 1
manageDetecCall 1  multiplesounds = 1
manageDetecCall 1  multiplesounds = 1
manageDetecCall 1  multiplesounds = 1
manageDetecCall 1  multiplesounds = 1
manageDetecCall 1  multiplesounds = 1
manageDetecCall 1  multiplesounds = 1
manageDetecCall 1  multiplesounds = 1
manageDetecCall 1  multiplesounds = 1
manageDetecCall 1  multiplesounds = 1
manageDetecCall 1  multiplesounds = 1
manageDetecCall 1  multiplesounds = 1
manageDetecCall 1  multiplesounds = 1
manageDetecCall 1  multiplesounds = 1
manageDetecCall 1  multiplesounds = 1
manageDetecCall 1  multiplesounds = 1
manageDetecCall 1  multiplesounds = 1
manageDetecCall 1  multiplesounds = 1
manageDetecCall 1  multiplesounds = 1
manageDetecCall 1  multiplesounds = 1
manageDetecCall 1  multiplesounds = 1
manageDetecCall 1  multiplesounds = 1
manageDetecCall 1  multiplesounds = 1
manageDetecCall 1  multiplesounds = 1
manageDetecCall 1  multiplesounds = 1
manageDetecCall 1  multiplesounds = 1
manageDetecCall 1  multiplesounds = 1
manageDetecCall 1  multiplesounds = 1
manageDetecCall 1  multiplesounds = 1
manageDetecCall 1  multiplesounds = 1
manageDetecCall 1  multiplesounds = 1
manageDetecCall 1  multiplesounds = 1
manageDetecCall 1  multiplesounds = 1
manageDetecCall 1  multiplesounds = 1
manageDetecCall 1  multiplesounds = 1
manageDetecCall 1  multiplesounds = 1
manageDetecCall 1  multiplesounds = 1
manageDetecCall 1  multiplesounds = 1
manageDetecCall 1  multiplesounds = 1
manageDetecCall 1  multiplesounds = 1
manageDetecCall 1  multiplesounds = 1
manageDetecCall 1  multiplesounds = 1
manageDetecCall 1  multiplesounds = 1
manageDetecCall 1  multiplesounds = 1
manageDetecCall 1  multiplesounds = 1
manageDetecCall 1  multiplesounds = 1
manageDetecCall 1  multiplesounds = 1
manageDetecCall 1  multiplesounds = 1
manageDetecCall 1  multiplesounds = 1
manageDetecCall 1  multiplesounds = 1
manageDetecCall 1  multiplesounds = 1
manageDetecCall 1  multiplesounds = 1
manageDetecCall 1  multiplesounds = 1
manageDetecCall 1  multiplesounds = 1
manageDetecCall 1  multiplesounds = 1
manageDetecCall 1  multiplesounds = 1
manageDetecCall 1  multiplesounds = 1
manageDetecCall 1  multiplesounds = 1
manageDetecCall 1  multiplesounds = 1
manageDetecCall 1  multiplesounds = 1
manageDetecCall 1  multiplesounds = 1
manageDetecCall 1  multiplesounds = 1
manageDetecCall 1  multiplesounds = 1
manageDetecCall 1  multiplesounds = 1
manageDetecCall 1  multiplesounds = 1
manageDetecCall 1  multiplesounds = 1
manageDetecCall 1  multiplesounds = 1
manageDetecCall 1  multiplesounds = 1
manageDetecCall 1  multiplesounds = 1
manageDetecCall 1  multiplesounds = 1
manageDetecCall 1  multiplesounds = 1
manageDetecCall 1  multiplesounds = 1
manageDetecCall 1  multiplesounds = 1
manageDetecCall 1  multiplesounds = 1
manageDetecCall 1  multiplesounds = 1
manageDetecCall 1  multiplesounds = 1
manageDetecCall 1  multiplesounds = 1
manageDetecCall 1  multiplesounds = 1
manageDetecCall 1  multiplesounds = 1
manageDetecCall 1  multiplesounds = 1
manageDetecCall 1  multiplesounds = 1
manageDetecCall 1  multiplesounds = 1
manageDetecCall 1  multiplesounds = 1
manageDetecCall 1  multiplesounds = 1
manageDetecCall 1  multiplesounds = 1
manageDetecCall 1  multiplesounds = 1
manageDetecCall 1  multiplesounds = 1
manageDetecCall 1  multiplesounds = 1
manageDetecCall 1  multiplesounds = 1
manageDetecCall 1  multiplesounds = 1
manageDetecCall 1  multiplesounds = 1
manageDetecCall 1  multiplesounds = 1
manageDetecCall 1  multiplesounds = 1
manageDetecCall 1  multiplesounds = 1
manageDetecCall 1  multiplesounds = 1
manageDetecCall 1  multiplesounds = 1
manageDetecCall 1  multiplesounds = 1
manageDetecCall 1  multiplesounds = 1
manageDetecCall 1  multiplesounds = 1
manageDetecCall 1  multiplesounds = 1
manageDetecCall 1  multiplesounds = 1
manageDetecCall 1  multiplesounds = 1
manageDetecCall 1  multiplesounds = 1
manageDetecCall 1  multiplesounds = 1
manageDetecCall 1  multiplesounds = 1
manageDetecCall 1  multiplesounds = 1
manageDetecCall 1  multiplesounds = 1
manageDetecCall 1  multiplesounds = 1
manageDetecCall 1  multiplesounds = 1
manageDetecCall 1  multiplesounds = 1
manageDetecCall 1  multiplesounds = 1
manageDetecCall 1  multiplesounds = 1
manageDetecCall 1  multiplesounds = 1
manageDetecCall 1  multiplesounds = 1
manageDetecCall 1  multiplesounds = 1
manageDetecCall 1  multiplesounds = 1
manageDetecCall 1  multiplesounds = 1
manageDetecCall 1  multiplesounds = 1
manageDetecCall 1  multiplesounds = 1
manageDetecCall 1  multiplesounds = 1
manageDetecCall 1  multiplesounds = 1
manageDetecCall 1  multiplesounds = 1
manageDetecCall 1  multiplesounds = 1
manageDetecCall 1  multiplesounds = 1
manageDetecCall 1  multiplesounds = 1
manageDetecCall 1  multiplesounds = 1
manageDetecCall 1  multiplesounds = 1
manageDetecCall 1  multiplesounds = 1
manageDetecCall 1  multiplesounds = 1
manageDetecCall 1  multiplesounds = 1
manageDetecCall 1  multiplesounds = 1
manageDetecCall 1  multiplesounds = 1
manageDetecCall 1  multiplesounds = 1
manageDetecCall 1  multiplesounds = 1
manageDetecCall 1  multiplesounds = 1
manageDetecCall 1  multiplesounds = 1
manageDetecCall 1  multiplesounds = 1
manageDetecCall 1  multiplesounds = 1
manageDetecCall 1  multiplesounds = 1
manageDetecCall 1  multiplesounds = 1
manageDetecCall 1  multiplesounds = 1
manageDetecCall 1  multiplesounds = 1
manageDetecCall 1  multiplesounds = 1
manageDetecCall 1  multiplesounds = 1
manageDetecCall 1  multiplesounds = 1
manageDetecCall 1  multiplesounds = 1
manageDetecCall 1  multiplesounds = 1
manageDetecCall 1  multiplesounds = 1
manageDetecCall 1  multiplesounds = 1
manageDetecCall 1  multiplesounds = 1
manageDetecCall 1  multiplesounds = 1
manageDetecCall 1  multiplesounds = 1
manageDetecCall 1  multiplesounds = 1
manageDetecCall 1  multiplesounds = 1
manageDetecCall 1  multiplesounds = 1
manageDetecCall 1  multiplesounds = 1
manageDetecCall 1  multiplesounds = 1
manageDetecCall 1  multiplesounds = 1
manageDetecCall 1  multiplesounds = 1
manageDetecCall 1  multiplesounds = 1
manageDetecCall 1  multiplesounds = 1
manageDetecCall 1  multiplesounds = 1
manageDetecCall 1  multiplesounds = 1
manageDetecCall 1  multiplesounds = 1
manageDetecCall 1  multiplesounds = 1
manageDetecCall 1  multiplesounds = 1
manageDetecCall 1  multiplesounds = 1
manageDetecCall 1  multiplesounds = 1
manageDetecCall 1  multiplesounds = 1
manageDetecCall 1  multiplesounds = 1
manageDetecCall 1  multiplesounds = 1
manageDetecCall 1  multiplesounds = 1
manageDetecCall 1  multiplesounds = 1
manageDetecCall 1  multiplesounds = 1
manageDetecCall 1  multiplesounds = 1
manageDetecCall 1  multiplesounds = 1
manageDetecCall 1  multiplesounds = 1
manageDetecCall 1  multiplesounds = 1
manageDetecCall 1  multiplesounds = 1
manageDetecCall 1  multiplesounds = 1
manageDetecCall 1  multiplesounds = 1
manageDetecCall 1  multiplesounds = 1
manageDetecCall 1  multiplesounds = 1
manageDetecCall 1  multiplesounds = 1
manageDetecCall 1  multiplesounds = 1
manageDetecCall 1  multiplesounds = 1
manageDetecCall 1  multiplesounds = 1
manageDetecCall 1  multiplesounds = 1
manageDetecCall 1  multiplesounds = 1
manageDetecCall 1  multiplesounds = 1
manageDetecCall 1  multiplesounds = 1
manageDetecCall 1  multiplesounds = 1
manageDetecCall 1  multiplesounds = 1
manageDetecCall 1  multiplesounds = 1
manageDetecCall 1  multiplesounds = 1
manageDetecCall 1  multiplesounds = 1
manageDetecCall 1  multiplesounds = 1
manageDetecCall 1  multiplesounds = 1
manageDetecCall 1  multiplesounds = 1
manageDetecCall 1  multiplesounds = 1
manageDetecCall 1  multiplesounds = 1
manageDetecCall 1  multiplesounds = 1
manageDetecCall 1  multiplesounds = 1
manageDetecCall 1  multiplesounds = 1
manageDetecCall 1  multiplesounds = 1
manageDetecCall 1  multiplesounds = 1
manageDetecCall 1  multiplesounds = 1
manageDetecCall 1  multiplesounds = 1
manageDetecCall 1  multiplesounds = 1
manageDetecCall 1  multiplesounds = 1
manageDetecCall 1  multiplesounds = 1
manageDetecCall 1  multiplesounds = 1
manageDetecCall 1  multiplesounds = 1
manageDetecCall 1  multiplesounds = 1
manageDetecCall 1  multiplesounds = 1
manageDetecCall 1  multiplesounds = 1
manageDetecCall 1  multiplesounds = 1
manageDetecCall 1  multiplesounds = 1
manageDetecCall 1  multiplesounds = 1
manageDetecCall 1  multiplesounds = 1
manageDetecCall 1  multiplesounds = 1
manageDetecCall 1  multiplesounds = 1
manageDetecCall 1  multiplesounds = 1
manageDetecCall 1  multiplesounds = 1
manageDetecCall 1  multiplesounds = 1
manageDetecCall 1  multiplesounds = 1
manageDetecCall 1  multiplesounds = 1
manageDetecCall 1  multiplesounds = 1
manageDetecCall 1  multiplesounds = 1
manageDetecCall 1  multiplesounds = 1
manageDetecCall 1  multiplesounds = 1
manageDetecCall 1  multiplesounds = 1
manageDetecCall 1  multiplesounds = 1
manageDetecCall 1  multiplesounds = 1
manageDetecCall 1  multiplesounds = 1
manageDetecCall 1  multiplesounds = 1
manageDetecCall 1  multiplesounds = 1
manageDetecCall 1  multiplesounds = 1
manageDetecCall 1  multiplesounds = 1
manageDetecCall 1  multiplesounds = 1
manageDetecCall 1  multiplesounds = 1
manageDetecCall 1  multiplesounds = 1
manageDetecCall 1  multiplesounds = 1
manageDetecCall 1  multiplesounds = 1
manageDetecCall 1  multiplesounds = 1
manageDetecCall 1  multiplesounds = 1
manageDetecCall 1  multiplesounds = 1
manageDetecCall 1  multiplesounds = 1
manageDetecCall 1  multiplesounds = 1
manageDetecCall 1  multiplesounds = 1
manageDetecCall 1  multiplesounds = 1
manageDetecCall 1  multiplesounds = 1
manageDetecCall 1  multiplesounds = 1
manageDetecCall 1  multiplesounds = 1
manageDetecCall 1  multiplesounds = 1
manageDetecCall 1  multiplesounds = 1
manageDetecCall 1  multiplesounds = 1
manageDetecCall 1  multiplesounds = 1
manageDetecCall 1  multiplesounds = 1
manageDetecCall 1  multiplesounds = 1
manageDetecCall 1  multiplesounds = 1
manageDetecCall 1  multiplesounds = 1
manageDetecCall 1  multiplesounds = 1
manageDetecCall 1  multiplesounds = 1
manageDetecCall 1  multiplesounds = 1
manageDetecCall 1  multiplesounds = 1
manageDetecCall 1  multiplesounds = 1
manageDetecCall 1  multiplesounds = 1
manageDetecCall 1  multiplesounds = 1
manageDetecCall 1  multiplesounds = 1
manageDetecCall 1  multiplesounds = 1
manageDetecCall 1  multiplesounds = 1
manageDetecCall 1  multiplesounds = 1
manageDetecCall 1  multiplesounds = 1
manageDetecCall 1  multiplesounds = 1
manageDetecCall 1  multiplesounds = 1
manageDetecCall 1  multiplesounds = 1
manageDetecCall 1  multiplesounds = 1
manageDetecCall 1  multiplesounds = 1
manageDetecCall 1  multiplesounds = 1
manageDetecCall 1  multiplesounds = 1
manageDetecCall 1  multiplesounds = 1
manageDetecCall 1  multiplesounds = 1
manageDetecCall 1  multiplesounds = 1
manageDetecCall 1  multiplesounds = 1
manageDetecCall 1  multiplesounds = 1
manageDetecCall 1  multiplesounds = 1
manageDetecCall 1  multiplesounds = 1
manageDetecCall 1  multiplesounds = 1
manageDetecCall 1  multiplesounds = 1
manageDetecCall 1  multiplesounds = 1
manageDetecCall 1  multiplesounds = 1
manageDetecCall 1  multiplesounds = 1
manageDetecCall 1  multiplesounds = 1
manageDetecCall 1  multiplesounds = 1
manageDetecCall 1  multiplesounds = 1
manageDetecCall 1  multiplesounds = 1
manageDetecCall 1  multiplesounds = 1
manageDetecCall 1  multiplesounds = 1
manageDetecCall 1  multiplesounds = 1
manageDetecCall 1  multiplesounds = 1
manageDetecCall 1  multiplesounds = 1
manageDetecCall 1  multiplesounds = 1
manageDetecCall 1  multiplesounds = 1
manageDetecCall 1  multiplesounds = 1
manageDetecCall 1  multiplesounds = 1
manageDetecCall 1  multiplesounds = 1
manageDetecCall 1  multiplesounds = 1
manageDetecCall 1  multiplesounds = 1
manageDetecCall 1  multiplesounds = 1
manageDetecCall 1  multiplesounds = 1
manageDetecCall 1  multiplesounds = 1
manageDetecCall 1  multiplesounds = 1
manageDetecCall 1  multiplesounds = 1
manageDetecCall 1  multiplesounds = 1
manageDetecCall 1  multiplesounds = 1
manageDetecCall 1  multiplesounds = 1
manageDetecCall 1  multiplesounds = 1
manageDetecCall 1  multiplesounds = 1
manageDetecCall 1  multiplesounds = 1
manageDetecCall 1  multiplesounds = 1
manageDetecCall 1  multiplesounds = 1
manageDetecCall 1  multiplesounds = 1
manageDetecCall 1  multiplesounds = 1
manageDetecCall 1  multiplesounds = 1
manageDetecCall 1  multiplesounds = 1
manageDetecCall 1  multiplesounds = 1
manageDetecCall 1  multiplesounds = 1
manageDetecCall 1  multiplesounds = 1
manageDetecCall 1  multiplesounds = 1
manageDetecCall 1  multiplesounds = 1
manageDetecCall 1  multiplesounds = 1
manageDetecCall 1  multiplesounds = 1
manageDetecCall 1  multiplesounds = 1
manageDetecCall 1  multiplesounds = 1
manageDetecCall 1  multiplesounds = 1
manageDetecCall 1  multiplesounds = 1
manageDetecCall 1  multiplesounds = 1
manageDetecCall 1  multiplesounds = 1
manageDetecCall 1  multiplesounds = 1
manageDetecCall 1  multiplesounds = 1
manageDetecCall 1  multiplesounds = 1
manageDetecCall 1  multiplesounds = 1
manageDetecCall 1  multiplesounds = 1
manageDetecCall 1  multiplesounds = 1
manageDetecCall 1  multiplesounds = 1
manageDetecCall 1  multiplesounds = 1
manageDetecCall 1  multiplesounds = 1
manageDetecCall 1  multiplesounds = 1
manageDetecCall 1  multiplesounds = 1
manageDetecCall 1  multiplesounds = 1
manageDetecCall 1  multiplesounds = 1
manageDetecCall 1  multiplesounds = 1
manageDetecCall 1  multiplesounds = 1
manageDetecCall 1  multiplesounds = 1
manageDetecCall 1  multiplesounds = 1
manageDetecCall 1  multiplesounds = 1
manageDetecCall 1  multiplesounds = 1
manageDetecCall 1  multiplesounds = 1
manageDetecCall 1  multiplesounds = 1
manageDetecCall 1  multiplesounds = 1
manageDetecCall 1  multiplesounds = 1
manageDetecCall 1  multiplesounds = 1
manageDetecCall 1  multiplesounds = 1
manageDetecCall 1  multiplesounds = 1
manageDetecCall 1  multiplesounds = 1
manageDetecCall 1  multiplesounds = 1
manageDetecCall 1  multiplesounds = 1
manageDetecCall 1  multiplesounds = 1
manageDetecCall 1  multiplesounds = 1
manageDetecCall 1  multiplesounds = 1
manageDetecCall 1  multiplesounds = 1
manageDetecCall 1  multiplesounds = 1
manageDetecCall 1  multiplesounds = 1
manageDetecCall 1  multiplesounds = 1
manageDetecCall 1  multiplesounds = 1
manageDetecCall 1  multiplesounds = 1
manageDetecCall 1  multiplesounds = 1
manageDetecCall 1  multiplesounds = 1
manageDetecCall 1  multiplesounds = 1
manageDetecCall 1  multiplesounds = 1
manageDetecCall 1  multiplesounds = 1
manageDetecCall 1  multiplesounds = 1
manageDetecCall 1  multiplesounds = 1
manageDetecCall 1  multiplesounds = 1
manageDetecCall 1  multiplesounds = 1
manageDetecCall 1  multiplesounds = 1
manageDetecCall 1  multiplesounds = 1
manageDetecCall 1  multiplesounds = 1
manageDetecCall 1  multiplesounds = 1
manageDetecCall 1  multiplesounds = 1
manageDetecCall 1  multiplesounds = 1
manageDetecCall 1  multiplesounds = 1
manageDetecCall 1  multiplesounds = 1
manageDetecCall 1  multiplesounds = 1
manageDetecCall 1  multiplesounds = 1
manageDetecCall 1  multiplesounds = 1
manageDetecCall 1  multiplesounds = 1
manageDetecCall 1  multiplesounds = 1
manageDetecCall 1  multiplesounds = 1
manageDetecCall 1  multiplesounds = 1
manageDetecCall 1  multiplesounds = 1
manageDetecCall 1  multiplesounds = 1
manageDetecCall 1  multiplesounds = 1
manageDetecCall 1  multiplesounds = 1
manageDetecCall 1  multiplesounds = 1
manageDetecCall 1  multiplesounds = 1
manageDetecCall 1  multiplesounds = 1
manageDetecCall 1  multiplesounds = 1
manageDetecCall 1  multiplesounds = 1
manageDetecCall 1  multiplesounds = 1
manageDetecCall 1  multiplesounds = 1
manageDetecCall 1  multiplesounds = 1
manageDetecCall 1  multiplesounds = 1
manageDetecCall 1  multiplesounds = 1
manageDetecCall 1  multiplesounds = 1
manageDetecCall 1  multiplesounds = 1
manageDetecCall 1  multiplesounds = 1
manageDetecCall 1  multiplesounds = 1
manageDetecCall 1  multiplesounds = 1
manageDetecCall 1  multiplesounds = 1
manageDetecCall 1  multiplesounds = 1
manageDetecCall 1  multiplesounds = 1
manageDetecCall 1  multiplesounds = 1
manageDetecCall 1  multiplesounds = 1
manageDetecCall 1  multiplesounds = 1
manageDetecCall 1  multiplesounds = 1
manageDetecCall 1  multiplesounds = 1
manageDetecCall 1  multiplesounds = 1
manageDetecCall 1  multiplesounds = 1
manageDetecCall 1  multiplesounds = 1
manageDetecCall 1  multiplesounds = 1
manageDetecCall 1  multiplesounds = 1
manageDetecCall 1  multiplesounds = 1
manageDetecCall 1  multiplesounds = 1
manageDetecCall 1  multiplesounds = 1
manageDetecCall 1  multiplesounds = 1
manageDetecCall 1  multiplesounds = 1
manageDetecCall 1  multiplesounds = 1
manageDetecCall 1  multiplesounds = 1
manageDetecCall 1  multiplesounds = 1
manageDetecCall 1  multiplesounds = 1
manageDetecCall 1  multiplesounds = 1
manageDetecCall 1  multiplesounds = 1
manageDetecCall 1  multiplesounds = 1
manageDetecCall 1  multiplesounds = 1
manageDetecCall 1  multiplesounds = 1
manageDetecCall 1  multiplesounds = 1
manageDetecCall 1  multiplesounds = 1
manageDetecCall 1  multiplesounds = 1
manageDetecCall 1  multiplesounds = 1
manageDetecCall 1  multiplesounds = 1
manageDetecCall 1  multiplesounds = 1
manageDetecCall 1  multiplesounds = 1
manageDetecCall 1  multiplesounds = 1
manageDetecCall 1  multiplesounds = 1
manageDetecCall 1  multiplesounds = 1
manageDetecCall 1  multiplesounds = 1
manageDetecCall 1  multiplesounds = 1
manageDetecCall 1  multiplesounds = 1
manageDetecCall 1  multiplesounds = 1
manageDetecCall 1  multiplesounds = 1
manageDetecCall 1  multiplesounds = 1
manageDetecCall 1  multiplesounds = 1
manageDetecCall 1  multiplesounds = 1
manageDetecCall 1  multiplesounds = 1
manageDetecCall 1  multiplesounds = 1
manageDetecCall 1  multiplesounds = 1
manageDetecCall 1  multiplesounds = 1
manageDetecCall 1  multiplesounds = 1
manageDetecCall 1  multiplesounds = 1
manageDetecCall 1  multiplesounds = 1
manageDetecCall 1  multiplesounds = 1
manageDetecCall 1  multiplesounds = 1
manageDetecCall 1  multiplesounds = 1
manageDetecCall 1  multiplesounds = 1
manageDetecCall 1  multiplesounds = 1
manageDetecCall 1  multiplesounds = 1
manageDetecCall 1  multiplesounds = 1
manageDetecCall 1  multiplesounds = 1
manageDetecCall 1  multiplesounds = 1
manageDetecCall 1  multiplesounds = 1
manageDetecCall 1  multiplesounds = 1
manageDetecCall 1  multiplesounds = 1
manageDetecCall 1  multiplesounds = 1
manageDetecCall 1  multiplesounds = 1
manageDetecCall 1  multiplesounds = 1
manageDetecCall 1  multiplesounds = 1
manageDetecCall 1  multiplesounds = 1
manageDetecCall 1  multiplesounds = 1
manageDetecCall 1  multiplesounds = 1
manageDetecCall 1  multiplesounds = 1
manageDetecCall 1  multiplesounds = 1
manageDetecCall 1  multiplesounds = 1
manageDetecCall 1  multiplesounds = 1
manageDetecCall 1  multiplesounds = 1
manageDetecCall 1  multiplesounds = 1
manageDetecCall 1  multiplesounds = 1
manageDetecCall 1  multiplesounds = 1
manageDetecCall 1  multiplesounds = 1
manageDetecCall 1  multiplesounds = 1
manageDetecCall 1  multiplesounds = 1
manageDetecCall 1  multiplesounds = 1
manageDetecCall 1  multiplesounds = 1
manageDetecCall 1  multiplesounds = 1
manageDetecCall 1  multiplesounds = 1
manageDetecCall 1  multiplesounds = 1
manageDetecCall 1  multiplesounds = 1
manageDetecCall 1  multiplesounds = 1
manageDetecCall 1  multiplesounds = 1
manageDetecCall 1  multiplesounds = 1
manageDetecCall 1  multiplesounds = 1
manageDetecCall 1  multiplesounds = 1
manageDetecCall 1  multiplesounds = 1
manageDetecCall 1  multiplesounds = 1
manageDetecCall 1  multiplesounds = 1
manageDetecCall 1  multiplesounds = 1
manageDetecCall 1  multiplesounds = 1
manageDetecCall 1  multiplesounds = 1
manageDetecCall 1  multiplesounds = 1
manageDetecCall 1  multiplesounds = 1
manageDetecCall 1  multiplesounds = 1
manageDetecCall 1  multiplesounds = 1
manageDetecCall 1  multiplesounds = 1
manageDetecCall 1  multiplesounds = 1
manageDetecCall 1  multiplesounds = 1
manageDetecCall 1  multiplesounds = 1
manageDetecCall 1  multiplesounds = 1
manageDetecCall 1  multiplesounds = 1
manageDetecCall 1  multiplesounds = 1
manageDetecCall 1  multiplesounds = 1
manageDetecCall 1  multiplesounds = 1
manageDetecCall 1  multiplesounds = 1
manageDetecCall 1  multiplesounds = 1
manageDetecCall 1  multiplesounds = 1
manageDetecCall 1  multiplesounds = 1
manageDetecCall 1  multiplesounds = 1
manageDetecCall 1  multiplesounds = 1
manageDetecCall 1  multiplesounds = 1
manageDetecCall 1  multiplesounds = 1
manageDetecCall 1  multiplesounds = 1
manageDetecCall 1  multiplesounds = 1
manageDetecCall 1  multiplesounds = 1
manageDetecCall 1  multiplesounds = 1
manageDetecCall 1  multiplesounds = 1
manageDetecCall 1  multiplesounds = 1
manageDetecCall 1  multiplesounds = 1
manageDetecCall 1  multiplesounds = 1
manageDetecCall 1  multiplesounds = 1
manageDetecCall 1  multiplesounds = 1
manageDetecCall 1  multiplesounds = 1
manageDetecCall 1  multiplesounds = 1
manageDetecCall 1  multiplesounds = 1
manageDetecCall 1  multiplesounds = 1
manageDetecCall 1  multiplesounds = 1
manageDetecCall 1  multiplesounds = 1
manageDetecCall 1  multiplesounds = 1
manageDetecCall 1  multiplesounds = 1
manageDetecCall 1  multiplesounds = 1
manageDetecCall 1  multiplesounds = 1
manageDetecCall 1  multiplesounds = 1
manageDetecCall 1  multiplesounds = 1
manageDetecCall 1  multiplesounds = 1
manageDetecCall 1  multiplesounds = 1
manageDetecCall 1  multiplesounds = 1
manageDetecCall 1  multiplesounds = 1
manageDetecCall 1  multiplesounds = 1
manageDetecCall 1  multiplesounds = 1
manageDetecCall 1  multiplesounds = 1
manageDetecCall 1  multiplesounds = 1
manageDetecCall 1  multiplesounds = 1
manageDetecCall 1  multiplesounds = 1
manageDetecCall 1  multiplesounds = 1
manageDetecCall 1  multiplesounds = 1
manageDetecCall 1  multiplesounds = 1
manageDetecCall 1  multiplesounds = 1
manageDetecCall 1  multiplesounds = 1
manageDetecCall 1  multiplesounds = 1
manageDetecCall 1  multiplesounds = 1
manageDetecCall 1  multiplesounds = 1
manageDetecCall 1  multiplesounds = 1
manageDetecCall 1  multiplesounds = 1
manageDetecCall 1  multiplesounds = 1
manageDetecCall 1  multiplesounds = 1
manageDetecCall 1  multiplesounds = 1
manageDetecCall 1  multiplesounds = 1
manageDetecCall 1  multiplesounds = 1
manageDetecCall 1  multiplesounds = 1
manageDetecCall 1  multiplesounds = 1
manageDetecCall 1  multiplesounds = 1
manageDetecCall 1  multiplesounds = 1
manageDetecCall 1  multiplesounds = 1
manageDetecCall 1  multiplesounds = 1
manageDetecCall 1  multiplesounds = 1
manageDetecCall 1  multiplesounds = 1
manageDetecCall 1  multiplesounds = 1
manageDetecCall 1  multiplesounds = 1
manageDetecCall 1  multiplesounds = 1
manageDetecCall 1  multiplesounds = 1
manageDetecCall 1  multiplesounds = 1
manageDetecCall 1  multiplesounds = 1
manageDetecCall 1  multiplesounds = 1
manageDetecCall 1  multiplesounds = 1
manageDetecCall 1  multiplesounds = 1
manageDetecCall 1  multiplesounds = 1
manageDetecCall 1  multiplesounds = 1
manageDetecCall 1  multiplesounds = 1
manageDetecCall 1  multiplesounds = 1
manageDetecCall 1  multiplesounds = 1
manageDetecCall 1  multiplesounds = 1
manageDetecCall 1  multiplesounds = 1
manageDetecCall 1  multiplesounds = 1
manageDetecCall 1  multiplesounds = 1
manageDetecCall 1  multiplesounds = 1
manageDetecCall 1  multiplesounds = 1
manageDetecCall 1  multiplesounds = 1
manageDetecCall 1  multiplesounds = 1
manageDetecCall 1  multiplesounds = 1
manageDetecCall 1  multiplesounds = 1
manageDetecCall 1  multiplesounds = 1
manageDetecCall 1  multiplesounds = 1
manageDetecCall 1  multiplesounds = 1
manageDetecCall 1  multiplesounds = 1
manageDetecCall 1  multiplesounds = 1
manageDetecCall 1  multiplesounds = 1
manageDetecCall 1  multiplesounds = 1
manageDetecCall 1  multiplesounds = 1
manageDetecCall 1  multiplesounds = 1
manageDetecCall 1  multiplesounds = 1
manageDetecCall 1  multiplesounds = 1
manageDetecCall 1  multiplesounds = 1
manageDetecCall 1  multiplesounds = 1
manageDetecCall 1  multiplesounds = 1
manageDetecCall 1  multiplesounds = 1
manageDetecCall 1  multiplesounds = 1
manageDetecCall 1  multiplesounds = 1
manageDetecCall 1  multiplesounds = 1
manageDetecCall 1  multiplesounds = 1
manageDetecCall 1  multiplesounds = 1
manageDetecCall 1  multiplesounds = 1
manageDetecCall 1  multiplesounds = 1
manageDetecCall 1  multiplesounds = 1
manageDetecCall 1  multiplesounds = 1
manageDetecCall 1  multiplesounds = 1
manageDetecCall 1  multiplesounds = 1
manageDetecCall 1  multiplesounds = 1
manageDetecCall 1  multiplesounds = 1
manageDetecCall 1  multiplesounds = 1
manageDetecCall 1  multiplesounds = 1
manageDetecCall 1  multiplesounds = 1
manageDetecCall 1  multiplesounds = 1
manageDetecCall 1  multiplesounds = 1
manageDetecCall 1  multiplesounds = 1
manageDetecCall 1  multiplesounds = 1
manageDetecCall 1  multiplesounds = 1
manageDetecCall 1  multiplesounds = 1
manageDetecCall 1  multiplesounds = 1
manageDetecCall 1  multiplesounds = 1
manageDetecCall 1  multiplesounds = 1
manageDetecCall 1  multiplesounds = 1
manageDetecCall 1  multiplesounds = 1
manageDetecCall 1  multiplesounds = 1
manageDetecCall 1  multiplesounds = 1
manageDetecCall 1  multiplesounds = 1
manageDetecCall 1  multiplesounds = 1
manageDetecCall 1  multiplesounds = 1
manageDetecCall 1  multiplesounds = 1
manageDetecCall 1  multiplesounds = 1
manageDetecCall 1  multiplesounds = 1
manageDetecCall 1  multiplesounds = 1
manageDetecCall 1  multiplesounds = 1
manageDetecCall 1  multiplesounds = 1
manageDetecCall 1  multiplesounds = 1
manageDetecCall 1  multiplesounds = 1
manageDetecCall 1  multiplesounds = 1
manageDetecCall 1  multiplesounds = 1
manageDetecCall 1  multiplesounds = 1
manageDetecCall 1  multiplesounds = 1
manageDetecCall 1  multiplesounds = 1
manageDetecCall 1  multiplesounds = 1
manageDetecCall 1  multiplesounds = 1
manageDetecCall 1  multiplesounds = 1
manageDetecCall 1  multiplesounds = 1
manageDetecCall 1  multiplesounds = 1
manageDetecCall 1  multiplesounds = 1
manageDetecCall 1  multiplesounds = 1
manageDetecCall 1  multiplesounds = 1
manageDetecCall 1  multiplesounds = 1
manageDetecCall 1  multiplesounds = 1
manageDetecCall 1  multiplesounds = 1
manageDetecCall 1  multiplesounds = 1
manageDetecCall 1  multiplesounds = 1
manageDetecCall 1  multiplesounds = 1
manageDetecCall 1  multiplesounds = 1
manageDetecCall 1  multiplesounds = 1
manageDetecCall 1  multiplesounds = 1
manageDetecCall 1  multiplesounds = 1
manageDetecCall 1  multiplesounds = 1
manageDetecCall 1  multiplesounds = 1
manageDetecCall 1  multiplesounds = 1
manageDetecCall 1  multiplesounds = 1
manageDetecCall 1  multiplesounds = 1
manageDetecCall 1  multiplesounds = 1
manageDetecCall 1  multiplesounds = 1
manageDetecCall 1  multiplesounds = 1
manageDetecCall 1  multiplesounds = 1
manageDetecCall 1  multiplesounds = 1
manageDetecCall 1  multiplesounds = 1
manageDetecCall 1  multiplesounds = 1
manageDetecCall 1  multiplesounds = 1
manageDetecCall 1  multiplesounds = 1
manageDetecCall 1  multiplesounds = 1
manageDetecCall 1  multiplesounds = 1
manageDetecCall 1  multiplesounds = 1
manageDetecCall 1  multiplesounds = 1
manageDetecCall 1  multiplesounds = 1
manageDetecCall 1  multiplesounds = 1
manageDetecCall 1  multiplesounds = 1
manageDetecCall 1  multiplesounds = 1
manageDetecCall 1  multiplesounds = 1
manageDetecCall 1  multiplesounds = 1
manageDetecCall 1  multiplesounds = 1
manageDetecCall 1  multiplesounds = 1
manageDetecCall 1  multiplesounds = 1
manageDetecCall 1  multiplesounds = 1
manageDetecCall 1  multiplesounds = 1
manageDetecCall 1  multiplesounds = 1
manageDetecCall 1  multiplesounds = 1
manageDetecCall 1  multiplesounds = 1
manageDetecCall 1  multiplesounds = 1
manageDetecCall 1  multiplesounds = 1
manageDetecCall 1  multiplesounds = 1
manageDetecCall 1  multiplesounds = 1
manageDetecCall 1  multiplesounds = 1
manageDetecCall 1  multiplesounds = 1
manageDetecCall 1  multiplesounds = 1
manageDetecCall 1  multiplesounds = 1
manageDetecCall 1  multiplesounds = 1
manageDetecCall 1  multiplesounds = 1
manageDetecCall 1  multiplesounds = 1
manageDetecCall 1  multiplesounds = 1
manageDetecCall 1  multiplesounds = 1
manageDetecCall 1  multiplesounds = 1
manageDetecCall 1  multiplesounds = 1
manageDetecCall 1  multiplesounds = 1
manageDetecCall 1  multiplesounds = 1
manageDetecCall 1  multiplesounds = 1
manageDetecCall 1  multiplesounds = 1
manageDetecCall 1  multiplesounds = 1
manageDetecCall 1  multiplesounds = 1
manageDetecCall 1  multiplesounds = 1
manageDetecCall 1  multiplesounds = 1
manageDetecCall 1  multiplesounds = 1
manageDetecCall 1  multiplesounds = 1
manageDetecCall 1  multiplesounds = 1
manageDetecCall 1  multiplesounds = 1
manageDetecCall 1  multiplesounds = 1
manageDetecCall 1  multiplesounds = 1
manageDetecCall 1  multiplesounds = 1
manageDetecCall 1  multiplesounds = 1
manageDetecCall 1  multiplesounds = 1
manageDetecCall 1  multiplesounds = 1
manageDetecCall 1  multiplesounds = 1
manageDetecCall 1  multiplesounds = 1
manageDetecCall 1  multiplesounds = 1
manageDetecCall 1  multiplesounds = 1
manageDetecCall 1  multiplesounds = 1
manageDetecCall 1  multiplesounds = 1
manageDetecCall 1  multiplesounds = 1
manageDetecCall 1  multiplesounds = 1
manageDetecCall 1  multiplesounds = 1
manageDetecCall 1  multiplesounds = 1
manageDetecCall 1  multiplesounds = 1
manageDetecCall 1  multiplesounds = 1
manageDetecCall 1  multiplesounds = 1
manageDetecCall 1  multiplesounds = 1
manageDetecCall 1  multiplesounds = 1
manageDetecCall 1  multiplesounds = 1
manageDetecCall 1  multiplesounds = 1
manageDetecCall 1  multiplesounds = 1
manageDetecCall 1  multiplesounds = 1
manageDetecCall 1  multiplesounds = 1
manageDetecCall 1  multiplesounds = 1
manageDetecCall 1  multiplesounds = 1
manageDetecCall 1  multiplesounds = 1
manageDetecCall 1  multiplesounds = 1
manageDetecCall 1  multiplesounds = 1
manageDetecCall 1  multiplesounds = 1
manageDetecCall 1  multiplesounds = 1
manageDetecCall 1  multiplesounds = 1
manageDetecCall 1  multiplesounds = 1
manageDetecCall 1  multiplesounds = 1
manageDetecCall 1  multiplesounds = 1
manageDetecCall 1  multiplesounds = 1
manageDetecCall 1  multiplesounds = 1
manageDetecCall 1  multiplesounds = 1
manageDetecCall 1  multiplesounds = 1
manageDetecCall 1  multiplesounds = 1
manageDetecCall 1  multiplesounds = 1
manageDetecCall 1  multiplesounds = 1
manageDetecCall 1  multiplesounds = 1
manageDetecCall 1  multiplesounds = 1
manageDetecCall 1  multiplesounds = 1
manageDetecCall 1  multiplesounds = 1
manageDetecCall 1  multiplesounds = 1
manageDetecCall 1  multiplesounds = 1
manageDetecCall 1  multiplesounds = 1
manageDetecCall 1  multiplesounds = 1
manageDetecCall 1  multiplesounds = 1
manageDetecCall 1  multiplesounds = 1
manageDetecCall 1  multiplesounds = 1
manageDetecCall 1  multiplesounds = 1
manageDetecCall 1  multiplesounds = 1
manageDetecCall 1  multiplesounds = 1
manageDetecCall 1  multiplesounds = 1
manageDetecCall 1  multiplesounds = 1
manageDetecCall 1  multiplesounds = 1
manageDetecCall 1  multiplesounds = 1
manageDetecCall 1  multiplesounds = 1
manageDetecCall 1  multiplesounds = 1
manageDetecCall 1  multiplesounds = 1
manageDetecCall 1  multiplesounds = 1
manageDetecCall 1  multiplesounds = 1
manageDetecCall 1  multiplesounds = 1
manageDetecCall 1  multiplesounds = 1
manageDetecCall 1  multiplesounds = 1
manageDetecCall 1  multiplesounds = 1
manageDetecCall 1  multiplesounds = 1
manageDetecCall 1  multiplesounds = 1
manageDetecCall 1  multiplesounds = 1
manageDetecCall 1  multiplesounds = 1
manageDetecCall 1  multiplesounds = 1
manageDetecCall 1  multiplesounds = 1
manageDetecCall 1  multiplesounds = 1
manageDetecCall 1  multiplesounds = 1
manageDetecCall 1  multiplesounds = 1
manageDetecCall 1  multiplesounds = 1
manageDetecCall 1  multiplesounds = 1
manageDetecCall 1  multiplesounds = 1
manageDetecCall 1  multiplesounds = 1
manageDetecCall 1  multiplesounds = 1
manageDetecCall 1  multiplesounds = 1
manageDetecCall 1  multiplesounds = 1
manageDetecCall 1  multiplesounds = 1
manageDetecCall 1  multiplesounds = 1
manageDetecCall 1  multiplesounds = 1
manageDetecCall 1  multiplesounds = 1
manageDetecCall 1  multiplesounds = 1
manageDetecCall 1  multiplesounds = 1
manageDetecCall 1  multiplesounds = 1
manageDetecCall 1  multiplesounds = 1
manageDetecCall 1  multiplesounds = 1
manageDetecCall 1  multiplesounds = 1
manageDetecCall 1  multiplesounds = 1
manageDetecCall 1  multiplesounds = 1
manageDetecCall 1  multiplesounds = 1
manageDetecCall 1  multiplesounds = 1
manageDetecCall 1  multiplesounds = 1
manageDetecCall 1  multiplesounds = 1
manageDetecCall 1  multiplesounds = 1
manageDetecCall 1  multiplesounds = 1
manageDetecCall 1  multiplesounds = 1
manageDetecCall 1  multiplesounds = 1
manageDetecCall 1  multiplesounds = 1
manageDetecCall 1  multiplesounds = 1
manageDetecCall 1  multiplesounds = 1
manageDetecCall 1  multiplesounds = 1
manageDetecCall 1  multiplesounds = 1
manageDetecCall 1  multiplesounds = 1
manageDetecCall 1  multiplesounds = 1
manageDetecCall 1  multiplesounds = 1
manageDetecCall 1  multiplesounds = 1
manageDetecCall 1  multiplesounds = 1
manageDetecCall 1  multiplesounds = 1
manageDetecCall 1  multiplesounds = 1
manageDetecCall 1  multiplesounds = 1
manageDetecCall 1  multiplesounds = 1
15:18:36:047
avant appelreadautoident
managedeteccall 2 :  multiplesounds = 1
apres appelreadautoident - as=
